<?xml version="1.0" encoding="UTF-8"?>
<testng-results skipped="0" failed="18" ignored="0" total="133" passed="115">
  <reporter-output>
  </reporter-output>
  <suite name="Discovery" duration-ms="2606925" started-at="2019-07-29T15:04:36Z" finished-at="2019-07-29T15:48:03Z">
    <groups>
    </groups>
    <test name="DeliveryOption" duration-ms="338811" started-at="2019-07-29T15:04:36Z" finished-at="2019-07-29T15:10:15Z">
      <class name="DeliveryOption.Onloan">
        <test-method status="PASS" signature="onloan()[pri:0, instance:DeliveryOption.Onloan@b7f003]" name="onloan" duration-ms="7960" started-at="2019-07-29T15:08:56Z" finished-at="2019-07-29T15:09:04Z">
          <reporter-output>
          </reporter-output>
        </test-method> <!-- onloan -->
      </class> <!-- DeliveryOption.Onloan -->
      <class name="DeliveryOption.TooLargeToCopySurrogate">
        <test-method status="PASS" signature="tooLargeToCopySurrogate()[pri:0, instance:DeliveryOption.TooLargeToCopySurrogate@1758f2a]" name="tooLargeToCopySurrogate" duration-ms="14682" started-at="2019-07-29T15:09:42Z" finished-at="2019-07-29T15:09:57Z">
          <reporter-output>
          </reporter-output>
        </test-method> <!-- tooLargeToCopySurrogate -->
      </class> <!-- DeliveryOption.TooLargeToCopySurrogate -->
      <class name="DeliveryOption.ClosedRetainedDeptKnown">
        <test-method status="PASS" signature="closedRetainedDeptKnown()[pri:0, instance:DeliveryOption.ClosedRetainedDeptKnown@f41634]" name="closedRetainedDeptKnown" duration-ms="7990" started-at="2019-07-29T15:05:20Z" finished-at="2019-07-29T15:05:28Z">
          <reporter-output>
          </reporter-output>
        </test-method> <!-- closedRetainedDeptKnown -->
      </class> <!-- DeliveryOption.ClosedRetainedDeptKnown -->
      <class name="DeliveryOption.AccessUnderReview">
        <test-method status="PASS" signature="accessUnderReview()[pri:0, instance:DeliveryOption.AccessUnderReview@c8afef]" name="accessUnderReview" duration-ms="8448" started-at="2019-07-29T15:04:50Z" finished-at="2019-07-29T15:04:58Z">
          <reporter-output>
          </reporter-output>
        </test-method> <!-- accessUnderReview -->
      </class> <!-- DeliveryOption.AccessUnderReview -->
      <class name="DeliveryOption.TooLargeToCopyOriginal">
        <test-method status="PASS" signature="tooLargeToCopyOriginal()[pri:0, instance:DeliveryOption.TooLargeToCopyOriginal@12679d6]" name="tooLargeToCopyOriginal" duration-ms="8156" started-at="2019-07-29T15:09:34Z" finished-at="2019-07-29T15:09:42Z">
          <reporter-output>
          </reporter-output>
        </test-method> <!-- tooLargeToCopyOriginal -->
      </class> <!-- DeliveryOption.TooLargeToCopyOriginal -->
      <class name="DeliveryOption.AV_Media">
        <test-method status="PASS" signature="AV_Media()[pri:0, instance:DeliveryOption.AV_Media@169c6ba]" name="AV_Media" duration-ms="11733" started-at="2019-07-29T15:04:58Z" finished-at="2019-07-29T15:05:10Z">
          <reporter-output>
          </reporter-output>
        </test-method> <!-- AV_Media -->
      </class> <!-- DeliveryOption.AV_Media -->
      <class name="DeliveryOption.FileAuthority">
        <test-method status="PASS" signature="fileAuthority()[pri:0, instance:DeliveryOption.FileAuthority@1f99a05]" name="fileAuthority" duration-ms="13398" started-at="2019-07-29T15:07:10Z" finished-at="2019-07-29T15:07:23Z">
          <reporter-output>
          </reporter-output>
        </test-method> <!-- fileAuthority -->
      </class> <!-- DeliveryOption.FileAuthority -->
      <class name="DeliveryOption.LocalArchive">
        <test-method status="PASS" signature="localArchive()[pri:0, instance:DeliveryOption.LocalArchive@13167f4]" name="localArchive" duration-ms="8198" started-at="2019-07-29T15:08:20Z" finished-at="2019-07-29T15:08:28Z">
          <reporter-output>
          </reporter-output>
        </test-method> <!-- localArchive -->
      </class> <!-- DeliveryOption.LocalArchive -->
      <class name="DeliveryOption.Surrogate">
        <test-method status="PASS" signature="surrogate()[pri:0, instance:DeliveryOption.Surrogate@60b431]" name="surrogate" duration-ms="11355" started-at="2019-07-29T15:09:22Z" finished-at="2019-07-29T15:09:34Z">
          <reporter-output>
          </reporter-output>
        </test-method> <!-- surrogate -->
      </class> <!-- DeliveryOption.Surrogate -->
      <class name="DeliveryOption.InUse">
        <test-method status="PASS" signature="inUse()[pri:0, instance:DeliveryOption.InUse@eaafa6]" name="inUse" duration-ms="14605" started-at="2019-07-29T15:07:31Z" finished-at="2019-07-29T15:07:46Z">
          <reporter-output>
          </reporter-output>
        </test-method> <!-- inUse -->
      </class> <!-- DeliveryOption.InUse -->
      <class name="DeliveryOption.DigitizedAvailableButNotDownloadableAtPieceLevel">
        <test-method status="PASS" signature="digitizedAvailableButNotDownlodableAtPieceLevel()[pri:0, instance:DeliveryOption.DigitizedAvailableButNotDownloadableAtPieceLevel@1ed828d]" name="digitizedAvailableButNotDownlodableAtPieceLevel" duration-ms="8375" started-at="2019-07-29T15:05:55Z" finished-at="2019-07-29T15:06:03Z">
          <reporter-output>
          </reporter-output>
        </test-method> <!-- digitizedAvailableButNotDownlodableAtPieceLevel -->
      </class> <!-- DeliveryOption.DigitizedAvailableButNotDownloadableAtPieceLevel -->
      <class name="DeliveryOption.PaidSearch">
        <test-method status="PASS" signature="paidSearch()[pri:0, instance:DeliveryOption.PaidSearch@12fc6eb]" name="paidSearch" duration-ms="10317" started-at="2019-07-29T15:09:12Z" finished-at="2019-07-29T15:09:22Z">
          <reporter-output>
          </reporter-output>
        </test-method> <!-- paidSearch -->
      </class> <!-- DeliveryOption.PaidSearch -->
      <class name="DeliveryOption.ClosedFOIReview">
        <test-method status="PASS" signature="closedFoiReview()[pri:0, instance:DeliveryOption.ClosedFOIReview@daef40]" name="closedFoiReview" duration-ms="9794" started-at="2019-07-29T15:05:10Z" finished-at="2019-07-29T15:05:20Z">
          <reporter-output>
          </reporter-output>
        </test-method> <!-- closedFoiReview -->
      </class> <!-- DeliveryOption.ClosedFOIReview -->
      <class name="DeliveryOption.ClosedRetainedDeptUnKnown">
        <test-method status="PASS" signature="closedRetainedDeptUnKnown()[pri:0, instance:DeliveryOption.ClosedRetainedDeptUnKnown@1c27452]" name="closedRetainedDeptUnKnown" duration-ms="7949" started-at="2019-07-29T15:05:28Z" finished-at="2019-07-29T15:05:36Z">
          <reporter-output>
          </reporter-output>
        </test-method> <!-- closedRetainedDeptUnKnown -->
      </class> <!-- DeliveryOption.ClosedRetainedDeptUnKnown -->
      <class name="DeliveryOption.Collectioncare">
        <test-method status="PASS" signature="collectionCare()[pri:0, instance:DeliveryOption.Collectioncare@2b2c86]" name="collectionCare" duration-ms="11103" started-at="2019-07-29T15:05:36Z" finished-at="2019-07-29T15:05:47Z">
          <reporter-output>
          </reporter-output>
        </test-method> <!-- collectionCare -->
      </class> <!-- DeliveryOption.Collectioncare -->
      <class name="DeliveryOption.Unfit">
        <test-method status="PASS" signature="unfit()[pri:0, instance:DeliveryOption.Unfit@126f7b2]" name="unfit" duration-ms="11356" started-at="2019-07-29T15:10:04Z" finished-at="2019-07-29T15:10:15Z">
          <reporter-output>
          </reporter-output>
        </test-method> <!-- unfit -->
      </class> <!-- DeliveryOption.Unfit -->
      <class name="DeliveryOption.UnAvailable">
        <test-method status="PASS" signature="unAvailable()[pri:0, instance:DeliveryOption.UnAvailable@720b71]" name="unAvailable" duration-ms="7138" started-at="2019-07-29T15:09:57Z" finished-at="2019-07-29T15:10:04Z">
          <reporter-output>
          </reporter-output>
        </test-method> <!-- unAvailable -->
      </class> <!-- DeliveryOption.UnAvailable -->
      <class name="DeliveryOption.AcademicSubscription">
        <test-method status="PASS" signature="academicSubscription()[pri:0, instance:DeliveryOption.AcademicSubscription@27f723]" name="academicSubscription" duration-ms="13350" started-at="2019-07-29T15:04:36Z" finished-at="2019-07-29T15:04:50Z">
          <reporter-output>
          </reporter-output>
        </test-method> <!-- academicSubscription -->
      </class> <!-- DeliveryOption.AcademicSubscription -->
      <class name="DeliveryOption.InvigilationSafeRoom">
        <test-method status="FAIL" signature="invigilationSafeRoom()[pri:0, instance:DeliveryOption.InvigilationSafeRoom@a3e297]" name="invigilationSafeRoom" duration-ms="34342" started-at="2019-07-29T15:07:46Z" finished-at="2019-07-29T15:08:20Z">
          <exception class="org.openqa.selenium.NoSuchElementException">
            <message>
              <![CDATA[no such element: Unable to locate element: {"method":"xpath","selector":"(//a[@class='discoveryPrimaryCallToActionLink'])[5]"}
  (Session info: chrome=75.0.3770.142)
  (Driver info: chromedriver=2.36.540470 (e522d04694c7ebea4ba8821272dbef4f9b818c91),platform=Windows NT 10.0.14393 x86_64) (WARNING: The server did not provide any stacktrace information)
Command duration or timeout: 0 milliseconds
For documentation on this error, please visit: http://seleniumhq.org/exceptions/no_such_element.html
Build info: version: '3.14.0', revision: 'aacccce0', time: '2018-08-02T20:05:20.749Z'
System info: host: 'EC2AMAZ-UMIME9S', ip: '10.128.2.115', os.name: 'Windows Server 2016', os.arch: 'x86', os.version: '10.0', java.version: '1.8.0_201'
Driver info: org.openqa.selenium.chrome.ChromeDriver
Capabilities {acceptInsecureCerts: false, acceptSslCerts: false, applicationCacheEnabled: false, browserConnectionEnabled: false, browserName: chrome, chrome: {chromedriverVersion: 2.36.540470 (e522d04694c7eb..., userDataDir: C:\Users\ADMINI~1\AppData\L...}, cssSelectorsEnabled: true, databaseEnabled: false, handlesAlerts: true, hasTouchScreen: false, javascriptEnabled: true, locationContextEnabled: true, mobileEmulationEnabled: false, nativeEvents: true, networkConnectionEnabled: false, pageLoadStrategy: normal, platform: XP, platformName: XP, rotatable: false, setWindowRect: true, takesHeapSnapshot: true, takesScreenshot: true, unexpectedAlertBehaviour: , unhandledPromptBehavior: , version: 75.0.3770.142, webStorageEnabled: true}
Session ID: 5d056232848a854c965d567909e9d208
*** Element info: {Using=xpath, value=(//a[@class='discoveryPrimaryCallToActionLink'])[5]}]]>
            </message>
            <full-stacktrace>
              <![CDATA[org.openqa.selenium.NoSuchElementException: no such element: Unable to locate element: {"method":"xpath","selector":"(//a[@class='discoveryPrimaryCallToActionLink'])[5]"}
  (Session info: chrome=75.0.3770.142)
  (Driver info: chromedriver=2.36.540470 (e522d04694c7ebea4ba8821272dbef4f9b818c91),platform=Windows NT 10.0.14393 x86_64) (WARNING: The server did not provide any stacktrace information)
Command duration or timeout: 0 milliseconds
For documentation on this error, please visit: http://seleniumhq.org/exceptions/no_such_element.html
Build info: version: '3.14.0', revision: 'aacccce0', time: '2018-08-02T20:05:20.749Z'
System info: host: 'EC2AMAZ-UMIME9S', ip: '10.128.2.115', os.name: 'Windows Server 2016', os.arch: 'x86', os.version: '10.0', java.version: '1.8.0_201'
Driver info: org.openqa.selenium.chrome.ChromeDriver
Capabilities {acceptInsecureCerts: false, acceptSslCerts: false, applicationCacheEnabled: false, browserConnectionEnabled: false, browserName: chrome, chrome: {chromedriverVersion: 2.36.540470 (e522d04694c7eb..., userDataDir: C:\Users\ADMINI~1\AppData\L...}, cssSelectorsEnabled: true, databaseEnabled: false, handlesAlerts: true, hasTouchScreen: false, javascriptEnabled: true, locationContextEnabled: true, mobileEmulationEnabled: false, nativeEvents: true, networkConnectionEnabled: false, pageLoadStrategy: normal, platform: XP, platformName: XP, rotatable: false, setWindowRect: true, takesHeapSnapshot: true, takesScreenshot: true, unexpectedAlertBehaviour: , unhandledPromptBehavior: , version: 75.0.3770.142, webStorageEnabled: true}
Session ID: 5d056232848a854c965d567909e9d208
*** Element info: {Using=xpath, value=(//a[@class='discoveryPrimaryCallToActionLink'])[5]}
at sun.reflect.NativeConstructorAccessorImpl.newInstance0(Native Method)
at sun.reflect.NativeConstructorAccessorImpl.newInstance(Unknown Source)
at sun.reflect.DelegatingConstructorAccessorImpl.newInstance(Unknown Source)
at java.lang.reflect.Constructor.newInstance(Unknown Source)
at org.openqa.selenium.remote.ErrorHandler.createThrowable(ErrorHandler.java:214)
at org.openqa.selenium.remote.ErrorHandler.throwIfResponseFailed(ErrorHandler.java:166)
at org.openqa.selenium.remote.http.JsonHttpResponseCodec.reconstructValue(JsonHttpResponseCodec.java:40)
at org.openqa.selenium.remote.http.AbstractHttpResponseCodec.decode(AbstractHttpResponseCodec.java:80)
at org.openqa.selenium.remote.http.AbstractHttpResponseCodec.decode(AbstractHttpResponseCodec.java:44)
at org.openqa.selenium.remote.HttpCommandExecutor.execute(HttpCommandExecutor.java:158)
at org.openqa.selenium.remote.service.DriverCommandExecutor.execute(DriverCommandExecutor.java:83)
at org.openqa.selenium.remote.RemoteWebDriver.execute(RemoteWebDriver.java:548)
at org.openqa.selenium.remote.RemoteWebDriver.findElement(RemoteWebDriver.java:322)
at org.openqa.selenium.remote.RemoteWebDriver.findElementByXPath(RemoteWebDriver.java:424)
at DeliveryOption.InvigilationSafeRoom.invigilationSafeRoom(InvigilationSafeRoom.java:30)
at sun.reflect.NativeMethodAccessorImpl.invoke0(Native Method)
at sun.reflect.NativeMethodAccessorImpl.invoke(Unknown Source)
at sun.reflect.DelegatingMethodAccessorImpl.invoke(Unknown Source)
at java.lang.reflect.Method.invoke(Unknown Source)
at org.testng.internal.MethodInvocationHelper.invokeMethod(MethodInvocationHelper.java:124)
at org.testng.internal.Invoker.invokeMethod(Invoker.java:580)
at org.testng.internal.Invoker.invokeTestMethod(Invoker.java:716)
at org.testng.internal.Invoker.invokeTestMethods(Invoker.java:988)
at org.testng.internal.TestMethodWorker.invokeTestMethods(TestMethodWorker.java:125)
at org.testng.internal.TestMethodWorker.run(TestMethodWorker.java:109)
at org.testng.TestRunner.privateRun(TestRunner.java:648)
at org.testng.TestRunner.run(TestRunner.java:505)
at org.testng.SuiteRunner.runTest(SuiteRunner.java:455)
at org.testng.SuiteRunner.runSequentially(SuiteRunner.java:450)
at org.testng.SuiteRunner.privateRun(SuiteRunner.java:415)
at org.testng.SuiteRunner.run(SuiteRunner.java:364)
at org.testng.SuiteRunnerWorker.runSuite(SuiteRunnerWorker.java:52)
at org.testng.SuiteRunnerWorker.run(SuiteRunnerWorker.java:84)
at org.testng.TestNG.runSuitesSequentially(TestNG.java:1208)
at org.testng.TestNG.runSuitesLocally(TestNG.java:1137)
at org.testng.TestNG.runSuites(TestNG.java:1049)
at org.testng.TestNG.run(TestNG.java:1017)
at org.testng.remote.AbstractRemoteTestNG.run(AbstractRemoteTestNG.java:114)
at org.testng.remote.RemoteTestNG.initAndRun(RemoteTestNG.java:251)
at org.testng.remote.RemoteTestNG.main(RemoteTestNG.java:77)
]]>
            </full-stacktrace>
          </exception> <!-- org.openqa.selenium.NoSuchElementException -->
          <reporter-output>
          </reporter-output>
        </test-method> <!-- invigilationSafeRoom -->
      </class> <!-- DeliveryOption.InvigilationSafeRoom -->
      <class name="DeliveryOption.DisplayAtMuseum">
        <test-method status="PASS" signature="displayAtMuseum()[pri:0, instance:DeliveryOption.DisplayAtMuseum@38d7a3]" name="displayAtMuseum" duration-ms="11100" started-at="2019-07-29T15:06:59Z" finished-at="2019-07-29T15:07:10Z">
          <reporter-output>
          </reporter-output>
        </test-method> <!-- displayAtMuseum -->
      </class> <!-- DeliveryOption.DisplayAtMuseum -->
      <class name="DeliveryOption.DigitizedDiscoveryForSurrogate">
        <test-method status="PASS" signature="digitizedDiscoveryForSurrogate()[pri:0, instance:DeliveryOption.DigitizedDiscoveryForSurrogate@3d45bd]" name="digitizedDiscoveryForSurrogate" duration-ms="18143" started-at="2019-07-29T15:06:19Z" finished-at="2019-07-29T15:06:37Z">
          <reporter-output>
          </reporter-output>
        </test-method> <!-- digitizedDiscoveryForSurrogate -->
      </class> <!-- DeliveryOption.DigitizedDiscoveryForSurrogate -->
      <class name="DeliveryOption.MissingLost">
        <test-method status="PASS" signature="missingLost()[pri:0, instance:DeliveryOption.MissingLost@d9d034]" name="missingLost" duration-ms="8009" started-at="2019-07-29T15:08:28Z" finished-at="2019-07-29T15:08:36Z">
          <reporter-output>
          </reporter-output>
        </test-method> <!-- missingLost -->
      </class> <!-- DeliveryOption.MissingLost -->
      <class name="DeliveryOption.DigitizedAvailableButNotDownloadableAtItemLevel">
        <test-method status="PASS" signature="digitizedAvailableButNotDownlodableAtItemLevel()[pri:0, instance:DeliveryOption.DigitizedAvailableButNotDownloadableAtItemLevel@11a67ec]" name="digitizedAvailableButNotDownlodableAtItemLevel" duration-ms="8274" started-at="2019-07-29T15:05:47Z" finished-at="2019-07-29T15:05:55Z">
          <reporter-output>
          </reporter-output>
        </test-method> <!-- digitizedAvailableButNotDownlodableAtItemLevel -->
      </class> <!-- DeliveryOption.DigitizedAvailableButNotDownloadableAtItemLevel -->
      <class name="DeliveryOption.Offsite">
        <test-method status="PASS" signature="offsite()[pri:0, instance:DeliveryOption.Offsite@7f383f]" name="offsite" duration-ms="8128" started-at="2019-07-29T15:08:48Z" finished-at="2019-07-29T15:08:56Z">
          <reporter-output>
          </reporter-output>
        </test-method> <!-- offsite -->
      </class> <!-- DeliveryOption.Offsite -->
      <class name="DeliveryOption.DigitizedOther">
        <test-method status="PASS" signature="digitizedOther()[pri:0, instance:DeliveryOption.DigitizedOther@1ec78b9]" name="digitizedOther" duration-ms="8158" started-at="2019-07-29T15:06:46Z" finished-at="2019-07-29T15:06:54Z">
          <reporter-output>
          </reporter-output>
        </test-method> <!-- digitizedOther -->
      </class> <!-- DeliveryOption.DigitizedOther -->
      <class name="DeliveryOption.GovtWebArchive">
        <test-method status="PASS" signature="govtWebArchive()[pri:0, instance:DeliveryOption.GovtWebArchive@1440df3]" name="govtWebArchive" duration-ms="7979" started-at="2019-07-29T15:07:23Z" finished-at="2019-07-29T15:07:31Z">
          <reporter-output>
          </reporter-output>
        </test-method> <!-- govtWebArchive -->
      </class> <!-- DeliveryOption.GovtWebArchive -->
      <class name="DeliveryOption.DigitizedDiscovery">
        <test-method status="PASS" signature="digitizedDiscovery()[pri:0, instance:DeliveryOption.DigitizedDiscovery@10d0686]" name="digitizedDiscovery" duration-ms="15958" started-at="2019-07-29T15:06:03Z" finished-at="2019-07-29T15:06:19Z">
          <reporter-output>
          </reporter-output>
        </test-method> <!-- digitizedDiscovery -->
      </class> <!-- DeliveryOption.DigitizedDiscovery -->
      <class name="DeliveryOption.OrderOriginal">
        <test-method status="PASS" signature="OrderOriginal()[pri:0, instance:DeliveryOption.OrderOriginal@afc191]" name="OrderOriginal" duration-ms="8355" started-at="2019-07-29T15:09:04Z" finished-at="2019-07-29T15:09:12Z">
          <reporter-output>
          </reporter-output>
        </test-method> <!-- OrderOriginal -->
      </class> <!-- DeliveryOption.OrderOriginal -->
      <class name="DeliveryOption.DigitizedLia">
        <test-method status="PASS" signature="digitizedLia()[pri:0, instance:DeliveryOption.DigitizedLia@7c7811]" name="digitizedLia" duration-ms="8138" started-at="2019-07-29T15:06:37Z" finished-at="2019-07-29T15:06:46Z">
          <reporter-output>
          </reporter-output>
        </test-method> <!-- digitizedLia -->
      </class> <!-- DeliveryOption.DigitizedLia -->
      <class name="DeliveryOption.DigitizedPartiallyOpened">
        <test-method status="FAIL" signature="digitizedPartiallyOpened()[pri:0, instance:DeliveryOption.DigitizedPartiallyOpened@3869f4]" name="digitizedPartiallyOpened" duration-ms="4866" started-at="2019-07-29T15:06:54Z" finished-at="2019-07-29T15:06:59Z">
          <exception class="java.lang.AssertionError">
            <message>
              <![CDATA[expected [Download this record
Download size approximately 3 MB. Download format PDF
Download now] but found [Download this record
Some images within this record are not available because they contain medically sensitive information.
Download size approximately 3 MB. Download format PDF
Download now

More information]]]>
            </message>
            <full-stacktrace>
              <![CDATA[java.lang.AssertionError: expected [Download this record
Download size approximately 3 MB. Download format PDF
Download now] but found [Download this record
Some images within this record are not available because they contain medically sensitive information.
Download size approximately 3 MB. Download format PDF
Download now

More information]
at org.testng.Assert.fail(Assert.java:96)
at org.testng.Assert.failNotEquals(Assert.java:776)
at org.testng.Assert.assertEqualsImpl(Assert.java:137)
at org.testng.Assert.assertEquals(Assert.java:118)
at org.testng.Assert.assertEquals(Assert.java:453)
at org.testng.Assert.assertEquals(Assert.java:463)
at DeliveryOption.DigitizedPartiallyOpened.digitizedPartiallyOpened(DigitizedPartiallyOpened.java:39)
at sun.reflect.NativeMethodAccessorImpl.invoke0(Native Method)
at sun.reflect.NativeMethodAccessorImpl.invoke(Unknown Source)
at sun.reflect.DelegatingMethodAccessorImpl.invoke(Unknown Source)
at java.lang.reflect.Method.invoke(Unknown Source)
at org.testng.internal.MethodInvocationHelper.invokeMethod(MethodInvocationHelper.java:124)
at org.testng.internal.Invoker.invokeMethod(Invoker.java:580)
at org.testng.internal.Invoker.invokeTestMethod(Invoker.java:716)
at org.testng.internal.Invoker.invokeTestMethods(Invoker.java:988)
at org.testng.internal.TestMethodWorker.invokeTestMethods(TestMethodWorker.java:125)
at org.testng.internal.TestMethodWorker.run(TestMethodWorker.java:109)
at org.testng.TestRunner.privateRun(TestRunner.java:648)
at org.testng.TestRunner.run(TestRunner.java:505)
at org.testng.SuiteRunner.runTest(SuiteRunner.java:455)
at org.testng.SuiteRunner.runSequentially(SuiteRunner.java:450)
at org.testng.SuiteRunner.privateRun(SuiteRunner.java:415)
at org.testng.SuiteRunner.run(SuiteRunner.java:364)
at org.testng.SuiteRunnerWorker.runSuite(SuiteRunnerWorker.java:52)
at org.testng.SuiteRunnerWorker.run(SuiteRunnerWorker.java:84)
at org.testng.TestNG.runSuitesSequentially(TestNG.java:1208)
at org.testng.TestNG.runSuitesLocally(TestNG.java:1137)
at org.testng.TestNG.runSuites(TestNG.java:1049)
at org.testng.TestNG.run(TestNG.java:1017)
at org.testng.remote.AbstractRemoteTestNG.run(AbstractRemoteTestNG.java:114)
at org.testng.remote.RemoteTestNG.initAndRun(RemoteTestNG.java:251)
at org.testng.remote.RemoteTestNG.main(RemoteTestNG.java:77)
]]>
            </full-stacktrace>
          </exception> <!-- java.lang.AssertionError -->
          <reporter-output>
          </reporter-output>
        </test-method> <!-- digitizedPartiallyOpened -->
      </class> <!-- DeliveryOption.DigitizedPartiallyOpened -->
      <class name="DeliveryOption.MouldTreatment">
        <test-method status="PASS" signature="mouldTreatment()[pri:0, instance:DeliveryOption.MouldTreatment@121c9d6]" name="mouldTreatment" duration-ms="11368" started-at="2019-07-29T15:08:36Z" finished-at="2019-07-29T15:08:48Z">
          <reporter-output>
          </reporter-output>
        </test-method> <!-- mouldTreatment -->
      </class> <!-- DeliveryOption.MouldTreatment -->
    </test> <!-- DeliveryOption -->
    <test name="Sar" duration-ms="69193" started-at="2019-07-29T15:10:15Z" finished-at="2019-07-29T15:11:24Z">
      <class name="Sar.Sar_AB7190VisitTheDepartmentWebsite">
        <test-method status="PASS" signature="AB7190VisitTheDepartmentWebsite()[pri:0, instance:Sar.Sar_AB7190VisitTheDepartmentWebsite@607a4f]" name="AB7190VisitTheDepartmentWebsite" duration-ms="7897" started-at="2019-07-29T15:10:15Z" finished-at="2019-07-29T15:10:23Z">
          <reporter-output>
          </reporter-output>
        </test-method> <!-- AB7190VisitTheDepartmentWebsite -->
      </class> <!-- Sar.Sar_AB7190VisitTheDepartmentWebsite -->
      <class name="Sar.Sar_DPP23289FoiRequest">
        <test-method status="PASS" signature="DPP23289FoiRequest()[pri:0, instance:Sar.Sar_DPP23289FoiRequest@190a65e]" name="DPP23289FoiRequest" duration-ms="8059" started-at="2019-07-29T15:10:31Z" finished-at="2019-07-29T15:10:39Z">
          <reporter-output>
          </reporter-output>
        </test-method> <!-- DPP23289FoiRequest -->
      </class> <!-- Sar.Sar_DPP23289FoiRequest -->
      <class name="Sar.Sar_HO4051079FoiRequest">
        <test-method status="PASS" signature="HO4051079FoiRequest()[pri:0, instance:Sar.Sar_HO4051079FoiRequest@485a47]" name="HO4051079FoiRequest" duration-ms="9016" started-at="2019-07-29T15:10:39Z" finished-at="2019-07-29T15:10:48Z">
          <reporter-output>
          </reporter-output>
        </test-method> <!-- HO4051079FoiRequest -->
      </class> <!-- Sar.Sar_HO4051079FoiRequest -->
      <class name="Sar.Sar_J24312FoiRequest">
        <test-method status="PASS" signature="J24312FoiRequest()[pri:0, instance:Sar.Sar_J24312FoiRequest@c8211c]" name="J24312FoiRequest" duration-ms="11719" started-at="2019-07-29T15:10:57Z" finished-at="2019-07-29T15:11:08Z">
          <reporter-output>
          </reporter-output>
        </test-method> <!-- J24312FoiRequest -->
      </class> <!-- Sar.Sar_J24312FoiRequest -->
      <class name="Sar.Sar_CAB1343025Retention">
        <test-method status="PASS" signature="CAB1343025Retention()[pri:0, instance:Sar.Sar_CAB1343025Retention@2663d3]" name="CAB1343025Retention" duration-ms="7857" started-at="2019-07-29T15:10:23Z" finished-at="2019-07-29T15:10:31Z">
          <reporter-output>
          </reporter-output>
        </test-method> <!-- CAB1343025Retention -->
      </class> <!-- Sar.Sar_CAB1343025Retention -->
      <class name="Sar.Sar_LEV2226ZFoiRequest">
        <test-method status="PASS" signature="LEV2226ZFoiRequest()[pri:0, instance:Sar.Sar_LEV2226ZFoiRequest@76c8cd]" name="LEV2226ZFoiRequest" duration-ms="7953" started-at="2019-07-29T15:11:08Z" finished-at="2019-07-29T15:11:16Z">
          <reporter-output>
          </reporter-output>
        </test-method> <!-- LEV2226ZFoiRequest -->
      </class> <!-- Sar.Sar_LEV2226ZFoiRequest -->
      <class name="Sar.Sar_HO45237211FoiRequest">
        <test-method status="PASS" signature="HO45237211FoiRequest()[pri:0, instance:Sar.Sar_HO45237211FoiRequest@1bbf683]" name="HO45237211FoiRequest" duration-ms="8718" started-at="2019-07-29T15:10:48Z" finished-at="2019-07-29T15:10:57Z">
          <reporter-output>
          </reporter-output>
        </test-method> <!-- HO45237211FoiRequest -->
      </class> <!-- Sar.Sar_HO45237211FoiRequest -->
      <class name="Sar.Sar_RW33FQZFoiRequest">
        <test-method status="PASS" signature="RW33FQZFoiRequest()[pri:0, instance:Sar.Sar_RW33FQZFoiRequest@4a2ea6]" name="RW33FQZFoiRequest" duration-ms="7968" started-at="2019-07-29T15:11:16Z" finished-at="2019-07-29T15:11:24Z">
          <reporter-output>
          </reporter-output>
        </test-method> <!-- RW33FQZFoiRequest -->
      </class> <!-- Sar.Sar_RW33FQZFoiRequest -->
    </test> <!-- Sar -->
    <test name="Ecommerce" duration-ms="489930" started-at="2019-07-29T15:11:24Z" finished-at="2019-07-29T15:19:34Z">
      <class name="Ecommerce.PageCheckRequestMore1000Characters">
        <test-method status="PASS" signature="PageCheckRequestACopy()[pri:0, instance:Ecommerce.PageCheckRequestMore1000Characters@186a70]" name="PageCheckRequestACopy" duration-ms="31011" started-at="2019-07-29T15:19:03Z" finished-at="2019-07-29T15:19:34Z">
          <reporter-output>
          </reporter-output>
        </test-method> <!-- PageCheckRequestACopy -->
      </class> <!-- Ecommerce.PageCheckRequestMore1000Characters -->
      <class name="Ecommerce.DigitizedAddToBasket">
        <test-method status="PASS" signature="DigitizedAddToBasket()[pri:0, instance:Ecommerce.DigitizedAddToBasket@72e3f]" name="DigitizedAddToBasket" duration-ms="37281" started-at="2019-07-29T15:12:41Z" finished-at="2019-07-29T15:13:19Z">
          <reporter-output>
          </reporter-output>
        </test-method> <!-- DigitizedAddToBasket -->
      </class> <!-- Ecommerce.DigitizedAddToBasket -->
      <class name="Ecommerce.WO416">
        <test-method status="PASS" signature="WO416()[pri:0, instance:Ecommerce.WO416@1a15ff]" name="WO416" duration-ms="50284" started-at="2019-07-29T15:18:13Z" finished-at="2019-07-29T15:19:03Z">
          <reporter-output>
          </reporter-output>
        </test-method> <!-- WO416 -->
      </class> <!-- Ecommerce.WO416 -->
      <class name="Ecommerce.CertifiedNaturalisationRequest">
        <test-method status="PASS" signature="CertifiedNaturalisationRequest()[pri:0, instance:Ecommerce.CertifiedNaturalisationRequest@1db50c5]" name="CertifiedNaturalisationRequest" duration-ms="77014" started-at="2019-07-29T15:11:24Z" finished-at="2019-07-29T15:12:41Z">
          <reporter-output>
          </reporter-output>
        </test-method> <!-- CertifiedNaturalisationRequest -->
      </class> <!-- Ecommerce.CertifiedNaturalisationRequest -->
      <class name="Ecommerce.Dsa1939registerClickYes">
        <test-method status="PASS" signature="Dsa1939registerClickYes()[pri:0, instance:Ecommerce.Dsa1939registerClickYes@154b04f]" name="Dsa1939registerClickYes" duration-ms="44703" started-at="2019-07-29T15:14:34Z" finished-at="2019-07-29T15:15:19Z">
          <reporter-output>
          </reporter-output>
        </test-method> <!-- Dsa1939registerClickYes -->
      </class> <!-- Ecommerce.Dsa1939registerClickYes -->
      <class name="Ecommerce.HomeGuard">
        <test-method status="PASS" signature="HomeGuard()[pri:0, instance:Ecommerce.HomeGuard@6007f4]" name="HomeGuard" duration-ms="46954" started-at="2019-07-29T15:17:26Z" finished-at="2019-07-29T15:18:13Z">
          <reporter-output>
          </reporter-output>
        </test-method> <!-- HomeGuard -->
      </class> <!-- Ecommerce.HomeGuard -->
      <class name="Ecommerce.PageCheckRequestACopy">
        <test-method status="PASS" signature="PageCheckRequestACopy()[pri:0, instance:Ecommerce.PageCheckRequestACopy@10726a3]" name="PageCheckRequestACopy" duration-ms="57559" started-at="2019-07-29T15:16:28Z" finished-at="2019-07-29T15:17:26Z">
          <reporter-output>
          </reporter-output>
        </test-method> <!-- PageCheckRequestACopy -->
      </class> <!-- Ecommerce.PageCheckRequestACopy -->
      <class name="Ecommerce.Dsa1939registerClickNo">
        <test-method status="PASS" signature="Dsa1939registerClickNo()[pri:0, instance:Ecommerce.Dsa1939registerClickNo@11b0d2a]" name="Dsa1939registerClickNo" duration-ms="75405" started-at="2019-07-29T15:13:19Z" finished-at="2019-07-29T15:14:34Z">
          <reporter-output>
          </reporter-output>
        </test-method> <!-- Dsa1939registerClickNo -->
      </class> <!-- Ecommerce.Dsa1939registerClickNo -->
      <class name="Ecommerce.Foi1939register">
        <test-method status="PASS" signature="Foi1939register()[pri:0, instance:Ecommerce.Foi1939register@9494d8]" name="Foi1939register" duration-ms="69717" started-at="2019-07-29T15:15:19Z" finished-at="2019-07-29T15:16:28Z">
          <reporter-output>
          </reporter-output>
        </test-method> <!-- Foi1939register -->
      </class> <!-- Ecommerce.Foi1939register -->
    </test> <!-- Ecommerce -->
    <test name="Subscription" duration-ms="34859" started-at="2019-07-29T15:19:34Z" finished-at="2019-07-29T15:20:09Z">
      <class name="Subscription.SubscriptionMoDMedalResearchOffice">
        <test-method status="FAIL" signature="SubscriptionMoDMedalResearchOffice()[pri:0, instance:Subscription.SubscriptionMoDMedalResearchOffice@7803de]" name="SubscriptionMoDMedalResearchOffice" duration-ms="34859" started-at="2019-07-29T15:19:34Z" finished-at="2019-07-29T15:20:09Z">
          <exception class="org.openqa.selenium.NoSuchElementException">
            <message>
              <![CDATA[no such element: Unable to locate element: {"method":"class name","selector":"button"}
  (Session info: chrome=75.0.3770.142)
  (Driver info: chromedriver=2.36.540470 (e522d04694c7ebea4ba8821272dbef4f9b818c91),platform=Windows NT 10.0.14393 x86_64) (WARNING: The server did not provide any stacktrace information)
Command duration or timeout: 0 milliseconds
For documentation on this error, please visit: http://seleniumhq.org/exceptions/no_such_element.html
Build info: version: '3.14.0', revision: 'aacccce0', time: '2018-08-02T20:05:20.749Z'
System info: host: 'EC2AMAZ-UMIME9S', ip: '10.128.2.115', os.name: 'Windows Server 2016', os.arch: 'x86', os.version: '10.0', java.version: '1.8.0_201'
Driver info: org.openqa.selenium.chrome.ChromeDriver
Capabilities {acceptInsecureCerts: false, acceptSslCerts: false, applicationCacheEnabled: false, browserConnectionEnabled: false, browserName: chrome, chrome: {chromedriverVersion: 2.36.540470 (e522d04694c7eb..., userDataDir: C:\Users\ADMINI~1\AppData\L...}, cssSelectorsEnabled: true, databaseEnabled: false, handlesAlerts: true, hasTouchScreen: false, javascriptEnabled: true, locationContextEnabled: true, mobileEmulationEnabled: false, nativeEvents: true, networkConnectionEnabled: false, pageLoadStrategy: normal, platform: XP, platformName: XP, rotatable: false, setWindowRect: true, takesHeapSnapshot: true, takesScreenshot: true, unexpectedAlertBehaviour: , unhandledPromptBehavior: , version: 75.0.3770.142, webStorageEnabled: true}
Session ID: d779202b9d5db55d74c6b2e1f8e64ff7
*** Element info: {Using=class name, value=button}]]>
            </message>
            <full-stacktrace>
              <![CDATA[org.openqa.selenium.NoSuchElementException: no such element: Unable to locate element: {"method":"class name","selector":"button"}
  (Session info: chrome=75.0.3770.142)
  (Driver info: chromedriver=2.36.540470 (e522d04694c7ebea4ba8821272dbef4f9b818c91),platform=Windows NT 10.0.14393 x86_64) (WARNING: The server did not provide any stacktrace information)
Command duration or timeout: 0 milliseconds
For documentation on this error, please visit: http://seleniumhq.org/exceptions/no_such_element.html
Build info: version: '3.14.0', revision: 'aacccce0', time: '2018-08-02T20:05:20.749Z'
System info: host: 'EC2AMAZ-UMIME9S', ip: '10.128.2.115', os.name: 'Windows Server 2016', os.arch: 'x86', os.version: '10.0', java.version: '1.8.0_201'
Driver info: org.openqa.selenium.chrome.ChromeDriver
Capabilities {acceptInsecureCerts: false, acceptSslCerts: false, applicationCacheEnabled: false, browserConnectionEnabled: false, browserName: chrome, chrome: {chromedriverVersion: 2.36.540470 (e522d04694c7eb..., userDataDir: C:\Users\ADMINI~1\AppData\L...}, cssSelectorsEnabled: true, databaseEnabled: false, handlesAlerts: true, hasTouchScreen: false, javascriptEnabled: true, locationContextEnabled: true, mobileEmulationEnabled: false, nativeEvents: true, networkConnectionEnabled: false, pageLoadStrategy: normal, platform: XP, platformName: XP, rotatable: false, setWindowRect: true, takesHeapSnapshot: true, takesScreenshot: true, unexpectedAlertBehaviour: , unhandledPromptBehavior: , version: 75.0.3770.142, webStorageEnabled: true}
Session ID: d779202b9d5db55d74c6b2e1f8e64ff7
*** Element info: {Using=class name, value=button}
at sun.reflect.NativeConstructorAccessorImpl.newInstance0(Native Method)
at sun.reflect.NativeConstructorAccessorImpl.newInstance(Unknown Source)
at sun.reflect.DelegatingConstructorAccessorImpl.newInstance(Unknown Source)
at java.lang.reflect.Constructor.newInstance(Unknown Source)
at org.openqa.selenium.remote.ErrorHandler.createThrowable(ErrorHandler.java:214)
at org.openqa.selenium.remote.ErrorHandler.throwIfResponseFailed(ErrorHandler.java:166)
at org.openqa.selenium.remote.http.JsonHttpResponseCodec.reconstructValue(JsonHttpResponseCodec.java:40)
at org.openqa.selenium.remote.http.AbstractHttpResponseCodec.decode(AbstractHttpResponseCodec.java:80)
at org.openqa.selenium.remote.http.AbstractHttpResponseCodec.decode(AbstractHttpResponseCodec.java:44)
at org.openqa.selenium.remote.HttpCommandExecutor.execute(HttpCommandExecutor.java:158)
at org.openqa.selenium.remote.service.DriverCommandExecutor.execute(DriverCommandExecutor.java:83)
at org.openqa.selenium.remote.RemoteWebDriver.execute(RemoteWebDriver.java:548)
at org.openqa.selenium.remote.RemoteWebDriver.findElement(RemoteWebDriver.java:322)
at org.openqa.selenium.remote.RemoteWebDriver.findElementByClassName(RemoteWebDriver.java:408)
at Subscription.SubscriptionMoDMedalResearchOffice.SubscriptionMoDMedalResearchOffice(SubscriptionMoDMedalResearchOffice.java:20)
at sun.reflect.NativeMethodAccessorImpl.invoke0(Native Method)
at sun.reflect.NativeMethodAccessorImpl.invoke(Unknown Source)
at sun.reflect.DelegatingMethodAccessorImpl.invoke(Unknown Source)
at java.lang.reflect.Method.invoke(Unknown Source)
at org.testng.internal.MethodInvocationHelper.invokeMethod(MethodInvocationHelper.java:124)
at org.testng.internal.Invoker.invokeMethod(Invoker.java:580)
at org.testng.internal.Invoker.invokeTestMethod(Invoker.java:716)
at org.testng.internal.Invoker.invokeTestMethods(Invoker.java:988)
at org.testng.internal.TestMethodWorker.invokeTestMethods(TestMethodWorker.java:125)
at org.testng.internal.TestMethodWorker.run(TestMethodWorker.java:109)
at org.testng.TestRunner.privateRun(TestRunner.java:648)
at org.testng.TestRunner.run(TestRunner.java:505)
at org.testng.SuiteRunner.runTest(SuiteRunner.java:455)
at org.testng.SuiteRunner.runSequentially(SuiteRunner.java:450)
at org.testng.SuiteRunner.privateRun(SuiteRunner.java:415)
at org.testng.SuiteRunner.run(SuiteRunner.java:364)
at org.testng.SuiteRunnerWorker.runSuite(SuiteRunnerWorker.java:52)
at org.testng.SuiteRunnerWorker.run(SuiteRunnerWorker.java:84)
at org.testng.TestNG.runSuitesSequentially(TestNG.java:1208)
at org.testng.TestNG.runSuitesLocally(TestNG.java:1137)
at org.testng.TestNG.runSuites(TestNG.java:1049)
at org.testng.TestNG.run(TestNG.java:1017)
at org.testng.remote.AbstractRemoteTestNG.run(AbstractRemoteTestNG.java:114)
at org.testng.remote.RemoteTestNG.initAndRun(RemoteTestNG.java:251)
at org.testng.remote.RemoteTestNG.main(RemoteTestNG.java:77)
]]>
            </full-stacktrace>
          </exception> <!-- org.openqa.selenium.NoSuchElementException -->
          <reporter-output>
          </reporter-output>
        </test-method> <!-- SubscriptionMoDMedalResearchOffice -->
      </class> <!-- Subscription.SubscriptionMoDMedalResearchOffice -->
    </test> <!-- Subscription -->
    <test name="AdvancedSearchOnTest" duration-ms="354698" started-at="2019-07-29T15:20:09Z" finished-at="2019-07-29T15:26:04Z">
      <class name="AdvancedSearchOnTest.AS_ClosureStatus_Open_SpecificDate">
        <test-method status="PASS" signature="Open_SpecificDate()[pri:0, instance:AdvancedSearchOnTest.AS_ClosureStatus_Open_SpecificDate@1e18270]" name="Open_SpecificDate" duration-ms="36030" started-at="2019-07-29T15:20:56Z" finished-at="2019-07-29T15:21:32Z">
          <reporter-output>
          </reporter-output>
        </test-method> <!-- Open_SpecificDate -->
      </class> <!-- AdvancedSearchOnTest.AS_ClosureStatus_Open_SpecificDate -->
      <class name="AdvancedSearchOnTest.AS_ClosureStatus_Retained_AnyTime">
        <test-method status="PASS" signature="Retained_AnyTime()[pri:0, instance:AdvancedSearchOnTest.AS_ClosureStatus_Retained_AnyTime@1de5c8c]" name="Retained_AnyTime" duration-ms="31392" started-at="2019-07-29T15:21:56Z" finished-at="2019-07-29T15:22:27Z">
          <reporter-output>
          </reporter-output>
        </test-method> <!-- Retained_AnyTime -->
      </class> <!-- AdvancedSearchOnTest.AS_ClosureStatus_Retained_AnyTime -->
      <class name="AdvancedSearchOnTest.AS_Reference_SearchAll">
        <test-method status="PASS" signature="Reference_SearchAll()[pri:0, instance:AdvancedSearchOnTest.AS_Reference_SearchAll@ceda24]" name="Reference_SearchAll" duration-ms="8093" started-at="2019-07-29T15:24:10Z" finished-at="2019-07-29T15:24:18Z">
          <reporter-output>
          </reporter-output>
        </test-method> <!-- Reference_SearchAll -->
      </class> <!-- AdvancedSearchOnTest.AS_Reference_SearchAll -->
      <class name="AdvancedSearchOnTest.AS_Search_Find_DontFindWord">
        <test-method status="PASS" signature="Find_DontFindWord()[pri:0, instance:AdvancedSearchOnTest.AS_Search_Find_DontFindWord@1e3708]" name="Find_DontFindWord" duration-ms="11641" started-at="2019-07-29T15:24:18Z" finished-at="2019-07-29T15:24:30Z">
          <reporter-output>
          </reporter-output>
        </test-method> <!-- Find_DontFindWord -->
      </class> <!-- AdvancedSearchOnTest.AS_Search_Find_DontFindWord -->
      <class name="AdvancedSearchOnTest.AS_AutoLookUp_ByGovernmentDepartment">
        <test-method status="PASS" signature="verifyLookUp()[pri:0, instance:AdvancedSearchOnTest.AS_AutoLookUp_ByGovernmentDepartment@7c290d]" name="verifyLookUp" duration-ms="21828" started-at="2019-07-29T15:25:42Z" finished-at="2019-07-29T15:26:04Z">
          <reporter-output>
          </reporter-output>
        </test-method> <!-- verifyLookUp -->
      </class> <!-- AdvancedSearchOnTest.AS_AutoLookUp_ByGovernmentDepartment -->
      <class name="AdvancedSearchOnTest.AS_RecordCreator_CreatorType_CheckBox_Years">
        <test-method status="PASS" signature="CreatorType_CheckBox_Years()[pri:0, instance:AdvancedSearchOnTest.AS_RecordCreator_CreatorType_CheckBox_Years@123a213]" name="CreatorType_CheckBox_Years" duration-ms="28015" started-at="2019-07-29T15:22:27Z" finished-at="2019-07-29T15:22:55Z">
          <reporter-output>
          </reporter-output>
        </test-method> <!-- CreatorType_CheckBox_Years -->
      </class> <!-- AdvancedSearchOnTest.AS_RecordCreator_CreatorType_CheckBox_Years -->
      <class name="AdvancedSearchOnTest.AS_Records_SearchTheNA_CatalogueLevel">
        <test-method status="PASS" signature="SearchTheNA_CatalogueLevel()[pri:0, instance:AdvancedSearchOnTest.AS_Records_SearchTheNA_CatalogueLevel@103f852]" name="SearchTheNA_CatalogueLevel" duration-ms="28047" started-at="2019-07-29T15:25:14Z" finished-at="2019-07-29T15:25:42Z">
          <reporter-output>
          </reporter-output>
        </test-method> <!-- SearchTheNA_CatalogueLevel -->
      </class> <!-- AdvancedSearchOnTest.AS_Records_SearchTheNA_CatalogueLevel -->
      <class name="AdvancedSearchOnTest.AS_SearchOtherArchives">
        <test-method status="PASS" signature="SearchOtherArchives()[pri:0, instance:AdvancedSearchOnTest.AS_SearchOtherArchives@1a50a4c]" name="SearchOtherArchives" duration-ms="18562" started-at="2019-07-29T15:24:30Z" finished-at="2019-07-29T15:24:48Z">
          <reporter-output>
          </reporter-output>
        </test-method> <!-- SearchOtherArchives -->
      </class> <!-- AdvancedSearchOnTest.AS_SearchOtherArchives -->
      <class name="AdvancedSearchOnTest.AS_Records_DateRange_SearchAll">
        <test-method status="PASS" signature="DateRange_SearchAll()[pri:0, instance:AdvancedSearchOnTest.AS_Records_DateRange_SearchAll@194d659]" name="DateRange_SearchAll" duration-ms="16937" started-at="2019-07-29T15:23:18Z" finished-at="2019-07-29T15:23:35Z">
          <reporter-output>
          </reporter-output>
        </test-method> <!-- DateRange_SearchAll -->
      </class> <!-- AdvancedSearchOnTest.AS_Records_DateRange_SearchAll -->
      <class name="AdvancedSearchOnTest.AS_ClosureStatus_close_SpecificDate">
        <test-method status="PASS" signature="close_SpecificDate()[pri:0, instance:AdvancedSearchOnTest.AS_ClosureStatus_close_SpecificDate@d59286]" name="close_SpecificDate" duration-ms="46875" started-at="2019-07-29T15:20:09Z" finished-at="2019-07-29T15:20:56Z">
          <reporter-output>
          </reporter-output>
        </test-method> <!-- close_SpecificDate -->
      </class> <!-- AdvancedSearchOnTest.AS_ClosureStatus_close_SpecificDate -->
      <class name="AdvancedSearchOnTest.AS_RecordCreator_CreatorType_DateRange">
        <test-method status="PASS" signature="CreatorType_DateRange()[pri:0, instance:AdvancedSearchOnTest.AS_RecordCreator_CreatorType_DateRange@525845]" name="CreatorType_DateRange" duration-ms="22672" started-at="2019-07-29T15:22:55Z" finished-at="2019-07-29T15:23:18Z">
          <reporter-output>
          </reporter-output>
        </test-method> <!-- CreatorType_DateRange -->
      </class> <!-- AdvancedSearchOnTest.AS_RecordCreator_CreatorType_DateRange -->
      <class name="AdvancedSearchOnTest.AS_Records_SpecificDate_SearchAll">
        <test-method status="PASS" signature="SpecificDate_SearchAll()[pri:0, instance:AdvancedSearchOnTest.AS_Records_SpecificDate_SearchAll@b1d79b]" name="SpecificDate_SearchAll" duration-ms="34828" started-at="2019-07-29T15:23:35Z" finished-at="2019-07-29T15:24:10Z">
          <reporter-output>
          </reporter-output>
        </test-method> <!-- SpecificDate_SearchAll -->
      </class> <!-- AdvancedSearchOnTest.AS_Records_SpecificDate_SearchAll -->
      <class name="AdvancedSearchOnTest.AS_Records_SearchTheTNA_Reference_IncludeContent">
        <test-method status="PASS" signature="SearchTheTNA_Reference_IncludeContent()[pri:0, instance:AdvancedSearchOnTest.AS_Records_SearchTheTNA_Reference_IncludeContent@1021e6c]" name="SearchTheTNA_Reference_IncludeContent" duration-ms="25874" started-at="2019-07-29T15:24:48Z" finished-at="2019-07-29T15:25:14Z">
          <reporter-output>
          </reporter-output>
        </test-method> <!-- SearchTheTNA_Reference_IncludeContent -->
      </class> <!-- AdvancedSearchOnTest.AS_Records_SearchTheTNA_Reference_IncludeContent -->
      <class name="AdvancedSearchOnTest.AS_ClosureStatus_PartiallyOpen_AnyTime">
        <test-method status="FAIL" signature="PartiallyOpen_AnyTime()[pri:0, instance:AdvancedSearchOnTest.AS_ClosureStatus_PartiallyOpen_AnyTime@1b0d3ed]" name="PartiallyOpen_AnyTime" duration-ms="23890" started-at="2019-07-29T15:21:32Z" finished-at="2019-07-29T15:21:56Z">
          <exception class="java.lang.AssertionError">
            <message>
              <![CDATA[expected [Records 0] but found [Records 2]]]>
            </message>
            <full-stacktrace>
              <![CDATA[java.lang.AssertionError: expected [Records 0] but found [Records 2]
at org.testng.Assert.fail(Assert.java:96)
at org.testng.Assert.failNotEquals(Assert.java:776)
at org.testng.Assert.assertEqualsImpl(Assert.java:137)
at org.testng.Assert.assertEquals(Assert.java:118)
at org.testng.Assert.assertEquals(Assert.java:453)
at org.testng.Assert.assertEquals(Assert.java:463)
at AdvancedSearchOnTest.AS_ClosureStatus_PartiallyOpen_AnyTime.PartiallyOpen_AnyTime(AS_ClosureStatus_PartiallyOpen_AnyTime.java:57)
at sun.reflect.NativeMethodAccessorImpl.invoke0(Native Method)
at sun.reflect.NativeMethodAccessorImpl.invoke(Unknown Source)
at sun.reflect.DelegatingMethodAccessorImpl.invoke(Unknown Source)
at java.lang.reflect.Method.invoke(Unknown Source)
at org.testng.internal.MethodInvocationHelper.invokeMethod(MethodInvocationHelper.java:124)
at org.testng.internal.Invoker.invokeMethod(Invoker.java:580)
at org.testng.internal.Invoker.invokeTestMethod(Invoker.java:716)
at org.testng.internal.Invoker.invokeTestMethods(Invoker.java:988)
at org.testng.internal.TestMethodWorker.invokeTestMethods(TestMethodWorker.java:125)
at org.testng.internal.TestMethodWorker.run(TestMethodWorker.java:109)
at org.testng.TestRunner.privateRun(TestRunner.java:648)
at org.testng.TestRunner.run(TestRunner.java:505)
at org.testng.SuiteRunner.runTest(SuiteRunner.java:455)
at org.testng.SuiteRunner.runSequentially(SuiteRunner.java:450)
at org.testng.SuiteRunner.privateRun(SuiteRunner.java:415)
at org.testng.SuiteRunner.run(SuiteRunner.java:364)
at org.testng.SuiteRunnerWorker.runSuite(SuiteRunnerWorker.java:52)
at org.testng.SuiteRunnerWorker.run(SuiteRunnerWorker.java:84)
at org.testng.TestNG.runSuitesSequentially(TestNG.java:1208)
at org.testng.TestNG.runSuitesLocally(TestNG.java:1137)
at org.testng.TestNG.runSuites(TestNG.java:1049)
at org.testng.TestNG.run(TestNG.java:1017)
at org.testng.remote.AbstractRemoteTestNG.run(AbstractRemoteTestNG.java:114)
at org.testng.remote.RemoteTestNG.initAndRun(RemoteTestNG.java:251)
at org.testng.remote.RemoteTestNG.main(RemoteTestNG.java:77)
]]>
            </full-stacktrace>
          </exception> <!-- java.lang.AssertionError -->
          <reporter-output>
          </reporter-output>
        </test-method> <!-- PartiallyOpen_AnyTime -->
      </class> <!-- AdvancedSearchOnTest.AS_ClosureStatus_PartiallyOpen_AnyTime -->
    </test> <!-- AdvancedSearchOnTest -->
    <test name="BasicSearchOnTest" duration-ms="402334" started-at="2019-07-29T15:26:04Z" finished-at="2019-07-29T15:32:46Z">
      <class name="BasicSearchOnTest.BS_LessThan10000_Export1000RecordCreatorAsXML">
        <test-method status="PASS" signature="Export1000RecordCreatorAsXML()[pri:0, instance:BasicSearchOnTest.BS_LessThan10000_Export1000RecordCreatorAsXML@166ebe0]" name="Export1000RecordCreatorAsXML" duration-ms="50884" started-at="2019-07-29T15:27:22Z" finished-at="2019-07-29T15:28:13Z">
          <reporter-output>
          </reporter-output>
        </test-method> <!-- Export1000RecordCreatorAsXML -->
      </class> <!-- BasicSearchOnTest.BS_LessThan10000_Export1000RecordCreatorAsXML -->
      <class name="BasicSearchOnTest.BS_VerifyTotalNoOfRRecordsAndRecordCreators">
        <test-method status="PASS" signature="VerifyTotalNoOfRRecordsAndRecordCreators()[pri:0, instance:BasicSearchOnTest.BS_VerifyTotalNoOfRRecordsAndRecordCreators@17acb34]" name="VerifyTotalNoOfRRecordsAndRecordCreators" duration-ms="30167" started-at="2019-07-29T15:31:38Z" finished-at="2019-07-29T15:32:08Z">
          <reporter-output>
          </reporter-output>
        </test-method> <!-- VerifyTotalNoOfRRecordsAndRecordCreators -->
      </class> <!-- BasicSearchOnTest.BS_VerifyTotalNoOfRRecordsAndRecordCreators -->
      <class name="BasicSearchOnTest.BS_LessThan10000_SortedBy_Alldropdowns">
        <test-method status="PASS" signature="SortedBy_Alldropdowns()[pri:0, instance:BasicSearchOnTest.BS_LessThan10000_SortedBy_Alldropdowns@1d7741f]" name="SortedBy_Alldropdowns" duration-ms="35509" started-at="2019-07-29T15:29:36Z" finished-at="2019-07-29T15:30:11Z">
          <reporter-output>
          </reporter-output>
        </test-method> <!-- SortedBy_Alldropdowns -->
      </class> <!-- BasicSearchOnTest.BS_LessThan10000_SortedBy_Alldropdowns -->
      <class name="BasicSearchOnTest.BS_LessThan10000_SortedBy_Reference">
        <test-method status="PASS" signature="LessThan10000_SortedBy_Reference()[pri:0, instance:BasicSearchOnTest.BS_LessThan10000_SortedBy_Reference@1baae6e]" name="LessThan10000_SortedBy_Reference" duration-ms="25752" started-at="2019-07-29T15:30:11Z" finished-at="2019-07-29T15:30:37Z">
          <reporter-output>
          </reporter-output>
        </test-method> <!-- LessThan10000_SortedBy_Reference -->
      </class> <!-- BasicSearchOnTest.BS_LessThan10000_SortedBy_Reference -->
      <class name="BasicSearchOnTest.BS_LessThan10000_Export1000RecordsAsXML">
        <test-method status="PASS" signature="Export1000RecordsAsXML()[pri:0, instance:BasicSearchOnTest.BS_LessThan10000_Export1000RecordsAsXML@f75083]" name="Export1000RecordsAsXML" duration-ms="41867" started-at="2019-07-29T15:28:13Z" finished-at="2019-07-29T15:28:55Z">
          <reporter-output>
          </reporter-output>
        </test-method> <!-- Export1000RecordsAsXML -->
      </class> <!-- BasicSearchOnTest.BS_LessThan10000_Export1000RecordsAsXML -->
      <class name="BasicSearchOnTest.BS_RecordCreator_filterresult">
        <test-method status="PASS" signature="RecordCreator_filterresult()[pri:0, instance:BasicSearchOnTest.BS_RecordCreator_filterresult@171c76a]" name="RecordCreator_filterresult" duration-ms="18093" started-at="2019-07-29T15:31:20Z" finished-at="2019-07-29T15:31:38Z">
          <reporter-output>
          </reporter-output>
        </test-method> <!-- RecordCreator_filterresult -->
      </class> <!-- BasicSearchOnTest.BS_RecordCreator_filterresult -->
      <class name="BasicSearchOnTest.BS_GreaterThan10000_ExportFirst1000RecordCreatorAsHTML">
        <test-method status="PASS" signature="ExportFirst1000RecordCreatorAsHTML()[pri:0, instance:BasicSearchOnTest.BS_GreaterThan10000_ExportFirst1000RecordCreatorAsHTML@10f8e03]" name="ExportFirst1000RecordCreatorAsHTML" duration-ms="48953" started-at="2019-07-29T15:26:33Z" finished-at="2019-07-29T15:27:22Z">
          <reporter-output>
          </reporter-output>
        </test-method> <!-- ExportFirst1000RecordCreatorAsHTML -->
      </class> <!-- BasicSearchOnTest.BS_GreaterThan10000_ExportFirst1000RecordCreatorAsHTML -->
      <class name="BasicSearchOnTest.BS_FilterResult_VerifyCollectionAndSubjects">
        <test-method status="PASS" signature="VerifyCollectionAndSubjects()[pri:0, instance:BasicSearchOnTest.BS_FilterResult_VerifyCollectionAndSubjects@1f23557]" name="VerifyCollectionAndSubjects" duration-ms="29437" started-at="2019-07-29T15:26:04Z" finished-at="2019-07-29T15:26:33Z">
          <reporter-output>
          </reporter-output>
        </test-method> <!-- VerifyCollectionAndSubjects -->
      </class> <!-- BasicSearchOnTest.BS_FilterResult_VerifyCollectionAndSubjects -->
      <class name="BasicSearchOnTest.BS_LessThan10000_ExportAllRecordCreatorsAsCSV">
        <test-method status="PASS" signature="ExportAllRecordCreatorsAsCSV()[pri:0, instance:BasicSearchOnTest.BS_LessThan10000_ExportAllRecordCreatorsAsCSV@698dc7]" name="ExportAllRecordCreatorsAsCSV" duration-ms="40787" started-at="2019-07-29T15:28:55Z" finished-at="2019-07-29T15:29:36Z">
          <reporter-output>
          </reporter-output>
        </test-method> <!-- ExportAllRecordCreatorsAsCSV -->
      </class> <!-- BasicSearchOnTest.BS_LessThan10000_ExportAllRecordCreatorsAsCSV -->
      <class name="BasicSearchOnTest.BS_VerifyTotalNoOfRecordsEachLink">
        <test-method status="PASS" signature="VerifyTotalNoOfRecordsEachLink()[pri:0, instance:BasicSearchOnTest.BS_VerifyTotalNoOfRecordsEachLink@a242ce]" name="VerifyTotalNoOfRecordsEachLink" duration-ms="37831" started-at="2019-07-29T15:32:08Z" finished-at="2019-07-29T15:32:46Z">
          <reporter-output>
          </reporter-output>
        </test-method> <!-- VerifyTotalNoOfRecordsEachLink -->
      </class> <!-- BasicSearchOnTest.BS_VerifyTotalNoOfRecordsEachLink -->
      <class name="BasicSearchOnTest.BS_LessThan10000ExportAllRecordsAsCSV">
        <test-method status="PASS" signature="LessThan10000ExportAllRecordsAsCSV()[pri:0, instance:BasicSearchOnTest.BS_LessThan10000ExportAllRecordsAsCSV@1379752]" name="LessThan10000ExportAllRecordsAsCSV" duration-ms="43044" started-at="2019-07-29T15:30:37Z" finished-at="2019-07-29T15:31:20Z">
          <reporter-output>
          </reporter-output>
        </test-method> <!-- LessThan10000ExportAllRecordsAsCSV -->
      </class> <!-- BasicSearchOnTest.BS_LessThan10000ExportAllRecordsAsCSV -->
    </test> <!-- BasicSearchOnTest -->
    <test name="FindAnAichiveOnTest" duration-ms="246526" started-at="2019-07-29T15:32:46Z" finished-at="2019-07-29T15:36:53Z">
      <class name="FindAnAichiveOnTest.FA_Export1000RecordsAsXML">
        <test-method status="PASS" signature="Export1000RecordsAsXML()[pri:0, instance:FindAnAichiveOnTest.FA_Export1000RecordsAsXML@9f5c0d]" name="Export1000RecordsAsXML" duration-ms="34153" started-at="2019-07-29T15:35:19Z" finished-at="2019-07-29T15:35:53Z">
          <reporter-output>
          </reporter-output>
        </test-method> <!-- Export1000RecordsAsXML -->
      </class> <!-- FindAnAichiveOnTest.FA_Export1000RecordsAsXML -->
      <class name="FindAnAichiveOnTest.FA_ChooseRegion">
        <test-method status="PASS" signature="launchBrowser()[pri:0, instance:FindAnAichiveOnTest.FA_ChooseRegion@1bd940d]" name="launchBrowser" is-config="true" duration-ms="7155" started-at="2019-07-29T15:33:21Z" finished-at="2019-07-29T15:33:29Z">
          <reporter-output>
          </reporter-output>
        </test-method> <!-- launchBrowser -->
        <test-method status="PASS" signature="region()[pri:0, instance:FindAnAichiveOnTest.FA_ChooseRegion@1bd940d]" name="region" duration-ms="6788" started-at="2019-07-29T15:33:29Z" finished-at="2019-07-29T15:33:35Z">
          <reporter-output>
          </reporter-output>
        </test-method> <!-- region -->
        <test-method status="PASS" signature="closeBrowser()[pri:0, instance:FindAnAichiveOnTest.FA_ChooseRegion@1bd940d]" name="closeBrowser" is-config="true" duration-ms="621" started-at="2019-07-29T15:33:35Z" finished-at="2019-07-29T15:33:36Z">
          <reporter-output>
          </reporter-output>
        </test-method> <!-- closeBrowser -->
        <test-method status="PASS" signature="launchBrowser()[pri:0, instance:FindAnAichiveOnTest.FA_ChooseRegion@1bd940d]" name="launchBrowser" is-config="true" duration-ms="7071" started-at="2019-07-29T15:33:36Z" finished-at="2019-07-29T15:33:43Z">
          <reporter-output>
          </reporter-output>
        </test-method> <!-- launchBrowser -->
        <test-method status="PASS" signature="region2()[pri:0, instance:FindAnAichiveOnTest.FA_ChooseRegion@1bd940d]" name="region2" duration-ms="6755" started-at="2019-07-29T15:33:43Z" finished-at="2019-07-29T15:33:50Z">
          <reporter-output>
          </reporter-output>
        </test-method> <!-- region2 -->
        <test-method status="PASS" signature="closeBrowser()[pri:0, instance:FindAnAichiveOnTest.FA_ChooseRegion@1bd940d]" name="closeBrowser" is-config="true" duration-ms="625" started-at="2019-07-29T15:33:50Z" finished-at="2019-07-29T15:33:50Z">
          <reporter-output>
          </reporter-output>
        </test-method> <!-- closeBrowser -->
        <test-method status="PASS" signature="launchBrowser()[pri:0, instance:FindAnAichiveOnTest.FA_ChooseRegion@1bd940d]" name="launchBrowser" is-config="true" duration-ms="7329" started-at="2019-07-29T15:33:50Z" finished-at="2019-07-29T15:33:58Z">
          <reporter-output>
          </reporter-output>
        </test-method> <!-- launchBrowser -->
        <test-method status="PASS" signature="region3()[pri:0, instance:FindAnAichiveOnTest.FA_ChooseRegion@1bd940d]" name="region3" duration-ms="6692" started-at="2019-07-29T15:33:58Z" finished-at="2019-07-29T15:34:04Z">
          <reporter-output>
          </reporter-output>
        </test-method> <!-- region3 -->
        <test-method status="PASS" signature="closeBrowser()[pri:0, instance:FindAnAichiveOnTest.FA_ChooseRegion@1bd940d]" name="closeBrowser" is-config="true" duration-ms="624" started-at="2019-07-29T15:34:04Z" finished-at="2019-07-29T15:34:05Z">
          <reporter-output>
          </reporter-output>
        </test-method> <!-- closeBrowser -->
      </class> <!-- FindAnAichiveOnTest.FA_ChooseRegion -->
      <class name="FindAnAichiveOnTest.FA_UsingMap">
        <test-method status="PASS" signature="launchBrowser()[pri:0, instance:FindAnAichiveOnTest.FA_UsingMap@1695df3]" name="launchBrowser" is-config="true" duration-ms="7270" started-at="2019-07-29T15:34:51Z" finished-at="2019-07-29T15:34:58Z">
          <reporter-output>
          </reporter-output>
        </test-method> <!-- launchBrowser -->
        <test-method status="PASS" signature="BrowseCountryname2()[pri:0, instance:FindAnAichiveOnTest.FA_UsingMap@1695df3]" name="BrowseCountryname2" duration-ms="6554" started-at="2019-07-29T15:34:58Z" finished-at="2019-07-29T15:35:05Z">
          <reporter-output>
          </reporter-output>
        </test-method> <!-- BrowseCountryname2 -->
        <test-method status="PASS" signature="closeBrowser()[pri:0, instance:FindAnAichiveOnTest.FA_UsingMap@1695df3]" name="closeBrowser" is-config="true" duration-ms="622" started-at="2019-07-29T15:35:05Z" finished-at="2019-07-29T15:35:05Z">
          <reporter-output>
          </reporter-output>
        </test-method> <!-- closeBrowser -->
        <test-method status="PASS" signature="launchBrowser()[pri:0, instance:FindAnAichiveOnTest.FA_UsingMap@1695df3]" name="launchBrowser" is-config="true" duration-ms="6969" started-at="2019-07-29T15:35:05Z" finished-at="2019-07-29T15:35:12Z">
          <reporter-output>
          </reporter-output>
        </test-method> <!-- launchBrowser -->
        <test-method status="PASS" signature="usingmap()[pri:0, instance:FindAnAichiveOnTest.FA_UsingMap@1695df3]" name="usingmap" duration-ms="6488" started-at="2019-07-29T15:35:12Z" finished-at="2019-07-29T15:35:19Z">
          <reporter-output>
          </reporter-output>
        </test-method> <!-- usingmap -->
        <test-method status="PASS" signature="closeBrowser()[pri:0, instance:FindAnAichiveOnTest.FA_UsingMap@1695df3]" name="closeBrowser" is-config="true" duration-ms="622" started-at="2019-07-29T15:35:19Z" finished-at="2019-07-29T15:35:19Z">
          <reporter-output>
          </reporter-output>
        </test-method> <!-- closeBrowser -->
      </class> <!-- FindAnAichiveOnTest.FA_UsingMap -->
      <class name="FindAnAichiveOnTest.FA_ExportAllRecordsAsCSV">
        <test-method status="PASS" signature="ExportAllRecordsAsCSV()[pri:0, instance:FindAnAichiveOnTest.FA_ExportAllRecordsAsCSV@1e3a06f]" name="ExportAllRecordsAsCSV" duration-ms="29104" started-at="2019-07-29T15:35:53Z" finished-at="2019-07-29T15:36:23Z">
          <reporter-output>
          </reporter-output>
        </test-method> <!-- ExportAllRecordsAsCSV -->
      </class> <!-- FindAnAichiveOnTest.FA_ExportAllRecordsAsCSV -->
      <class name="FindAnAichiveOnTest.FA_BrowseByCountryName">
        <test-method status="PASS" signature="launchBrowser()[pri:0, instance:FindAnAichiveOnTest.FA_BrowseByCountryName@39f68d]" name="launchBrowser" is-config="true" duration-ms="7360" started-at="2019-07-29T15:32:46Z" finished-at="2019-07-29T15:32:54Z">
          <reporter-output>
          </reporter-output>
        </test-method> <!-- launchBrowser -->
        <test-method status="PASS" signature="BrowseCountryname()[pri:0, instance:FindAnAichiveOnTest.FA_BrowseByCountryName@39f68d]" name="BrowseCountryname" duration-ms="9894" started-at="2019-07-29T15:32:54Z" finished-at="2019-07-29T15:33:03Z">
          <reporter-output>
          </reporter-output>
        </test-method> <!-- BrowseCountryname -->
        <test-method status="PASS" signature="closeBrowser()[pri:0, instance:FindAnAichiveOnTest.FA_BrowseByCountryName@39f68d]" name="closeBrowser" is-config="true" duration-ms="639" started-at="2019-07-29T15:33:03Z" finished-at="2019-07-29T15:33:04Z">
          <reporter-output>
          </reporter-output>
        </test-method> <!-- closeBrowser -->
        <test-method status="PASS" signature="launchBrowser()[pri:0, instance:FindAnAichiveOnTest.FA_BrowseByCountryName@39f68d]" name="launchBrowser" is-config="true" duration-ms="6972" started-at="2019-07-29T15:33:04Z" finished-at="2019-07-29T15:33:11Z">
          <reporter-output>
          </reporter-output>
        </test-method> <!-- launchBrowser -->
        <test-method status="PASS" signature="BrowseCountryname2()[pri:0, instance:FindAnAichiveOnTest.FA_BrowseByCountryName@39f68d]" name="BrowseCountryname2" duration-ms="9687" started-at="2019-07-29T15:33:11Z" finished-at="2019-07-29T15:33:21Z">
          <reporter-output>
          </reporter-output>
        </test-method> <!-- BrowseCountryname2 -->
        <test-method status="PASS" signature="closeBrowser()[pri:0, instance:FindAnAichiveOnTest.FA_BrowseByCountryName@39f68d]" name="closeBrowser" is-config="true" duration-ms="633" started-at="2019-07-29T15:33:21Z" finished-at="2019-07-29T15:33:21Z">
          <reporter-output>
          </reporter-output>
        </test-method> <!-- closeBrowser -->
      </class> <!-- FindAnAichiveOnTest.FA_BrowseByCountryName -->
      <class name="FindAnAichiveOnTest.FA_HomeNation">
        <test-method status="PASS" signature="launchBrowser()[pri:0, instance:FindAnAichiveOnTest.FA_HomeNation@1d15f18]" name="launchBrowser" is-config="true" duration-ms="3985" started-at="2019-07-29T15:34:05Z" finished-at="2019-07-29T15:34:09Z">
          <reporter-output>
          </reporter-output>
        </test-method> <!-- launchBrowser -->
        <test-method status="PASS" signature="FourthHomeNation()[pri:0, instance:FindAnAichiveOnTest.FA_HomeNation@1d15f18]" name="FourthHomeNation" duration-ms="6542" started-at="2019-07-29T15:34:09Z" finished-at="2019-07-29T15:34:16Z">
          <reporter-output>
          </reporter-output>
        </test-method> <!-- FourthHomeNation -->
        <test-method status="PASS" signature="closebrowser()[pri:0, instance:FindAnAichiveOnTest.FA_HomeNation@1d15f18]" name="closebrowser" is-config="true" duration-ms="630" started-at="2019-07-29T15:34:16Z" finished-at="2019-07-29T15:34:16Z">
          <reporter-output>
          </reporter-output>
        </test-method> <!-- closebrowser -->
        <test-method status="PASS" signature="launchBrowser()[pri:0, instance:FindAnAichiveOnTest.FA_HomeNation@1d15f18]" name="launchBrowser" is-config="true" duration-ms="4240" started-at="2019-07-29T15:34:16Z" finished-at="2019-07-29T15:34:20Z">
          <reporter-output>
          </reporter-output>
        </test-method> <!-- launchBrowser -->
        <test-method status="PASS" signature="ThirdHomeNation()[pri:0, instance:FindAnAichiveOnTest.FA_HomeNation@1d15f18]" name="ThirdHomeNation" duration-ms="6601" started-at="2019-07-29T15:34:20Z" finished-at="2019-07-29T15:34:27Z">
          <reporter-output>
          </reporter-output>
        </test-method> <!-- ThirdHomeNation -->
        <test-method status="PASS" signature="closebrowser()[pri:0, instance:FindAnAichiveOnTest.FA_HomeNation@1d15f18]" name="closebrowser" is-config="true" duration-ms="622" started-at="2019-07-29T15:34:27Z" finished-at="2019-07-29T15:34:28Z">
          <reporter-output>
          </reporter-output>
        </test-method> <!-- closebrowser -->
        <test-method status="PASS" signature="launchBrowser()[pri:0, instance:FindAnAichiveOnTest.FA_HomeNation@1d15f18]" name="launchBrowser" is-config="true" duration-ms="3960" started-at="2019-07-29T15:34:28Z" finished-at="2019-07-29T15:34:32Z">
          <reporter-output>
          </reporter-output>
        </test-method> <!-- launchBrowser -->
        <test-method status="PASS" signature="firstHomeNation()[pri:0, instance:FindAnAichiveOnTest.FA_HomeNation@1d15f18]" name="firstHomeNation" duration-ms="7061" started-at="2019-07-29T15:34:32Z" finished-at="2019-07-29T15:34:39Z">
          <reporter-output>
          </reporter-output>
        </test-method> <!-- firstHomeNation -->
        <test-method status="PASS" signature="closebrowser()[pri:0, instance:FindAnAichiveOnTest.FA_HomeNation@1d15f18]" name="closebrowser" is-config="true" duration-ms="614" started-at="2019-07-29T15:34:39Z" finished-at="2019-07-29T15:34:39Z">
          <reporter-output>
          </reporter-output>
        </test-method> <!-- closebrowser -->
        <test-method status="PASS" signature="launchBrowser()[pri:0, instance:FindAnAichiveOnTest.FA_HomeNation@1d15f18]" name="launchBrowser" is-config="true" duration-ms="4160" started-at="2019-07-29T15:34:39Z" finished-at="2019-07-29T15:34:43Z">
          <reporter-output>
          </reporter-output>
        </test-method> <!-- launchBrowser -->
        <test-method status="PASS" signature="secondHomeNation()[pri:0, instance:FindAnAichiveOnTest.FA_HomeNation@1d15f18]" name="secondHomeNation" duration-ms="6687" started-at="2019-07-29T15:34:43Z" finished-at="2019-07-29T15:34:50Z">
          <reporter-output>
          </reporter-output>
        </test-method> <!-- secondHomeNation -->
        <test-method status="PASS" signature="closebrowser()[pri:0, instance:FindAnAichiveOnTest.FA_HomeNation@1d15f18]" name="closebrowser" is-config="true" duration-ms="612" started-at="2019-07-29T15:34:50Z" finished-at="2019-07-29T15:34:51Z">
          <reporter-output>
          </reporter-output>
        </test-method> <!-- closebrowser -->
      </class> <!-- FindAnAichiveOnTest.FA_HomeNation -->
      <class name="FindAnAichiveOnTest.FA_ExportFirst1000RecordCreatorAsHTML">
        <test-method status="PASS" signature="ExportFirst1000RecordCreatorAsHTML()[pri:0, instance:FindAnAichiveOnTest.FA_ExportFirst1000RecordCreatorAsHTML@b10754]" name="ExportFirst1000RecordCreatorAsHTML" duration-ms="30170" started-at="2019-07-29T15:36:23Z" finished-at="2019-07-29T15:36:53Z">
          <reporter-output>
          </reporter-output>
        </test-method> <!-- ExportFirst1000RecordCreatorAsHTML -->
      </class> <!-- FindAnAichiveOnTest.FA_ExportFirst1000RecordCreatorAsHTML -->
    </test> <!-- FindAnAichiveOnTest -->
    <test name="ManorSearchOnTest" duration-ms="43148" started-at="2019-07-29T15:36:53Z" finished-at="2019-07-29T15:37:36Z">
      <class name="ManorSearchOnTest.MS_ForManorDocuments_VerifyRecords">
        <test-method status="PASS" signature="ForManorDocuments_VerifyRecords()[pri:0, instance:ManorSearchOnTest.MS_ForManorDocuments_VerifyRecords@a9f84e]" name="ForManorDocuments_VerifyRecords" duration-ms="28007" started-at="2019-07-29T15:37:08Z" finished-at="2019-07-29T15:37:36Z">
          <reporter-output>
          </reporter-output>
        </test-method> <!-- ForManorDocuments_VerifyRecords -->
      </class> <!-- ManorSearchOnTest.MS_ForManorDocuments_VerifyRecords -->
      <class name="ManorSearchOnTest.MS_ByManor_VerifyRecordsCreator">
        <test-method status="PASS" signature="ByManor_VerifyRecordsCreator()[pri:0, instance:ManorSearchOnTest.MS_ByManor_VerifyRecordsCreator@294adb]" name="ByManor_VerifyRecordsCreator" duration-ms="15138" started-at="2019-07-29T15:36:53Z" finished-at="2019-07-29T15:37:08Z">
          <reporter-output>
          </reporter-output>
        </test-method> <!-- ByManor_VerifyRecordsCreator -->
      </class> <!-- ManorSearchOnTest.MS_ByManor_VerifyRecordsCreator -->
    </test> <!-- ManorSearchOnTest -->
    <test name="DetailPageOnTest" duration-ms="143452" started-at="2019-07-29T15:37:36Z" finished-at="2019-07-29T15:39:59Z">
      <class name="DetailPageOnTest.DetailPage_ErrorOnRecordDescription">
        <test-method status="PASS" signature="DetailPage_ErrorOnRecordDescription()[pri:0, instance:DetailPageOnTest.DetailPage_ErrorOnRecordDescription@4aea35]" name="DetailPage_ErrorOnRecordDescription" duration-ms="10496" started-at="2019-07-29T15:38:35Z" finished-at="2019-07-29T15:38:46Z">
          <reporter-output>
          </reporter-output>
        </test-method> <!-- DetailPage_ErrorOnRecordDescription -->
      </class> <!-- DetailPageOnTest.DetailPage_ErrorOnRecordDescription -->
      <class name="DetailPageOnTest.DetailPage_ShowImages_Offsite">
        <test-method status="PASS" signature="DetailPage_ShowImages()[pri:0, instance:DetailPageOnTest.DetailPage_ShowImages_Offsite@e807c6]" name="DetailPage_ShowImages" duration-ms="5359" started-at="2019-07-29T15:39:54Z" finished-at="2019-07-29T15:39:59Z">
          <reporter-output>
          </reporter-output>
        </test-method> <!-- DetailPage_ShowImages -->
      </class> <!-- DetailPageOnTest.DetailPage_ShowImages_Offsite -->
      <class name="DetailPageOnTest.DetailPage_CouldThisPageBeImproved_NO">
        <test-method status="FAIL" signature="DetailPage_CouldThisPageBeImproved_NO()[pri:0, instance:DetailPageOnTest.DetailPage_CouldThisPageBeImproved_NO@42d7b5]" name="DetailPage_CouldThisPageBeImproved_NO" duration-ms="34194" started-at="2019-07-29T15:38:46Z" finished-at="2019-07-29T15:39:20Z">
          <exception class="org.openqa.selenium.NoSuchElementException">
            <message>
              <![CDATA[no such element: Unable to locate element: {"method":"id","selector":"room-for-improvement-no"}
  (Session info: chrome=75.0.3770.142)
  (Driver info: chromedriver=2.36.540470 (e522d04694c7ebea4ba8821272dbef4f9b818c91),platform=Windows NT 10.0.14393 x86_64) (WARNING: The server did not provide any stacktrace information)
Command duration or timeout: 0 milliseconds
For documentation on this error, please visit: http://seleniumhq.org/exceptions/no_such_element.html
Build info: version: '3.14.0', revision: 'aacccce0', time: '2018-08-02T20:05:20.749Z'
System info: host: 'EC2AMAZ-UMIME9S', ip: '10.128.2.115', os.name: 'Windows Server 2016', os.arch: 'x86', os.version: '10.0', java.version: '1.8.0_201'
Driver info: org.openqa.selenium.chrome.ChromeDriver
Capabilities {acceptInsecureCerts: false, acceptSslCerts: false, applicationCacheEnabled: false, browserConnectionEnabled: false, browserName: chrome, chrome: {chromedriverVersion: 2.36.540470 (e522d04694c7eb..., userDataDir: C:\Users\ADMINI~1\AppData\L...}, cssSelectorsEnabled: true, databaseEnabled: false, handlesAlerts: true, hasTouchScreen: false, javascriptEnabled: true, locationContextEnabled: true, mobileEmulationEnabled: false, nativeEvents: true, networkConnectionEnabled: false, pageLoadStrategy: normal, platform: XP, platformName: XP, rotatable: false, setWindowRect: true, takesHeapSnapshot: true, takesScreenshot: true, unexpectedAlertBehaviour: , unhandledPromptBehavior: , version: 75.0.3770.142, webStorageEnabled: true}
Session ID: 3167c001b9cab23cedd0f24344a7a430
*** Element info: {Using=id, value=room-for-improvement-no}]]>
            </message>
            <full-stacktrace>
              <![CDATA[org.openqa.selenium.NoSuchElementException: no such element: Unable to locate element: {"method":"id","selector":"room-for-improvement-no"}
  (Session info: chrome=75.0.3770.142)
  (Driver info: chromedriver=2.36.540470 (e522d04694c7ebea4ba8821272dbef4f9b818c91),platform=Windows NT 10.0.14393 x86_64) (WARNING: The server did not provide any stacktrace information)
Command duration or timeout: 0 milliseconds
For documentation on this error, please visit: http://seleniumhq.org/exceptions/no_such_element.html
Build info: version: '3.14.0', revision: 'aacccce0', time: '2018-08-02T20:05:20.749Z'
System info: host: 'EC2AMAZ-UMIME9S', ip: '10.128.2.115', os.name: 'Windows Server 2016', os.arch: 'x86', os.version: '10.0', java.version: '1.8.0_201'
Driver info: org.openqa.selenium.chrome.ChromeDriver
Capabilities {acceptInsecureCerts: false, acceptSslCerts: false, applicationCacheEnabled: false, browserConnectionEnabled: false, browserName: chrome, chrome: {chromedriverVersion: 2.36.540470 (e522d04694c7eb..., userDataDir: C:\Users\ADMINI~1\AppData\L...}, cssSelectorsEnabled: true, databaseEnabled: false, handlesAlerts: true, hasTouchScreen: false, javascriptEnabled: true, locationContextEnabled: true, mobileEmulationEnabled: false, nativeEvents: true, networkConnectionEnabled: false, pageLoadStrategy: normal, platform: XP, platformName: XP, rotatable: false, setWindowRect: true, takesHeapSnapshot: true, takesScreenshot: true, unexpectedAlertBehaviour: , unhandledPromptBehavior: , version: 75.0.3770.142, webStorageEnabled: true}
Session ID: 3167c001b9cab23cedd0f24344a7a430
*** Element info: {Using=id, value=room-for-improvement-no}
at sun.reflect.NativeConstructorAccessorImpl.newInstance0(Native Method)
at sun.reflect.NativeConstructorAccessorImpl.newInstance(Unknown Source)
at sun.reflect.DelegatingConstructorAccessorImpl.newInstance(Unknown Source)
at java.lang.reflect.Constructor.newInstance(Unknown Source)
at org.openqa.selenium.remote.ErrorHandler.createThrowable(ErrorHandler.java:214)
at org.openqa.selenium.remote.ErrorHandler.throwIfResponseFailed(ErrorHandler.java:166)
at org.openqa.selenium.remote.http.JsonHttpResponseCodec.reconstructValue(JsonHttpResponseCodec.java:40)
at org.openqa.selenium.remote.http.AbstractHttpResponseCodec.decode(AbstractHttpResponseCodec.java:80)
at org.openqa.selenium.remote.http.AbstractHttpResponseCodec.decode(AbstractHttpResponseCodec.java:44)
at org.openqa.selenium.remote.HttpCommandExecutor.execute(HttpCommandExecutor.java:158)
at org.openqa.selenium.remote.service.DriverCommandExecutor.execute(DriverCommandExecutor.java:83)
at org.openqa.selenium.remote.RemoteWebDriver.execute(RemoteWebDriver.java:548)
at org.openqa.selenium.remote.RemoteWebDriver.findElement(RemoteWebDriver.java:322)
at org.openqa.selenium.remote.RemoteWebDriver.findElementById(RemoteWebDriver.java:368)
at wrappers.Wrapper_methods.clickbyID(Wrapper_methods.java:90)
at DetailPageOnTest.DetailPage_CouldThisPageBeImproved_NO.DetailPage_CouldThisPageBeImproved_NO(DetailPage_CouldThisPageBeImproved_NO.java:23)
at sun.reflect.NativeMethodAccessorImpl.invoke0(Native Method)
at sun.reflect.NativeMethodAccessorImpl.invoke(Unknown Source)
at sun.reflect.DelegatingMethodAccessorImpl.invoke(Unknown Source)
at java.lang.reflect.Method.invoke(Unknown Source)
at org.testng.internal.MethodInvocationHelper.invokeMethod(MethodInvocationHelper.java:124)
at org.testng.internal.Invoker.invokeMethod(Invoker.java:580)
at org.testng.internal.Invoker.invokeTestMethod(Invoker.java:716)
at org.testng.internal.Invoker.invokeTestMethods(Invoker.java:988)
at org.testng.internal.TestMethodWorker.invokeTestMethods(TestMethodWorker.java:125)
at org.testng.internal.TestMethodWorker.run(TestMethodWorker.java:109)
at org.testng.TestRunner.privateRun(TestRunner.java:648)
at org.testng.TestRunner.run(TestRunner.java:505)
at org.testng.SuiteRunner.runTest(SuiteRunner.java:455)
at org.testng.SuiteRunner.runSequentially(SuiteRunner.java:450)
at org.testng.SuiteRunner.privateRun(SuiteRunner.java:415)
at org.testng.SuiteRunner.run(SuiteRunner.java:364)
at org.testng.SuiteRunnerWorker.runSuite(SuiteRunnerWorker.java:52)
at org.testng.SuiteRunnerWorker.run(SuiteRunnerWorker.java:84)
at org.testng.TestNG.runSuitesSequentially(TestNG.java:1208)
at org.testng.TestNG.runSuitesLocally(TestNG.java:1137)
at org.testng.TestNG.runSuites(TestNG.java:1049)
at org.testng.TestNG.run(TestNG.java:1017)
at org.testng.remote.AbstractRemoteTestNG.run(AbstractRemoteTestNG.java:114)
at org.testng.remote.RemoteTestNG.initAndRun(RemoteTestNG.java:251)
at org.testng.remote.RemoteTestNG.main(RemoteTestNG.java:77)
]]>
            </full-stacktrace>
          </exception> <!-- org.openqa.selenium.NoSuchElementException -->
          <reporter-output>
          </reporter-output>
        </test-method> <!-- DetailPage_CouldThisPageBeImproved_NO -->
      </class> <!-- DetailPageOnTest.DetailPage_CouldThisPageBeImproved_NO -->
      <class name="DetailPageOnTest.DetailPage_CouldThisPageBeImproved_Yes">
        <test-method status="FAIL" signature="DetailPage_CouldThisPageBeImproved_Yes()[pri:0, instance:DetailPageOnTest.DetailPage_CouldThisPageBeImproved_Yes@fee8e7]" name="DetailPage_CouldThisPageBeImproved_Yes" duration-ms="34170" started-at="2019-07-29T15:39:20Z" finished-at="2019-07-29T15:39:54Z">
          <exception class="org.openqa.selenium.NoSuchElementException">
            <message>
              <![CDATA[no such element: Unable to locate element: {"method":"id","selector":"room-for-improvement-yes"}
  (Session info: chrome=75.0.3770.142)
  (Driver info: chromedriver=2.36.540470 (e522d04694c7ebea4ba8821272dbef4f9b818c91),platform=Windows NT 10.0.14393 x86_64) (WARNING: The server did not provide any stacktrace information)
Command duration or timeout: 0 milliseconds
For documentation on this error, please visit: http://seleniumhq.org/exceptions/no_such_element.html
Build info: version: '3.14.0', revision: 'aacccce0', time: '2018-08-02T20:05:20.749Z'
System info: host: 'EC2AMAZ-UMIME9S', ip: '10.128.2.115', os.name: 'Windows Server 2016', os.arch: 'x86', os.version: '10.0', java.version: '1.8.0_201'
Driver info: org.openqa.selenium.chrome.ChromeDriver
Capabilities {acceptInsecureCerts: false, acceptSslCerts: false, applicationCacheEnabled: false, browserConnectionEnabled: false, browserName: chrome, chrome: {chromedriverVersion: 2.36.540470 (e522d04694c7eb..., userDataDir: C:\Users\ADMINI~1\AppData\L...}, cssSelectorsEnabled: true, databaseEnabled: false, handlesAlerts: true, hasTouchScreen: false, javascriptEnabled: true, locationContextEnabled: true, mobileEmulationEnabled: false, nativeEvents: true, networkConnectionEnabled: false, pageLoadStrategy: normal, platform: XP, platformName: XP, rotatable: false, setWindowRect: true, takesHeapSnapshot: true, takesScreenshot: true, unexpectedAlertBehaviour: , unhandledPromptBehavior: , version: 75.0.3770.142, webStorageEnabled: true}
Session ID: 5afc2f1d7a6d37d67af2ce6bde2751c9
*** Element info: {Using=id, value=room-for-improvement-yes}]]>
            </message>
            <full-stacktrace>
              <![CDATA[org.openqa.selenium.NoSuchElementException: no such element: Unable to locate element: {"method":"id","selector":"room-for-improvement-yes"}
  (Session info: chrome=75.0.3770.142)
  (Driver info: chromedriver=2.36.540470 (e522d04694c7ebea4ba8821272dbef4f9b818c91),platform=Windows NT 10.0.14393 x86_64) (WARNING: The server did not provide any stacktrace information)
Command duration or timeout: 0 milliseconds
For documentation on this error, please visit: http://seleniumhq.org/exceptions/no_such_element.html
Build info: version: '3.14.0', revision: 'aacccce0', time: '2018-08-02T20:05:20.749Z'
System info: host: 'EC2AMAZ-UMIME9S', ip: '10.128.2.115', os.name: 'Windows Server 2016', os.arch: 'x86', os.version: '10.0', java.version: '1.8.0_201'
Driver info: org.openqa.selenium.chrome.ChromeDriver
Capabilities {acceptInsecureCerts: false, acceptSslCerts: false, applicationCacheEnabled: false, browserConnectionEnabled: false, browserName: chrome, chrome: {chromedriverVersion: 2.36.540470 (e522d04694c7eb..., userDataDir: C:\Users\ADMINI~1\AppData\L...}, cssSelectorsEnabled: true, databaseEnabled: false, handlesAlerts: true, hasTouchScreen: false, javascriptEnabled: true, locationContextEnabled: true, mobileEmulationEnabled: false, nativeEvents: true, networkConnectionEnabled: false, pageLoadStrategy: normal, platform: XP, platformName: XP, rotatable: false, setWindowRect: true, takesHeapSnapshot: true, takesScreenshot: true, unexpectedAlertBehaviour: , unhandledPromptBehavior: , version: 75.0.3770.142, webStorageEnabled: true}
Session ID: 5afc2f1d7a6d37d67af2ce6bde2751c9
*** Element info: {Using=id, value=room-for-improvement-yes}
at sun.reflect.NativeConstructorAccessorImpl.newInstance0(Native Method)
at sun.reflect.NativeConstructorAccessorImpl.newInstance(Unknown Source)
at sun.reflect.DelegatingConstructorAccessorImpl.newInstance(Unknown Source)
at java.lang.reflect.Constructor.newInstance(Unknown Source)
at org.openqa.selenium.remote.ErrorHandler.createThrowable(ErrorHandler.java:214)
at org.openqa.selenium.remote.ErrorHandler.throwIfResponseFailed(ErrorHandler.java:166)
at org.openqa.selenium.remote.http.JsonHttpResponseCodec.reconstructValue(JsonHttpResponseCodec.java:40)
at org.openqa.selenium.remote.http.AbstractHttpResponseCodec.decode(AbstractHttpResponseCodec.java:80)
at org.openqa.selenium.remote.http.AbstractHttpResponseCodec.decode(AbstractHttpResponseCodec.java:44)
at org.openqa.selenium.remote.HttpCommandExecutor.execute(HttpCommandExecutor.java:158)
at org.openqa.selenium.remote.service.DriverCommandExecutor.execute(DriverCommandExecutor.java:83)
at org.openqa.selenium.remote.RemoteWebDriver.execute(RemoteWebDriver.java:548)
at org.openqa.selenium.remote.RemoteWebDriver.findElement(RemoteWebDriver.java:322)
at org.openqa.selenium.remote.RemoteWebDriver.findElementById(RemoteWebDriver.java:368)
at wrappers.Wrapper_methods.clickbyID(Wrapper_methods.java:90)
at DetailPageOnTest.DetailPage_CouldThisPageBeImproved_Yes.DetailPage_CouldThisPageBeImproved_Yes(DetailPage_CouldThisPageBeImproved_Yes.java:23)
at sun.reflect.NativeMethodAccessorImpl.invoke0(Native Method)
at sun.reflect.NativeMethodAccessorImpl.invoke(Unknown Source)
at sun.reflect.DelegatingMethodAccessorImpl.invoke(Unknown Source)
at java.lang.reflect.Method.invoke(Unknown Source)
at org.testng.internal.MethodInvocationHelper.invokeMethod(MethodInvocationHelper.java:124)
at org.testng.internal.Invoker.invokeMethod(Invoker.java:580)
at org.testng.internal.Invoker.invokeTestMethod(Invoker.java:716)
at org.testng.internal.Invoker.invokeTestMethods(Invoker.java:988)
at org.testng.internal.TestMethodWorker.invokeTestMethods(TestMethodWorker.java:125)
at org.testng.internal.TestMethodWorker.run(TestMethodWorker.java:109)
at org.testng.TestRunner.privateRun(TestRunner.java:648)
at org.testng.TestRunner.run(TestRunner.java:505)
at org.testng.SuiteRunner.runTest(SuiteRunner.java:455)
at org.testng.SuiteRunner.runSequentially(SuiteRunner.java:450)
at org.testng.SuiteRunner.privateRun(SuiteRunner.java:415)
at org.testng.SuiteRunner.run(SuiteRunner.java:364)
at org.testng.SuiteRunnerWorker.runSuite(SuiteRunnerWorker.java:52)
at org.testng.SuiteRunnerWorker.run(SuiteRunnerWorker.java:84)
at org.testng.TestNG.runSuitesSequentially(TestNG.java:1208)
at org.testng.TestNG.runSuitesLocally(TestNG.java:1137)
at org.testng.TestNG.runSuites(TestNG.java:1049)
at org.testng.TestNG.run(TestNG.java:1017)
at org.testng.remote.AbstractRemoteTestNG.run(AbstractRemoteTestNG.java:114)
at org.testng.remote.RemoteTestNG.initAndRun(RemoteTestNG.java:251)
at org.testng.remote.RemoteTestNG.main(RemoteTestNG.java:77)
]]>
            </full-stacktrace>
          </exception> <!-- org.openqa.selenium.NoSuchElementException -->
          <reporter-output>
          </reporter-output>
        </test-method> <!-- DetailPage_CouldThisPageBeImproved_Yes -->
      </class> <!-- DetailPageOnTest.DetailPage_CouldThisPageBeImproved_Yes -->
      <class name="DetailPageOnTest.Verify_DetailPage_OnAllLevels">
        <test-method status="PASS" signature="detailPgae()[pri:0, instance:DetailPageOnTest.Verify_DetailPage_OnAllLevels@2c9341]" name="detailPgae" duration-ms="52345" started-at="2019-07-29T15:37:36Z" finished-at="2019-07-29T15:38:28Z">
          <reporter-output>
          </reporter-output>
        </test-method> <!-- detailPgae -->
      </class> <!-- DetailPageOnTest.Verify_DetailPage_OnAllLevels -->
      <class name="DetailPageOnTest.Verify_DetailPage_OnSeriesLevel">
        <test-method status="PASS" signature="series_Serach()[pri:0, instance:DetailPageOnTest.Verify_DetailPage_OnSeriesLevel@464a14]" name="series_Serach" duration-ms="6872" started-at="2019-07-29T15:38:28Z" finished-at="2019-07-29T15:38:35Z">
          <reporter-output>
          </reporter-output>
        </test-method> <!-- series_Serach -->
      </class> <!-- DetailPageOnTest.Verify_DetailPage_OnSeriesLevel -->
    </test> <!-- DetailPageOnTest -->
    <test name="BrowseOnTest" duration-ms="53867" started-at="2019-07-29T15:39:59Z" finished-at="2019-07-29T15:40:53Z">
      <class name="BrowseOnTest.Browse_Archives">
        <test-method status="PASS" signature="Browse_Archives()[pri:0, instance:BrowseOnTest.Browse_Archives@10dbf45]" name="Browse_Archives" duration-ms="12915" started-at="2019-07-29T15:39:59Z" finished-at="2019-07-29T15:40:12Z">
          <reporter-output>
          </reporter-output>
        </test-method> <!-- Browse_Archives -->
      </class> <!-- BrowseOnTest.Browse_Archives -->
      <class name="BrowseOnTest.Records_Of_TNA">
        <test-method status="PASS" signature="browseRecords()[pri:0, instance:BrowseOnTest.Records_Of_TNA@1a10787]" name="browseRecords" duration-ms="10574" started-at="2019-07-29T15:40:43Z" finished-at="2019-07-29T15:40:53Z">
          <reporter-output>
          </reporter-output>
        </test-method> <!-- browseRecords -->
      </class> <!-- BrowseOnTest.Records_Of_TNA -->
      <class name="BrowseOnTest.Record_Creators">
        <test-method status="PASS" signature="recordCreators()[pri:0, instance:BrowseOnTest.Record_Creators@28586]" name="recordCreators" duration-ms="22276" started-at="2019-07-29T15:40:12Z" finished-at="2019-07-29T15:40:35Z">
          <reporter-output>
          </reporter-output>
        </test-method> <!-- recordCreators -->
      </class> <!-- BrowseOnTest.Record_Creators -->
      <class name="BrowseOnTest.Records_Of_OtherArchives">
        <test-method status="PASS" signature="otherArchives()[pri:0, instance:BrowseOnTest.Records_Of_OtherArchives@17776a8]" name="otherArchives" duration-ms="8096" started-at="2019-07-29T15:40:35Z" finished-at="2019-07-29T15:40:43Z">
          <reporter-output>
          </reporter-output>
        </test-method> <!-- otherArchives -->
      </class> <!-- BrowseOnTest.Records_Of_OtherArchives -->
    </test> <!-- BrowseOnTest -->
    <test name="TagOnTest" duration-ms="184299" started-at="2019-07-29T15:40:53Z" finished-at="2019-07-29T15:43:58Z">
      <class name="TagOnTest.DuplicateAddTag">
        <test-method status="PASS" signature="tag()[pri:0, instance:TagOnTest.DuplicateAddTag@1f828d7]" name="tag" duration-ms="24287" started-at="2019-07-29T15:41:44Z" finished-at="2019-07-29T15:42:08Z">
          <reporter-output>
          </reporter-output>
        </test-method> <!-- tag -->
      </class> <!-- TagOnTest.DuplicateAddTag -->
      <class name="TagOnTest.MaxTagLengthTest">
        <test-method status="FAIL" signature="MaxTagLength()[pri:0, instance:TagOnTest.MaxTagLengthTest@1e21d0e]" name="MaxTagLength" duration-ms="51221" started-at="2019-07-29T15:42:41Z" finished-at="2019-07-29T15:43:33Z">
          <exception class="org.openqa.selenium.NoSuchElementException">
            <message>
              <![CDATA[no such element: Unable to locate element: {"method":"xpath","selector":"//div[@class='emphasis-block']"}
  (Session info: chrome=75.0.3770.142)
  (Driver info: chromedriver=2.36.540470 (e522d04694c7ebea4ba8821272dbef4f9b818c91),platform=Windows NT 10.0.14393 x86_64) (WARNING: The server did not provide any stacktrace information)
Command duration or timeout: 0 milliseconds
For documentation on this error, please visit: http://seleniumhq.org/exceptions/no_such_element.html
Build info: version: '3.14.0', revision: 'aacccce0', time: '2018-08-02T20:05:20.749Z'
System info: host: 'EC2AMAZ-UMIME9S', ip: '10.128.2.115', os.name: 'Windows Server 2016', os.arch: 'x86', os.version: '10.0', java.version: '1.8.0_201'
Driver info: org.openqa.selenium.chrome.ChromeDriver
Capabilities {acceptInsecureCerts: false, acceptSslCerts: false, applicationCacheEnabled: false, browserConnectionEnabled: false, browserName: chrome, chrome: {chromedriverVersion: 2.36.540470 (e522d04694c7eb..., userDataDir: C:\Users\ADMINI~1\AppData\L...}, cssSelectorsEnabled: true, databaseEnabled: false, handlesAlerts: true, hasTouchScreen: false, javascriptEnabled: true, locationContextEnabled: true, mobileEmulationEnabled: false, nativeEvents: true, networkConnectionEnabled: false, pageLoadStrategy: normal, platform: XP, platformName: XP, rotatable: false, setWindowRect: true, takesHeapSnapshot: true, takesScreenshot: true, unexpectedAlertBehaviour: , unhandledPromptBehavior: , version: 75.0.3770.142, webStorageEnabled: true}
Session ID: 3c8fb4b1d731e2da4e4df5be402ec5b3
*** Element info: {Using=xpath, value=//div[@class='emphasis-block']}]]>
            </message>
            <full-stacktrace>
              <![CDATA[org.openqa.selenium.NoSuchElementException: no such element: Unable to locate element: {"method":"xpath","selector":"//div[@class='emphasis-block']"}
  (Session info: chrome=75.0.3770.142)
  (Driver info: chromedriver=2.36.540470 (e522d04694c7ebea4ba8821272dbef4f9b818c91),platform=Windows NT 10.0.14393 x86_64) (WARNING: The server did not provide any stacktrace information)
Command duration or timeout: 0 milliseconds
For documentation on this error, please visit: http://seleniumhq.org/exceptions/no_such_element.html
Build info: version: '3.14.0', revision: 'aacccce0', time: '2018-08-02T20:05:20.749Z'
System info: host: 'EC2AMAZ-UMIME9S', ip: '10.128.2.115', os.name: 'Windows Server 2016', os.arch: 'x86', os.version: '10.0', java.version: '1.8.0_201'
Driver info: org.openqa.selenium.chrome.ChromeDriver
Capabilities {acceptInsecureCerts: false, acceptSslCerts: false, applicationCacheEnabled: false, browserConnectionEnabled: false, browserName: chrome, chrome: {chromedriverVersion: 2.36.540470 (e522d04694c7eb..., userDataDir: C:\Users\ADMINI~1\AppData\L...}, cssSelectorsEnabled: true, databaseEnabled: false, handlesAlerts: true, hasTouchScreen: false, javascriptEnabled: true, locationContextEnabled: true, mobileEmulationEnabled: false, nativeEvents: true, networkConnectionEnabled: false, pageLoadStrategy: normal, platform: XP, platformName: XP, rotatable: false, setWindowRect: true, takesHeapSnapshot: true, takesScreenshot: true, unexpectedAlertBehaviour: , unhandledPromptBehavior: , version: 75.0.3770.142, webStorageEnabled: true}
Session ID: 3c8fb4b1d731e2da4e4df5be402ec5b3
*** Element info: {Using=xpath, value=//div[@class='emphasis-block']}
at sun.reflect.NativeConstructorAccessorImpl.newInstance0(Native Method)
at sun.reflect.NativeConstructorAccessorImpl.newInstance(Unknown Source)
at sun.reflect.DelegatingConstructorAccessorImpl.newInstance(Unknown Source)
at java.lang.reflect.Constructor.newInstance(Unknown Source)
at org.openqa.selenium.remote.ErrorHandler.createThrowable(ErrorHandler.java:214)
at org.openqa.selenium.remote.ErrorHandler.throwIfResponseFailed(ErrorHandler.java:166)
at org.openqa.selenium.remote.http.JsonHttpResponseCodec.reconstructValue(JsonHttpResponseCodec.java:40)
at org.openqa.selenium.remote.http.AbstractHttpResponseCodec.decode(AbstractHttpResponseCodec.java:80)
at org.openqa.selenium.remote.http.AbstractHttpResponseCodec.decode(AbstractHttpResponseCodec.java:44)
at org.openqa.selenium.remote.HttpCommandExecutor.execute(HttpCommandExecutor.java:158)
at org.openqa.selenium.remote.service.DriverCommandExecutor.execute(DriverCommandExecutor.java:83)
at org.openqa.selenium.remote.RemoteWebDriver.execute(RemoteWebDriver.java:548)
at org.openqa.selenium.remote.RemoteWebDriver.findElement(RemoteWebDriver.java:322)
at org.openqa.selenium.remote.RemoteWebDriver.findElementByXPath(RemoteWebDriver.java:424)
at TagOnTest.MaxTagLengthTest.MaxTagLength(MaxTagLength.java:43)
at sun.reflect.NativeMethodAccessorImpl.invoke0(Native Method)
at sun.reflect.NativeMethodAccessorImpl.invoke(Unknown Source)
at sun.reflect.DelegatingMethodAccessorImpl.invoke(Unknown Source)
at java.lang.reflect.Method.invoke(Unknown Source)
at org.testng.internal.MethodInvocationHelper.invokeMethod(MethodInvocationHelper.java:124)
at org.testng.internal.Invoker.invokeMethod(Invoker.java:580)
at org.testng.internal.Invoker.invokeTestMethod(Invoker.java:716)
at org.testng.internal.Invoker.invokeTestMethods(Invoker.java:988)
at org.testng.internal.TestMethodWorker.invokeTestMethods(TestMethodWorker.java:125)
at org.testng.internal.TestMethodWorker.run(TestMethodWorker.java:109)
at org.testng.TestRunner.privateRun(TestRunner.java:648)
at org.testng.TestRunner.run(TestRunner.java:505)
at org.testng.SuiteRunner.runTest(SuiteRunner.java:455)
at org.testng.SuiteRunner.runSequentially(SuiteRunner.java:450)
at org.testng.SuiteRunner.privateRun(SuiteRunner.java:415)
at org.testng.SuiteRunner.run(SuiteRunner.java:364)
at org.testng.SuiteRunnerWorker.runSuite(SuiteRunnerWorker.java:52)
at org.testng.SuiteRunnerWorker.run(SuiteRunnerWorker.java:84)
at org.testng.TestNG.runSuitesSequentially(TestNG.java:1208)
at org.testng.TestNG.runSuitesLocally(TestNG.java:1137)
at org.testng.TestNG.runSuites(TestNG.java:1049)
at org.testng.TestNG.run(TestNG.java:1017)
at org.testng.remote.AbstractRemoteTestNG.run(AbstractRemoteTestNG.java:114)
at org.testng.remote.RemoteTestNG.initAndRun(RemoteTestNG.java:251)
at org.testng.remote.RemoteTestNG.main(RemoteTestNG.java:77)
]]>
            </full-stacktrace>
          </exception> <!-- org.openqa.selenium.NoSuchElementException -->
          <reporter-output>
          </reporter-output>
        </test-method> <!-- MaxTagLength -->
      </class> <!-- TagOnTest.MaxTagLengthTest -->
      <class name="TagOnTest.DeleteTag">
        <test-method status="PASS" signature="deleteTag()[pri:0, instance:TagOnTest.DeleteTag@329302]" name="deleteTag" duration-ms="26473" started-at="2019-07-29T15:40:53Z" finished-at="2019-07-29T15:41:20Z">
          <reporter-output>
          </reporter-output>
        </test-method> <!-- deleteTag -->
      </class> <!-- TagOnTest.DeleteTag -->
      <class name="TagOnTest.AddTag">
        <test-method status="PASS" signature="tag()[pri:0, instance:TagOnTest.AddTag@25a92e]" name="tag" duration-ms="24130" started-at="2019-07-29T15:41:20Z" finished-at="2019-07-29T15:41:44Z">
          <reporter-output>
          </reporter-output>
        </test-method> <!-- tag -->
      </class> <!-- TagOnTest.AddTag -->
      <class name="TagOnTest.StopListTag">
        <test-method status="PASS" signature="tag()[pri:0, instance:TagOnTest.StopListTag@fdb4a6]" name="tag" duration-ms="21488" started-at="2019-07-29T15:42:20Z" finished-at="2019-07-29T15:42:41Z">
          <reporter-output>
          </reporter-output>
        </test-method> <!-- tag -->
      </class> <!-- TagOnTest.StopListTag -->
      <class name="TagOnTest.SelfTagRemovalRequestNoSignIn">
        <test-method status="PASS" signature="removalRequest()[pri:0, instance:TagOnTest.SelfTagRemovalRequestNoSignIn@b59d31]" name="removalRequest" duration-ms="11794" started-at="2019-07-29T15:42:08Z" finished-at="2019-07-29T15:42:20Z">
          <reporter-output>
          </reporter-output>
        </test-method> <!-- removalRequest -->
      </class> <!-- TagOnTest.SelfTagRemovalRequestNoSignIn -->
      <class name="TagOnTest.tagforTwoCharactor">
        <test-method status="PASS" signature="tagforTwoCharactor()[pri:0, instance:TagOnTest.tagforTwoCharactor@1d02175]" name="tagforTwoCharactor" duration-ms="24893" started-at="2019-07-29T15:43:33Z" finished-at="2019-07-29T15:43:58Z">
          <reporter-output>
          </reporter-output>
        </test-method> <!-- tagforTwoCharactor -->
      </class> <!-- TagOnTest.tagforTwoCharactor -->
    </test> <!-- TagOnTest -->
    <test name="BookmarkOnTest" duration-ms="27909" started-at="2019-07-29T15:43:58Z" finished-at="2019-07-29T15:44:26Z">
      <class name="BookmarkOnTest.Bookmark_add_Rename_Delete">
        <test-method status="PASS" signature="bookmark_add()[pri:0, instance:BookmarkOnTest.Bookmark_add_Rename_Delete@44d69d]" name="bookmark_add" duration-ms="27907" started-at="2019-07-29T15:43:58Z" finished-at="2019-07-29T15:44:26Z">
          <reporter-output>
          </reporter-output>
        </test-method> <!-- bookmark_add -->
      </class> <!-- BookmarkOnTest.Bookmark_add_Rename_Delete -->
    </test> <!-- BookmarkOnTest -->
    <test name="SingleSignOnTest" duration-ms="82980" started-at="2019-07-29T15:44:26Z" finished-at="2019-07-29T15:45:49Z">
      <class name="SingleSignOnTest.SS_CreateAccount_ChangeEmail_ChangePassword_DeleteAccount">
        <test-method status="PASS" signature="CreateAccount_ChangeEmail_ChangePassword_DeleteAccount()[pri:1, instance:SingleSignOnTest.SS_CreateAccount_ChangeEmail_ChangePassword_DeleteAccount@13da22c]" name="CreateAccount_ChangeEmail_ChangePassword_DeleteAccount" duration-ms="38526" started-at="2019-07-29T15:44:44Z" finished-at="2019-07-29T15:45:23Z">
          <reporter-output>
          </reporter-output>
        </test-method> <!-- CreateAccount_ChangeEmail_ChangePassword_DeleteAccount -->
      </class> <!-- SingleSignOnTest.SS_CreateAccount_ChangeEmail_ChangePassword_DeleteAccount -->
      <class name="SingleSignOnTest.SS_clickRegisterwithInvalidEmail">
        <test-method status="PASS" signature="clickRegisterwithInvalidEmail()[pri:1, instance:SingleSignOnTest.SS_clickRegisterwithInvalidEmail@b67034]" name="clickRegisterwithInvalidEmail" duration-ms="8865" started-at="2019-07-29T15:45:31Z" finished-at="2019-07-29T15:45:40Z">
          <reporter-output>
          </reporter-output>
        </test-method> <!-- clickRegisterwithInvalidEmail -->
      </class> <!-- SingleSignOnTest.SS_clickRegisterwithInvalidEmail -->
      <class name="SingleSignOnTest.SS_ForgttenPassword">
        <test-method status="PASS" signature="forgotten_Password()[pri:0, instance:SingleSignOnTest.SS_ForgttenPassword@1248c21]" name="forgotten_Password" duration-ms="9139" started-at="2019-07-29T15:44:26Z" finished-at="2019-07-29T15:44:35Z">
          <reporter-output>
          </reporter-output>
        </test-method> <!-- forgotten_Password -->
      </class> <!-- SingleSignOnTest.SS_ForgttenPassword -->
      <class name="SingleSignOnTest.SS_clickRegisterwithEmptyFields">
        <test-method status="PASS" signature="clickRegisterwithEmptyFields()[pri:1, instance:SingleSignOnTest.SS_clickRegisterwithEmptyFields@b48321]" name="clickRegisterwithEmptyFields" duration-ms="8025" started-at="2019-07-29T15:45:23Z" finished-at="2019-07-29T15:45:31Z">
          <reporter-output>
          </reporter-output>
        </test-method> <!-- clickRegisterwithEmptyFields -->
      </class> <!-- SingleSignOnTest.SS_clickRegisterwithEmptyFields -->
      <class name="SingleSignOnTest.SS_NoAcceptTerm">
        <test-method status="PASS" signature="NoAcceptTerm()[pri:1, instance:SingleSignOnTest.SS_NoAcceptTerm@2675e1]" name="NoAcceptTerm" duration-ms="8747" started-at="2019-07-29T15:45:40Z" finished-at="2019-07-29T15:45:49Z">
          <reporter-output>
          </reporter-output>
        </test-method> <!-- NoAcceptTerm -->
      </class> <!-- SingleSignOnTest.SS_NoAcceptTerm -->
      <class name="SingleSignOnTest.SS_clickRegisterwithInvalidPassword">
        <test-method status="PASS" signature="clickRegisterwithInvalidPassword()[pri:1, instance:SingleSignOnTest.SS_clickRegisterwithInvalidPassword@267862]" name="clickRegisterwithInvalidPassword" duration-ms="9669" started-at="2019-07-29T15:44:35Z" finished-at="2019-07-29T15:44:44Z">
          <reporter-output>
          </reporter-output>
        </test-method> <!-- clickRegisterwithInvalidPassword -->
      </class> <!-- SingleSignOnTest.SS_clickRegisterwithInvalidPassword -->
    </test> <!-- SingleSignOnTest -->
    <test name="DownlaodRecordOnTest" duration-ms="77870" started-at="2019-07-29T15:45:49Z" finished-at="2019-07-29T15:47:06Z">
      <class name="DownlaodRecordOnTest.Veriy_DownloadOption_InAccount">
        <test-method status="PASS" signature="verify_Download_InAccount()[pri:0, instance:DownlaodRecordOnTest.Veriy_DownloadOption_InAccount@185cb26]" name="verify_Download_InAccount" duration-ms="36003" started-at="2019-07-29T15:46:19Z" finished-at="2019-07-29T15:46:55Z">
          <reporter-output>
          </reporter-output>
        </test-method> <!-- verify_Download_InAccount -->
      </class> <!-- DownlaodRecordOnTest.Veriy_DownloadOption_InAccount -->
      <class name="DownlaodRecordOnTest.Veriy_DownloadOption_ForOffsite">
        <test-method status="PASS" signature="verify_Download_ForOffsite()[pri:0, instance:DownlaodRecordOnTest.Veriy_DownloadOption_ForOffsite@1070868]" name="verify_Download_ForOffsite" duration-ms="30762" started-at="2019-07-29T15:45:49Z" finished-at="2019-07-29T15:46:19Z">
          <reporter-output>
          </reporter-output>
        </test-method> <!-- verify_Download_ForOffsite -->
      </class> <!-- DownlaodRecordOnTest.Veriy_DownloadOption_ForOffsite -->
      <class name="DownlaodRecordOnTest.Veriy_DownloadOption_OnConfirmationPage">
        <test-method status="PASS" signature="verify_Download_OnConfirmationPage()[pri:0, instance:DownlaodRecordOnTest.Veriy_DownloadOption_OnConfirmationPage@364841]" name="verify_Download_OnConfirmationPage" duration-ms="11101" started-at="2019-07-29T15:46:55Z" finished-at="2019-07-29T15:47:06Z">
          <reporter-output>
          </reporter-output>
        </test-method> <!-- verify_Download_OnConfirmationPage -->
      </class> <!-- DownlaodRecordOnTest.Veriy_DownloadOption_OnConfirmationPage -->
    </test> <!-- DownlaodRecordOnTest -->
    <test name="Discovery Fileauthorities_API" duration-ms="1611" started-at="2019-07-29T15:47:06Z" finished-at="2019-07-29T15:47:08Z">
      <class name="fileauthorities_API.Discovery_API_Flieauthorities">
        <test-method status="FAIL" signature="verifyFileAuthority()[pri:0, instance:fileauthorities_API.Discovery_API_Flieauthorities@17badd3]" name="verifyFileAuthority" duration-ms="77" started-at="2019-07-29T15:47:08Z" finished-at="2019-07-29T15:47:08Z">
          <exception class="javax.net.ssl.SSLHandshakeException">
            <message>
              <![CDATA[sun.security.validator.ValidatorException: PKIX path building failed: sun.security.provider.certpath.SunCertPathBuilderException: unable to find valid certification path to requested target]]>
            </message>
            <full-stacktrace>
              <![CDATA[javax.net.ssl.SSLHandshakeException: sun.security.validator.ValidatorException: PKIX path building failed: sun.security.provider.certpath.SunCertPathBuilderException: unable to find valid certification path to requested target
at sun.security.ssl.Alerts.getSSLException(Unknown Source)
at sun.security.ssl.SSLSocketImpl.fatal(Unknown Source)
at sun.security.ssl.Handshaker.fatalSE(Unknown Source)
at sun.security.ssl.Handshaker.fatalSE(Unknown Source)
at sun.security.ssl.ClientHandshaker.serverCertificate(Unknown Source)
at sun.security.ssl.ClientHandshaker.processMessage(Unknown Source)
at sun.security.ssl.Handshaker.processLoop(Unknown Source)
at sun.security.ssl.Handshaker.process_record(Unknown Source)
at sun.security.ssl.SSLSocketImpl.readRecord(Unknown Source)
at sun.security.ssl.SSLSocketImpl.performInitialHandshake(Unknown Source)
at sun.security.ssl.SSLSocketImpl.startHandshake(Unknown Source)
at sun.security.ssl.SSLSocketImpl.startHandshake(Unknown Source)
at org.apache.http.conn.ssl.SSLSocketFactory.createLayeredSocket(SSLSocketFactory.java:573)
at org.apache.http.conn.ssl.SSLSocketFactory.connectSocket(SSLSocketFactory.java:557)
at org.apache.http.conn.ssl.SSLSocketFactory.connectSocket(SSLSocketFactory.java:414)
at org.apache.http.impl.conn.DefaultClientConnectionOperator.openConnection(DefaultClientConnectionOperator.java:180)
at org.apache.http.impl.conn.ManagedClientConnectionImpl.open(ManagedClientConnectionImpl.java:326)
at org.apache.http.impl.client.DefaultRequestDirector.tryConnect(DefaultRequestDirector.java:610)
at org.apache.http.impl.client.DefaultRequestDirector.execute(DefaultRequestDirector.java:445)
at org.apache.http.impl.client.AbstractHttpClient.doExecute(AbstractHttpClient.java:835)
at org.apache.http.impl.client.CloseableHttpClient.execute(CloseableHttpClient.java:83)
at org.apache.http.impl.client.CloseableHttpClient.execute(CloseableHttpClient.java:56)
at org.apache.http.client.HttpClient$execute$0.call(Unknown Source)
at io.restassured.internal.RequestSpecificationImpl$RestAssuredHttpBuilder.doRequest(RequestSpecificationImpl.groovy:2028)
at io.restassured.internal.http.HTTPBuilder.doRequest(HTTPBuilder.java:494)
at io.restassured.internal.http.HTTPBuilder.request(HTTPBuilder.java:451)
at io.restassured.internal.http.HTTPBuilder$request$2.call(Unknown Source)
at io.restassured.internal.RequestSpecificationImpl.sendHttpRequest(RequestSpecificationImpl.groovy:1434)
at sun.reflect.NativeMethodAccessorImpl.invoke0(Native Method)
at sun.reflect.NativeMethodAccessorImpl.invoke(Unknown Source)
at sun.reflect.DelegatingMethodAccessorImpl.invoke(Unknown Source)
at java.lang.reflect.Method.invoke(Unknown Source)
at org.codehaus.groovy.reflection.CachedMethod.invoke(CachedMethod.java:93)
at groovy.lang.MetaMethod.doMethodInvoke(MetaMethod.java:325)
at groovy.lang.MetaClassImpl.invokeMethod(MetaClassImpl.java:1212)
at groovy.lang.MetaClassImpl.invokeMethod(MetaClassImpl.java:1021)
at groovy.lang.MetaClassImpl.invokeMethod(MetaClassImpl.java:812)
at io.restassured.internal.RequestSpecificationImpl.invokeMethod(RequestSpecificationImpl.groovy)
at org.codehaus.groovy.runtime.callsite.PogoInterceptableSite.call(PogoInterceptableSite.java:48)
at org.codehaus.groovy.runtime.callsite.PogoInterceptableSite.callCurrent(PogoInterceptableSite.java:58)
at io.restassured.internal.RequestSpecificationImpl.sendRequest(RequestSpecificationImpl.groovy:1221)
at sun.reflect.NativeMethodAccessorImpl.invoke0(Native Method)
at sun.reflect.NativeMethodAccessorImpl.invoke(Unknown Source)
at sun.reflect.DelegatingMethodAccessorImpl.invoke(Unknown Source)
at java.lang.reflect.Method.invoke(Unknown Source)
at org.codehaus.groovy.reflection.CachedMethod.invoke(CachedMethod.java:93)
at groovy.lang.MetaMethod.doMethodInvoke(MetaMethod.java:325)
at groovy.lang.MetaClassImpl.invokeMethod(MetaClassImpl.java:1212)
at groovy.lang.MetaClassImpl.invokeMethod(MetaClassImpl.java:1021)
at groovy.lang.MetaClassImpl.invokeMethod(MetaClassImpl.java:812)
at io.restassured.internal.RequestSpecificationImpl.invokeMethod(RequestSpecificationImpl.groovy)
at org.codehaus.groovy.runtime.callsite.PogoInterceptableSite.call(PogoInterceptableSite.java:48)
at org.codehaus.groovy.runtime.callsite.AbstractCallSite.call(AbstractCallSite.java:149)
at io.restassured.internal.filter.SendRequestFilter.filter(SendRequestFilter.groovy:30)
at io.restassured.filter.Filter$filter$0.call(Unknown Source)
at org.codehaus.groovy.runtime.callsite.CallSiteArray.defaultCall(CallSiteArray.java:48)
at io.restassured.filter.Filter$filter.call(Unknown Source)
at io.restassured.internal.filter.FilterContextImpl.next(FilterContextImpl.groovy:72)
at io.restassured.filter.time.TimingFilter.filter(TimingFilter.java:56)
at io.restassured.filter.Filter$filter.call(Unknown Source)
at org.codehaus.groovy.runtime.callsite.CallSiteArray.defaultCall(CallSiteArray.java:48)
at io.restassured.filter.Filter$filter$0.call(Unknown Source)
at io.restassured.internal.filter.FilterContextImpl.next(FilterContextImpl.groovy:72)
at io.restassured.filter.FilterContext$next.call(Unknown Source)
at io.restassured.internal.RequestSpecificationImpl.applyPathParamsAndSendRequest(RequestSpecificationImpl.groovy:1631)
at sun.reflect.NativeMethodAccessorImpl.invoke0(Native Method)
at sun.reflect.NativeMethodAccessorImpl.invoke(Unknown Source)
at sun.reflect.DelegatingMethodAccessorImpl.invoke(Unknown Source)
at java.lang.reflect.Method.invoke(Unknown Source)
at org.codehaus.groovy.reflection.CachedMethod.invoke(CachedMethod.java:93)
at groovy.lang.MetaMethod.doMethodInvoke(MetaMethod.java:325)
at groovy.lang.MetaClassImpl.invokeMethod(MetaClassImpl.java:1212)
at groovy.lang.MetaClassImpl.invokeMethod(MetaClassImpl.java:1021)
at groovy.lang.MetaClassImpl.invokeMethod(MetaClassImpl.java:812)
at io.restassured.internal.RequestSpecificationImpl.invokeMethod(RequestSpecificationImpl.groovy)
at org.codehaus.groovy.runtime.callsite.PogoInterceptableSite.call(PogoInterceptableSite.java:48)
at org.codehaus.groovy.runtime.callsite.PogoInterceptableSite.callCurrent(PogoInterceptableSite.java:58)
at org.codehaus.groovy.runtime.callsite.AbstractCallSite.callCurrent(AbstractCallSite.java:182)
at io.restassured.internal.RequestSpecificationImpl.applyPathParamsAndSendRequest(RequestSpecificationImpl.groovy:1637)
at sun.reflect.NativeMethodAccessorImpl.invoke0(Native Method)
at sun.reflect.NativeMethodAccessorImpl.invoke(Unknown Source)
at sun.reflect.DelegatingMethodAccessorImpl.invoke(Unknown Source)
at java.lang.reflect.Method.invoke(Unknown Source)
at org.codehaus.groovy.reflection.CachedMethod.invoke(CachedMethod.java:93)
at groovy.lang.MetaMethod.doMethodInvoke(MetaMethod.java:325)
at groovy.lang.MetaClassImpl.invokeMethod(MetaClassImpl.java:1212)
at groovy.lang.MetaClassImpl.invokeMethod(MetaClassImpl.java:1021)
at groovy.lang.MetaClassImpl.invokeMethod(MetaClassImpl.java:812)
at io.restassured.internal.RequestSpecificationImpl.invokeMethod(RequestSpecificationImpl.groovy)
at org.codehaus.groovy.runtime.callsite.PogoInterceptableSite.call(PogoInterceptableSite.java:48)
at org.codehaus.groovy.runtime.callsite.PogoInterceptableSite.callCurrent(PogoInterceptableSite.java:58)
at org.codehaus.groovy.runtime.callsite.AbstractCallSite.callCurrent(AbstractCallSite.java:182)
at io.restassured.internal.RequestSpecificationImpl.get(RequestSpecificationImpl.groovy:166)
at io.restassured.internal.RequestSpecificationImpl.get(RequestSpecificationImpl.groovy)
at fileauthorities_API.Discovery_API_Flieauthorities.verifyFileAuthority(Discovery_API_Flieauthorities.java:18)
at sun.reflect.NativeMethodAccessorImpl.invoke0(Native Method)
at sun.reflect.NativeMethodAccessorImpl.invoke(Unknown Source)
at sun.reflect.DelegatingMethodAccessorImpl.invoke(Unknown Source)
at java.lang.reflect.Method.invoke(Unknown Source)
at org.testng.internal.MethodInvocationHelper.invokeMethod(MethodInvocationHelper.java:124)
at org.testng.internal.Invoker.invokeMethod(Invoker.java:580)
at org.testng.internal.Invoker.invokeTestMethod(Invoker.java:716)
at org.testng.internal.Invoker.invokeTestMethods(Invoker.java:988)
at org.testng.internal.TestMethodWorker.invokeTestMethods(TestMethodWorker.java:125)
at org.testng.internal.TestMethodWorker.run(TestMethodWorker.java:109)
at org.testng.TestRunner.privateRun(TestRunner.java:648)
at org.testng.TestRunner.run(TestRunner.java:505)
at org.testng.SuiteRunner.runTest(SuiteRunner.java:455)
at org.testng.SuiteRunner.runSequentially(SuiteRunner.java:450)
at org.testng.SuiteRunner.privateRun(SuiteRunner.java:415)
at org.testng.SuiteRunner.run(SuiteRunner.java:364)
at org.testng.SuiteRunnerWorker.runSuite(SuiteRunnerWorker.java:52)
at org.testng.SuiteRunnerWorker.run(SuiteRunnerWorker.java:84)
at org.testng.TestNG.runSuitesSequentially(TestNG.java:1208)
at org.testng.TestNG.runSuitesLocally(TestNG.java:1137)
at org.testng.TestNG.runSuites(TestNG.java:1049)
at org.testng.TestNG.run(TestNG.java:1017)
at org.testng.remote.AbstractRemoteTestNG.run(AbstractRemoteTestNG.java:114)
at org.testng.remote.RemoteTestNG.initAndRun(RemoteTestNG.java:251)
at org.testng.remote.RemoteTestNG.main(RemoteTestNG.java:77)
Caused by: sun.security.validator.ValidatorException: PKIX path building failed: sun.security.provider.certpath.SunCertPathBuilderException: unable to find valid certification path to requested target
at sun.security.validator.PKIXValidator.doBuild(Unknown Source)
at sun.security.validator.PKIXValidator.engineValidate(Unknown Source)
at sun.security.validator.Validator.validate(Unknown Source)
at sun.security.ssl.X509TrustManagerImpl.validate(Unknown Source)
at sun.security.ssl.X509TrustManagerImpl.checkTrusted(Unknown Source)
at sun.security.ssl.X509TrustManagerImpl.checkServerTrusted(Unknown Source)
... 116 more
Caused by: sun.security.provider.certpath.SunCertPathBuilderException: unable to find valid certification path to requested target
at sun.security.provider.certpath.SunCertPathBuilder.build(Unknown Source)
at sun.security.provider.certpath.SunCertPathBuilder.engineBuild(Unknown Source)
at java.security.cert.CertPathBuilder.build(Unknown Source)
... 122 more
]]>
            </full-stacktrace>
          </exception> <!-- javax.net.ssl.SSLHandshakeException -->
          <reporter-output>
          </reporter-output>
        </test-method> <!-- verifyFileAuthority -->
      </class> <!-- fileauthorities_API.Discovery_API_Flieauthorities -->
      <class name="fileauthorities_API.Discovery_API_Collections">
        <test-method status="FAIL" signature="verifyFileAuthority()[pri:0, instance:fileauthorities_API.Discovery_API_Collections@6be2c3]" name="verifyFileAuthority" duration-ms="1527" started-at="2019-07-29T15:47:06Z" finished-at="2019-07-29T15:47:08Z">
          <exception class="javax.net.ssl.SSLHandshakeException">
            <message>
              <![CDATA[sun.security.validator.ValidatorException: PKIX path building failed: sun.security.provider.certpath.SunCertPathBuilderException: unable to find valid certification path to requested target]]>
            </message>
            <full-stacktrace>
              <![CDATA[javax.net.ssl.SSLHandshakeException: sun.security.validator.ValidatorException: PKIX path building failed: sun.security.provider.certpath.SunCertPathBuilderException: unable to find valid certification path to requested target
at sun.security.ssl.Alerts.getSSLException(Unknown Source)
at sun.security.ssl.SSLSocketImpl.fatal(Unknown Source)
at sun.security.ssl.Handshaker.fatalSE(Unknown Source)
at sun.security.ssl.Handshaker.fatalSE(Unknown Source)
at sun.security.ssl.ClientHandshaker.serverCertificate(Unknown Source)
at sun.security.ssl.ClientHandshaker.processMessage(Unknown Source)
at sun.security.ssl.Handshaker.processLoop(Unknown Source)
at sun.security.ssl.Handshaker.process_record(Unknown Source)
at sun.security.ssl.SSLSocketImpl.readRecord(Unknown Source)
at sun.security.ssl.SSLSocketImpl.performInitialHandshake(Unknown Source)
at sun.security.ssl.SSLSocketImpl.startHandshake(Unknown Source)
at sun.security.ssl.SSLSocketImpl.startHandshake(Unknown Source)
at org.apache.http.conn.ssl.SSLSocketFactory.createLayeredSocket(SSLSocketFactory.java:573)
at org.apache.http.conn.ssl.SSLSocketFactory.connectSocket(SSLSocketFactory.java:557)
at org.apache.http.conn.ssl.SSLSocketFactory.connectSocket(SSLSocketFactory.java:414)
at org.apache.http.impl.conn.DefaultClientConnectionOperator.openConnection(DefaultClientConnectionOperator.java:180)
at org.apache.http.impl.conn.ManagedClientConnectionImpl.open(ManagedClientConnectionImpl.java:326)
at org.apache.http.impl.client.DefaultRequestDirector.tryConnect(DefaultRequestDirector.java:610)
at org.apache.http.impl.client.DefaultRequestDirector.execute(DefaultRequestDirector.java:445)
at org.apache.http.impl.client.AbstractHttpClient.doExecute(AbstractHttpClient.java:835)
at org.apache.http.impl.client.CloseableHttpClient.execute(CloseableHttpClient.java:83)
at org.apache.http.impl.client.CloseableHttpClient.execute(CloseableHttpClient.java:56)
at org.apache.http.client.HttpClient$execute$0.call(Unknown Source)
at org.codehaus.groovy.runtime.callsite.CallSiteArray.defaultCall(CallSiteArray.java:48)
at org.codehaus.groovy.runtime.callsite.AbstractCallSite.call(AbstractCallSite.java:113)
at org.codehaus.groovy.runtime.callsite.AbstractCallSite.call(AbstractCallSite.java:133)
at io.restassured.internal.RequestSpecificationImpl$RestAssuredHttpBuilder.doRequest(RequestSpecificationImpl.groovy:2028)
at io.restassured.internal.http.HTTPBuilder.doRequest(HTTPBuilder.java:494)
at io.restassured.internal.http.HTTPBuilder.request(HTTPBuilder.java:451)
at io.restassured.internal.http.HTTPBuilder$request$2.call(Unknown Source)
at org.codehaus.groovy.runtime.callsite.CallSiteArray.defaultCall(CallSiteArray.java:48)
at org.codehaus.groovy.runtime.callsite.AbstractCallSite.call(AbstractCallSite.java:113)
at org.codehaus.groovy.runtime.callsite.AbstractCallSite.call(AbstractCallSite.java:141)
at io.restassured.internal.RequestSpecificationImpl.sendHttpRequest(RequestSpecificationImpl.groovy:1434)
at sun.reflect.NativeMethodAccessorImpl.invoke0(Native Method)
at sun.reflect.NativeMethodAccessorImpl.invoke(Unknown Source)
at sun.reflect.DelegatingMethodAccessorImpl.invoke(Unknown Source)
at java.lang.reflect.Method.invoke(Unknown Source)
at org.codehaus.groovy.reflection.CachedMethod.invoke(CachedMethod.java:93)
at groovy.lang.MetaMethod.doMethodInvoke(MetaMethod.java:325)
at groovy.lang.MetaClassImpl.invokeMethod(MetaClassImpl.java:1212)
at groovy.lang.MetaClassImpl.invokeMethod(MetaClassImpl.java:1021)
at groovy.lang.MetaClassImpl.invokeMethod(MetaClassImpl.java:812)
at io.restassured.internal.RequestSpecificationImpl.invokeMethod(RequestSpecificationImpl.groovy)
at org.codehaus.groovy.runtime.callsite.PogoInterceptableSite.call(PogoInterceptableSite.java:48)
at org.codehaus.groovy.runtime.callsite.PogoInterceptableSite.callCurrent(PogoInterceptableSite.java:58)
at org.codehaus.groovy.runtime.callsite.CallSiteArray.defaultCallCurrent(CallSiteArray.java:52)
at org.codehaus.groovy.runtime.callsite.AbstractCallSite.callCurrent(AbstractCallSite.java:154)
at io.restassured.internal.RequestSpecificationImpl.sendRequest(RequestSpecificationImpl.groovy:1221)
at sun.reflect.NativeMethodAccessorImpl.invoke0(Native Method)
at sun.reflect.NativeMethodAccessorImpl.invoke(Unknown Source)
at sun.reflect.DelegatingMethodAccessorImpl.invoke(Unknown Source)
at java.lang.reflect.Method.invoke(Unknown Source)
at org.codehaus.groovy.reflection.CachedMethod.invoke(CachedMethod.java:93)
at groovy.lang.MetaMethod.doMethodInvoke(MetaMethod.java:325)
at groovy.lang.MetaClassImpl.invokeMethod(MetaClassImpl.java:1212)
at groovy.lang.MetaClassImpl.invokeMethod(MetaClassImpl.java:1021)
at groovy.lang.MetaClassImpl.invokeMethod(MetaClassImpl.java:812)
at io.restassured.internal.RequestSpecificationImpl.invokeMethod(RequestSpecificationImpl.groovy)
at org.codehaus.groovy.runtime.callsite.PogoInterceptableSite.call(PogoInterceptableSite.java:48)
at org.codehaus.groovy.runtime.callsite.CallSiteArray.defaultCall(CallSiteArray.java:48)
at org.codehaus.groovy.runtime.callsite.AbstractCallSite.call(AbstractCallSite.java:113)
at org.codehaus.groovy.runtime.callsite.AbstractCallSite.call(AbstractCallSite.java:149)
at io.restassured.internal.filter.SendRequestFilter.filter(SendRequestFilter.groovy:30)
at io.restassured.filter.Filter$filter$0.call(Unknown Source)
at org.codehaus.groovy.runtime.callsite.CallSiteArray.defaultCall(CallSiteArray.java:48)
at io.restassured.filter.Filter$filter.call(Unknown Source)
at io.restassured.internal.filter.FilterContextImpl.next(FilterContextImpl.groovy:72)
at io.restassured.filter.time.TimingFilter.filter(TimingFilter.java:56)
at io.restassured.filter.Filter$filter.call(Unknown Source)
at org.codehaus.groovy.runtime.callsite.CallSiteArray.defaultCall(CallSiteArray.java:48)
at org.codehaus.groovy.runtime.callsite.AbstractCallSite.call(AbstractCallSite.java:113)
at org.codehaus.groovy.runtime.callsite.AbstractCallSite.call(AbstractCallSite.java:141)
at io.restassured.internal.filter.FilterContextImpl.next(FilterContextImpl.groovy:72)
at io.restassured.filter.FilterContext$next.call(Unknown Source)
at org.codehaus.groovy.runtime.callsite.CallSiteArray.defaultCall(CallSiteArray.java:48)
at org.codehaus.groovy.runtime.callsite.AbstractCallSite.call(AbstractCallSite.java:113)
at org.codehaus.groovy.runtime.callsite.AbstractCallSite.call(AbstractCallSite.java:133)
at io.restassured.internal.RequestSpecificationImpl.applyPathParamsAndSendRequest(RequestSpecificationImpl.groovy:1631)
at sun.reflect.NativeMethodAccessorImpl.invoke0(Native Method)
at sun.reflect.NativeMethodAccessorImpl.invoke(Unknown Source)
at sun.reflect.DelegatingMethodAccessorImpl.invoke(Unknown Source)
at java.lang.reflect.Method.invoke(Unknown Source)
at org.codehaus.groovy.reflection.CachedMethod.invoke(CachedMethod.java:93)
at groovy.lang.MetaMethod.doMethodInvoke(MetaMethod.java:325)
at groovy.lang.MetaClassImpl.invokeMethod(MetaClassImpl.java:1212)
at groovy.lang.MetaClassImpl.invokeMethod(MetaClassImpl.java:1021)
at groovy.lang.MetaClassImpl.invokeMethod(MetaClassImpl.java:812)
at io.restassured.internal.RequestSpecificationImpl.invokeMethod(RequestSpecificationImpl.groovy)
at org.codehaus.groovy.runtime.callsite.PogoInterceptableSite.call(PogoInterceptableSite.java:48)
at org.codehaus.groovy.runtime.callsite.PogoInterceptableSite.callCurrent(PogoInterceptableSite.java:58)
at org.codehaus.groovy.runtime.callsite.CallSiteArray.defaultCallCurrent(CallSiteArray.java:52)
at org.codehaus.groovy.runtime.callsite.AbstractCallSite.callCurrent(AbstractCallSite.java:154)
at org.codehaus.groovy.runtime.callsite.AbstractCallSite.callCurrent(AbstractCallSite.java:182)
at io.restassured.internal.RequestSpecificationImpl.applyPathParamsAndSendRequest(RequestSpecificationImpl.groovy:1637)
at sun.reflect.NativeMethodAccessorImpl.invoke0(Native Method)
at sun.reflect.NativeMethodAccessorImpl.invoke(Unknown Source)
at sun.reflect.DelegatingMethodAccessorImpl.invoke(Unknown Source)
at java.lang.reflect.Method.invoke(Unknown Source)
at org.codehaus.groovy.reflection.CachedMethod.invoke(CachedMethod.java:93)
at groovy.lang.MetaMethod.doMethodInvoke(MetaMethod.java:325)
at groovy.lang.MetaClassImpl.invokeMethod(MetaClassImpl.java:1212)
at groovy.lang.MetaClassImpl.invokeMethod(MetaClassImpl.java:1021)
at groovy.lang.MetaClassImpl.invokeMethod(MetaClassImpl.java:812)
at io.restassured.internal.RequestSpecificationImpl.invokeMethod(RequestSpecificationImpl.groovy)
at org.codehaus.groovy.runtime.callsite.PogoInterceptableSite.call(PogoInterceptableSite.java:48)
at org.codehaus.groovy.runtime.callsite.PogoInterceptableSite.callCurrent(PogoInterceptableSite.java:58)
at org.codehaus.groovy.runtime.callsite.CallSiteArray.defaultCallCurrent(CallSiteArray.java:52)
at org.codehaus.groovy.runtime.callsite.AbstractCallSite.callCurrent(AbstractCallSite.java:154)
at org.codehaus.groovy.runtime.callsite.AbstractCallSite.callCurrent(AbstractCallSite.java:182)
at io.restassured.internal.RequestSpecificationImpl.get(RequestSpecificationImpl.groovy:166)
at io.restassured.internal.RequestSpecificationImpl.get(RequestSpecificationImpl.groovy)
at fileauthorities_API.Discovery_API_Collections.verifyFileAuthority(Discovery_API_Collections.java:16)
at sun.reflect.NativeMethodAccessorImpl.invoke0(Native Method)
at sun.reflect.NativeMethodAccessorImpl.invoke(Unknown Source)
at sun.reflect.DelegatingMethodAccessorImpl.invoke(Unknown Source)
at java.lang.reflect.Method.invoke(Unknown Source)
at org.testng.internal.MethodInvocationHelper.invokeMethod(MethodInvocationHelper.java:124)
at org.testng.internal.Invoker.invokeMethod(Invoker.java:580)
at org.testng.internal.Invoker.invokeTestMethod(Invoker.java:716)
at org.testng.internal.Invoker.invokeTestMethods(Invoker.java:988)
at org.testng.internal.TestMethodWorker.invokeTestMethods(TestMethodWorker.java:125)
at org.testng.internal.TestMethodWorker.run(TestMethodWorker.java:109)
at org.testng.TestRunner.privateRun(TestRunner.java:648)
at org.testng.TestRunner.run(TestRunner.java:505)
at org.testng.SuiteRunner.runTest(SuiteRunner.java:455)
at org.testng.SuiteRunner.runSequentially(SuiteRunner.java:450)
at org.testng.SuiteRunner.privateRun(SuiteRunner.java:415)
at org.testng.SuiteRunner.run(SuiteRunner.java:364)
at org.testng.SuiteRunnerWorker.runSuite(SuiteRunnerWorker.java:52)
at org.testng.SuiteRunnerWorker.run(SuiteRunnerWorker.java:84)
at org.testng.TestNG.runSuitesSequentially(TestNG.java:1208)
at org.testng.TestNG.runSuitesLocally(TestNG.java:1137)
at org.testng.TestNG.runSuites(TestNG.java:1049)
at org.testng.TestNG.run(TestNG.java:1017)
at org.testng.remote.AbstractRemoteTestNG.run(AbstractRemoteTestNG.java:114)
at org.testng.remote.RemoteTestNG.initAndRun(RemoteTestNG.java:251)
at org.testng.remote.RemoteTestNG.main(RemoteTestNG.java:77)
Caused by: sun.security.validator.ValidatorException: PKIX path building failed: sun.security.provider.certpath.SunCertPathBuilderException: unable to find valid certification path to requested target
at sun.security.validator.PKIXValidator.doBuild(Unknown Source)
at sun.security.validator.PKIXValidator.engineValidate(Unknown Source)
at sun.security.validator.Validator.validate(Unknown Source)
at sun.security.ssl.X509TrustManagerImpl.validate(Unknown Source)
at sun.security.ssl.X509TrustManagerImpl.checkTrusted(Unknown Source)
at sun.security.ssl.X509TrustManagerImpl.checkServerTrusted(Unknown Source)
... 134 more
Caused by: sun.security.provider.certpath.SunCertPathBuilderException: unable to find valid certification path to requested target
at sun.security.provider.certpath.SunCertPathBuilder.build(Unknown Source)
at sun.security.provider.certpath.SunCertPathBuilder.engineBuild(Unknown Source)
at java.security.cert.CertPathBuilder.build(Unknown Source)
... 140 more
]]>
            </full-stacktrace>
          </exception> <!-- javax.net.ssl.SSLHandshakeException -->
          <reporter-output>
          </reporter-output>
        </test-method> <!-- verifyFileAuthority -->
      </class> <!-- fileauthorities_API.Discovery_API_Collections -->
    </test> <!-- Discovery Fileauthorities_API -->
    <test name="Discovery Records_API" duration-ms="288" started-at="2019-07-29T15:47:08Z" finished-at="2019-07-29T15:47:08Z">
      <class name="records_API.Discovery_API_Records_Details">
        <test-method status="FAIL" signature="verifyRecords_Details()[pri:0, instance:records_API.Discovery_API_Records_Details@164985f]" name="verifyRecords_Details" duration-ms="85" started-at="2019-07-29T15:47:08Z" finished-at="2019-07-29T15:47:08Z">
          <exception class="javax.net.ssl.SSLHandshakeException">
            <message>
              <![CDATA[sun.security.validator.ValidatorException: PKIX path building failed: sun.security.provider.certpath.SunCertPathBuilderException: unable to find valid certification path to requested target]]>
            </message>
            <full-stacktrace>
              <![CDATA[javax.net.ssl.SSLHandshakeException: sun.security.validator.ValidatorException: PKIX path building failed: sun.security.provider.certpath.SunCertPathBuilderException: unable to find valid certification path to requested target
at sun.security.ssl.Alerts.getSSLException(Unknown Source)
at sun.security.ssl.SSLSocketImpl.fatal(Unknown Source)
at sun.security.ssl.Handshaker.fatalSE(Unknown Source)
at sun.security.ssl.Handshaker.fatalSE(Unknown Source)
at sun.security.ssl.ClientHandshaker.serverCertificate(Unknown Source)
at sun.security.ssl.ClientHandshaker.processMessage(Unknown Source)
at sun.security.ssl.Handshaker.processLoop(Unknown Source)
at sun.security.ssl.Handshaker.process_record(Unknown Source)
at sun.security.ssl.SSLSocketImpl.readRecord(Unknown Source)
at sun.security.ssl.SSLSocketImpl.performInitialHandshake(Unknown Source)
at sun.security.ssl.SSLSocketImpl.startHandshake(Unknown Source)
at sun.security.ssl.SSLSocketImpl.startHandshake(Unknown Source)
at org.apache.http.conn.ssl.SSLSocketFactory.createLayeredSocket(SSLSocketFactory.java:573)
at org.apache.http.conn.ssl.SSLSocketFactory.connectSocket(SSLSocketFactory.java:557)
at org.apache.http.conn.ssl.SSLSocketFactory.connectSocket(SSLSocketFactory.java:414)
at org.apache.http.impl.conn.DefaultClientConnectionOperator.openConnection(DefaultClientConnectionOperator.java:180)
at org.apache.http.impl.conn.ManagedClientConnectionImpl.open(ManagedClientConnectionImpl.java:326)
at org.apache.http.impl.client.DefaultRequestDirector.tryConnect(DefaultRequestDirector.java:610)
at org.apache.http.impl.client.DefaultRequestDirector.execute(DefaultRequestDirector.java:445)
at org.apache.http.impl.client.AbstractHttpClient.doExecute(AbstractHttpClient.java:835)
at org.apache.http.impl.client.CloseableHttpClient.execute(CloseableHttpClient.java:83)
at org.apache.http.impl.client.CloseableHttpClient.execute(CloseableHttpClient.java:56)
at org.apache.http.client.HttpClient$execute$0.call(Unknown Source)
at io.restassured.internal.RequestSpecificationImpl$RestAssuredHttpBuilder.doRequest(RequestSpecificationImpl.groovy:2028)
at io.restassured.internal.http.HTTPBuilder.doRequest(HTTPBuilder.java:494)
at io.restassured.internal.http.HTTPBuilder.request(HTTPBuilder.java:451)
at io.restassured.internal.http.HTTPBuilder$request$2.call(Unknown Source)
at io.restassured.internal.RequestSpecificationImpl.sendHttpRequest(RequestSpecificationImpl.groovy:1434)
at sun.reflect.NativeMethodAccessorImpl.invoke0(Native Method)
at sun.reflect.NativeMethodAccessorImpl.invoke(Unknown Source)
at sun.reflect.DelegatingMethodAccessorImpl.invoke(Unknown Source)
at java.lang.reflect.Method.invoke(Unknown Source)
at org.codehaus.groovy.reflection.CachedMethod.invoke(CachedMethod.java:93)
at groovy.lang.MetaMethod.doMethodInvoke(MetaMethod.java:325)
at groovy.lang.MetaClassImpl.invokeMethod(MetaClassImpl.java:1212)
at groovy.lang.MetaClassImpl.invokeMethod(MetaClassImpl.java:1021)
at groovy.lang.MetaClassImpl.invokeMethod(MetaClassImpl.java:812)
at io.restassured.internal.RequestSpecificationImpl.invokeMethod(RequestSpecificationImpl.groovy)
at org.codehaus.groovy.runtime.callsite.PogoInterceptableSite.call(PogoInterceptableSite.java:48)
at org.codehaus.groovy.runtime.callsite.PogoInterceptableSite.callCurrent(PogoInterceptableSite.java:58)
at io.restassured.internal.RequestSpecificationImpl.sendRequest(RequestSpecificationImpl.groovy:1221)
at sun.reflect.NativeMethodAccessorImpl.invoke0(Native Method)
at sun.reflect.NativeMethodAccessorImpl.invoke(Unknown Source)
at sun.reflect.DelegatingMethodAccessorImpl.invoke(Unknown Source)
at java.lang.reflect.Method.invoke(Unknown Source)
at org.codehaus.groovy.reflection.CachedMethod.invoke(CachedMethod.java:93)
at groovy.lang.MetaMethod.doMethodInvoke(MetaMethod.java:325)
at groovy.lang.MetaClassImpl.invokeMethod(MetaClassImpl.java:1212)
at groovy.lang.MetaClassImpl.invokeMethod(MetaClassImpl.java:1021)
at groovy.lang.MetaClassImpl.invokeMethod(MetaClassImpl.java:812)
at io.restassured.internal.RequestSpecificationImpl.invokeMethod(RequestSpecificationImpl.groovy)
at org.codehaus.groovy.runtime.callsite.PogoInterceptableSite.call(PogoInterceptableSite.java:48)
at org.codehaus.groovy.runtime.callsite.AbstractCallSite.call(AbstractCallSite.java:149)
at io.restassured.internal.filter.SendRequestFilter.filter(SendRequestFilter.groovy:30)
at io.restassured.filter.Filter$filter$0.call(Unknown Source)
at org.codehaus.groovy.runtime.callsite.CallSiteArray.defaultCall(CallSiteArray.java:48)
at io.restassured.filter.Filter$filter.call(Unknown Source)
at io.restassured.internal.filter.FilterContextImpl.next(FilterContextImpl.groovy:72)
at io.restassured.filter.time.TimingFilter.filter(TimingFilter.java:56)
at io.restassured.filter.Filter$filter.call(Unknown Source)
at org.codehaus.groovy.runtime.callsite.CallSiteArray.defaultCall(CallSiteArray.java:48)
at io.restassured.filter.Filter$filter$0.call(Unknown Source)
at io.restassured.internal.filter.FilterContextImpl.next(FilterContextImpl.groovy:72)
at io.restassured.filter.FilterContext$next.call(Unknown Source)
at io.restassured.internal.RequestSpecificationImpl.applyPathParamsAndSendRequest(RequestSpecificationImpl.groovy:1631)
at sun.reflect.NativeMethodAccessorImpl.invoke0(Native Method)
at sun.reflect.NativeMethodAccessorImpl.invoke(Unknown Source)
at sun.reflect.DelegatingMethodAccessorImpl.invoke(Unknown Source)
at java.lang.reflect.Method.invoke(Unknown Source)
at org.codehaus.groovy.reflection.CachedMethod.invoke(CachedMethod.java:93)
at groovy.lang.MetaMethod.doMethodInvoke(MetaMethod.java:325)
at groovy.lang.MetaClassImpl.invokeMethod(MetaClassImpl.java:1212)
at groovy.lang.MetaClassImpl.invokeMethod(MetaClassImpl.java:1021)
at groovy.lang.MetaClassImpl.invokeMethod(MetaClassImpl.java:812)
at io.restassured.internal.RequestSpecificationImpl.invokeMethod(RequestSpecificationImpl.groovy)
at org.codehaus.groovy.runtime.callsite.PogoInterceptableSite.call(PogoInterceptableSite.java:48)
at org.codehaus.groovy.runtime.callsite.PogoInterceptableSite.callCurrent(PogoInterceptableSite.java:58)
at org.codehaus.groovy.runtime.callsite.AbstractCallSite.callCurrent(AbstractCallSite.java:182)
at io.restassured.internal.RequestSpecificationImpl.applyPathParamsAndSendRequest(RequestSpecificationImpl.groovy:1637)
at sun.reflect.NativeMethodAccessorImpl.invoke0(Native Method)
at sun.reflect.NativeMethodAccessorImpl.invoke(Unknown Source)
at sun.reflect.DelegatingMethodAccessorImpl.invoke(Unknown Source)
at java.lang.reflect.Method.invoke(Unknown Source)
at org.codehaus.groovy.reflection.CachedMethod.invoke(CachedMethod.java:93)
at groovy.lang.MetaMethod.doMethodInvoke(MetaMethod.java:325)
at groovy.lang.MetaClassImpl.invokeMethod(MetaClassImpl.java:1212)
at groovy.lang.MetaClassImpl.invokeMethod(MetaClassImpl.java:1021)
at groovy.lang.MetaClassImpl.invokeMethod(MetaClassImpl.java:812)
at io.restassured.internal.RequestSpecificationImpl.invokeMethod(RequestSpecificationImpl.groovy)
at org.codehaus.groovy.runtime.callsite.PogoInterceptableSite.call(PogoInterceptableSite.java:48)
at org.codehaus.groovy.runtime.callsite.PogoInterceptableSite.callCurrent(PogoInterceptableSite.java:58)
at org.codehaus.groovy.runtime.callsite.AbstractCallSite.callCurrent(AbstractCallSite.java:182)
at io.restassured.internal.RequestSpecificationImpl.get(RequestSpecificationImpl.groovy:166)
at io.restassured.internal.RequestSpecificationImpl.get(RequestSpecificationImpl.groovy)
at records_API.Discovery_API_Records_Details.verifyRecords_Details(Discovery_API_Records_Details.java:18)
at sun.reflect.NativeMethodAccessorImpl.invoke0(Native Method)
at sun.reflect.NativeMethodAccessorImpl.invoke(Unknown Source)
at sun.reflect.DelegatingMethodAccessorImpl.invoke(Unknown Source)
at java.lang.reflect.Method.invoke(Unknown Source)
at org.testng.internal.MethodInvocationHelper.invokeMethod(MethodInvocationHelper.java:124)
at org.testng.internal.Invoker.invokeMethod(Invoker.java:580)
at org.testng.internal.Invoker.invokeTestMethod(Invoker.java:716)
at org.testng.internal.Invoker.invokeTestMethods(Invoker.java:988)
at org.testng.internal.TestMethodWorker.invokeTestMethods(TestMethodWorker.java:125)
at org.testng.internal.TestMethodWorker.run(TestMethodWorker.java:109)
at org.testng.TestRunner.privateRun(TestRunner.java:648)
at org.testng.TestRunner.run(TestRunner.java:505)
at org.testng.SuiteRunner.runTest(SuiteRunner.java:455)
at org.testng.SuiteRunner.runSequentially(SuiteRunner.java:450)
at org.testng.SuiteRunner.privateRun(SuiteRunner.java:415)
at org.testng.SuiteRunner.run(SuiteRunner.java:364)
at org.testng.SuiteRunnerWorker.runSuite(SuiteRunnerWorker.java:52)
at org.testng.SuiteRunnerWorker.run(SuiteRunnerWorker.java:84)
at org.testng.TestNG.runSuitesSequentially(TestNG.java:1208)
at org.testng.TestNG.runSuitesLocally(TestNG.java:1137)
at org.testng.TestNG.runSuites(TestNG.java:1049)
at org.testng.TestNG.run(TestNG.java:1017)
at org.testng.remote.AbstractRemoteTestNG.run(AbstractRemoteTestNG.java:114)
at org.testng.remote.RemoteTestNG.initAndRun(RemoteTestNG.java:251)
at org.testng.remote.RemoteTestNG.main(RemoteTestNG.java:77)
Caused by: sun.security.validator.ValidatorException: PKIX path building failed: sun.security.provider.certpath.SunCertPathBuilderException: unable to find valid certification path to requested target
at sun.security.validator.PKIXValidator.doBuild(Unknown Source)
at sun.security.validator.PKIXValidator.engineValidate(Unknown Source)
at sun.security.validator.Validator.validate(Unknown Source)
at sun.security.ssl.X509TrustManagerImpl.validate(Unknown Source)
at sun.security.ssl.X509TrustManagerImpl.checkTrusted(Unknown Source)
at sun.security.ssl.X509TrustManagerImpl.checkServerTrusted(Unknown Source)
... 116 more
Caused by: sun.security.provider.certpath.SunCertPathBuilderException: unable to find valid certification path to requested target
at sun.security.provider.certpath.SunCertPathBuilder.build(Unknown Source)
at sun.security.provider.certpath.SunCertPathBuilder.engineBuild(Unknown Source)
at java.security.cert.CertPathBuilder.build(Unknown Source)
... 122 more
]]>
            </full-stacktrace>
          </exception> <!-- javax.net.ssl.SSLHandshakeException -->
          <reporter-output>
          </reporter-output>
        </test-method> <!-- verifyRecords_Details -->
      </class> <!-- records_API.Discovery_API_Records_Details -->
      <class name="records_API.Discovery_API_Records_Children_parentID">
        <test-method status="FAIL" signature="verifyRecords_Details()[pri:0, instance:records_API.Discovery_API_Records_Children_parentID@1c1a03d]" name="verifyRecords_Details" duration-ms="73" started-at="2019-07-29T15:47:08Z" finished-at="2019-07-29T15:47:08Z">
          <exception class="javax.net.ssl.SSLHandshakeException">
            <message>
              <![CDATA[sun.security.validator.ValidatorException: PKIX path building failed: sun.security.provider.certpath.SunCertPathBuilderException: unable to find valid certification path to requested target]]>
            </message>
            <full-stacktrace>
              <![CDATA[javax.net.ssl.SSLHandshakeException: sun.security.validator.ValidatorException: PKIX path building failed: sun.security.provider.certpath.SunCertPathBuilderException: unable to find valid certification path to requested target
at sun.security.ssl.Alerts.getSSLException(Unknown Source)
at sun.security.ssl.SSLSocketImpl.fatal(Unknown Source)
at sun.security.ssl.Handshaker.fatalSE(Unknown Source)
at sun.security.ssl.Handshaker.fatalSE(Unknown Source)
at sun.security.ssl.ClientHandshaker.serverCertificate(Unknown Source)
at sun.security.ssl.ClientHandshaker.processMessage(Unknown Source)
at sun.security.ssl.Handshaker.processLoop(Unknown Source)
at sun.security.ssl.Handshaker.process_record(Unknown Source)
at sun.security.ssl.SSLSocketImpl.readRecord(Unknown Source)
at sun.security.ssl.SSLSocketImpl.performInitialHandshake(Unknown Source)
at sun.security.ssl.SSLSocketImpl.startHandshake(Unknown Source)
at sun.security.ssl.SSLSocketImpl.startHandshake(Unknown Source)
at org.apache.http.conn.ssl.SSLSocketFactory.createLayeredSocket(SSLSocketFactory.java:573)
at org.apache.http.conn.ssl.SSLSocketFactory.connectSocket(SSLSocketFactory.java:557)
at org.apache.http.conn.ssl.SSLSocketFactory.connectSocket(SSLSocketFactory.java:414)
at org.apache.http.impl.conn.DefaultClientConnectionOperator.openConnection(DefaultClientConnectionOperator.java:180)
at org.apache.http.impl.conn.ManagedClientConnectionImpl.open(ManagedClientConnectionImpl.java:326)
at org.apache.http.impl.client.DefaultRequestDirector.tryConnect(DefaultRequestDirector.java:610)
at org.apache.http.impl.client.DefaultRequestDirector.execute(DefaultRequestDirector.java:445)
at org.apache.http.impl.client.AbstractHttpClient.doExecute(AbstractHttpClient.java:835)
at org.apache.http.impl.client.CloseableHttpClient.execute(CloseableHttpClient.java:83)
at org.apache.http.impl.client.CloseableHttpClient.execute(CloseableHttpClient.java:56)
at org.apache.http.client.HttpClient$execute$0.call(Unknown Source)
at io.restassured.internal.RequestSpecificationImpl$RestAssuredHttpBuilder.doRequest(RequestSpecificationImpl.groovy:2028)
at io.restassured.internal.http.HTTPBuilder.doRequest(HTTPBuilder.java:494)
at io.restassured.internal.http.HTTPBuilder.request(HTTPBuilder.java:451)
at io.restassured.internal.http.HTTPBuilder$request$2.call(Unknown Source)
at io.restassured.internal.RequestSpecificationImpl.sendHttpRequest(RequestSpecificationImpl.groovy:1434)
at sun.reflect.NativeMethodAccessorImpl.invoke0(Native Method)
at sun.reflect.NativeMethodAccessorImpl.invoke(Unknown Source)
at sun.reflect.DelegatingMethodAccessorImpl.invoke(Unknown Source)
at java.lang.reflect.Method.invoke(Unknown Source)
at org.codehaus.groovy.reflection.CachedMethod.invoke(CachedMethod.java:93)
at groovy.lang.MetaMethod.doMethodInvoke(MetaMethod.java:325)
at groovy.lang.MetaClassImpl.invokeMethod(MetaClassImpl.java:1212)
at groovy.lang.MetaClassImpl.invokeMethod(MetaClassImpl.java:1021)
at groovy.lang.MetaClassImpl.invokeMethod(MetaClassImpl.java:812)
at io.restassured.internal.RequestSpecificationImpl.invokeMethod(RequestSpecificationImpl.groovy)
at org.codehaus.groovy.runtime.callsite.PogoInterceptableSite.call(PogoInterceptableSite.java:48)
at org.codehaus.groovy.runtime.callsite.PogoInterceptableSite.callCurrent(PogoInterceptableSite.java:58)
at io.restassured.internal.RequestSpecificationImpl.sendRequest(RequestSpecificationImpl.groovy:1221)
at sun.reflect.NativeMethodAccessorImpl.invoke0(Native Method)
at sun.reflect.NativeMethodAccessorImpl.invoke(Unknown Source)
at sun.reflect.DelegatingMethodAccessorImpl.invoke(Unknown Source)
at java.lang.reflect.Method.invoke(Unknown Source)
at org.codehaus.groovy.reflection.CachedMethod.invoke(CachedMethod.java:93)
at groovy.lang.MetaMethod.doMethodInvoke(MetaMethod.java:325)
at groovy.lang.MetaClassImpl.invokeMethod(MetaClassImpl.java:1212)
at groovy.lang.MetaClassImpl.invokeMethod(MetaClassImpl.java:1021)
at groovy.lang.MetaClassImpl.invokeMethod(MetaClassImpl.java:812)
at io.restassured.internal.RequestSpecificationImpl.invokeMethod(RequestSpecificationImpl.groovy)
at org.codehaus.groovy.runtime.callsite.PogoInterceptableSite.call(PogoInterceptableSite.java:48)
at org.codehaus.groovy.runtime.callsite.AbstractCallSite.call(AbstractCallSite.java:149)
at io.restassured.internal.filter.SendRequestFilter.filter(SendRequestFilter.groovy:30)
at io.restassured.filter.Filter$filter$0.call(Unknown Source)
at org.codehaus.groovy.runtime.callsite.CallSiteArray.defaultCall(CallSiteArray.java:48)
at io.restassured.filter.Filter$filter.call(Unknown Source)
at io.restassured.internal.filter.FilterContextImpl.next(FilterContextImpl.groovy:72)
at io.restassured.filter.time.TimingFilter.filter(TimingFilter.java:56)
at io.restassured.filter.Filter$filter.call(Unknown Source)
at org.codehaus.groovy.runtime.callsite.CallSiteArray.defaultCall(CallSiteArray.java:48)
at io.restassured.filter.Filter$filter$0.call(Unknown Source)
at io.restassured.internal.filter.FilterContextImpl.next(FilterContextImpl.groovy:72)
at io.restassured.filter.FilterContext$next.call(Unknown Source)
at io.restassured.internal.RequestSpecificationImpl.applyPathParamsAndSendRequest(RequestSpecificationImpl.groovy:1631)
at sun.reflect.NativeMethodAccessorImpl.invoke0(Native Method)
at sun.reflect.NativeMethodAccessorImpl.invoke(Unknown Source)
at sun.reflect.DelegatingMethodAccessorImpl.invoke(Unknown Source)
at java.lang.reflect.Method.invoke(Unknown Source)
at org.codehaus.groovy.reflection.CachedMethod.invoke(CachedMethod.java:93)
at groovy.lang.MetaMethod.doMethodInvoke(MetaMethod.java:325)
at groovy.lang.MetaClassImpl.invokeMethod(MetaClassImpl.java:1212)
at groovy.lang.MetaClassImpl.invokeMethod(MetaClassImpl.java:1021)
at groovy.lang.MetaClassImpl.invokeMethod(MetaClassImpl.java:812)
at io.restassured.internal.RequestSpecificationImpl.invokeMethod(RequestSpecificationImpl.groovy)
at org.codehaus.groovy.runtime.callsite.PogoInterceptableSite.call(PogoInterceptableSite.java:48)
at org.codehaus.groovy.runtime.callsite.PogoInterceptableSite.callCurrent(PogoInterceptableSite.java:58)
at org.codehaus.groovy.runtime.callsite.AbstractCallSite.callCurrent(AbstractCallSite.java:182)
at io.restassured.internal.RequestSpecificationImpl.applyPathParamsAndSendRequest(RequestSpecificationImpl.groovy:1637)
at sun.reflect.NativeMethodAccessorImpl.invoke0(Native Method)
at sun.reflect.NativeMethodAccessorImpl.invoke(Unknown Source)
at sun.reflect.DelegatingMethodAccessorImpl.invoke(Unknown Source)
at java.lang.reflect.Method.invoke(Unknown Source)
at org.codehaus.groovy.reflection.CachedMethod.invoke(CachedMethod.java:93)
at groovy.lang.MetaMethod.doMethodInvoke(MetaMethod.java:325)
at groovy.lang.MetaClassImpl.invokeMethod(MetaClassImpl.java:1212)
at groovy.lang.MetaClassImpl.invokeMethod(MetaClassImpl.java:1021)
at groovy.lang.MetaClassImpl.invokeMethod(MetaClassImpl.java:812)
at io.restassured.internal.RequestSpecificationImpl.invokeMethod(RequestSpecificationImpl.groovy)
at org.codehaus.groovy.runtime.callsite.PogoInterceptableSite.call(PogoInterceptableSite.java:48)
at org.codehaus.groovy.runtime.callsite.PogoInterceptableSite.callCurrent(PogoInterceptableSite.java:58)
at org.codehaus.groovy.runtime.callsite.AbstractCallSite.callCurrent(AbstractCallSite.java:182)
at io.restassured.internal.RequestSpecificationImpl.get(RequestSpecificationImpl.groovy:166)
at io.restassured.internal.RequestSpecificationImpl.get(RequestSpecificationImpl.groovy)
at records_API.Discovery_API_Records_Children_parentID.verifyRecords_Details(Discovery_API_Records_Children_parentID.java:18)
at sun.reflect.NativeMethodAccessorImpl.invoke0(Native Method)
at sun.reflect.NativeMethodAccessorImpl.invoke(Unknown Source)
at sun.reflect.DelegatingMethodAccessorImpl.invoke(Unknown Source)
at java.lang.reflect.Method.invoke(Unknown Source)
at org.testng.internal.MethodInvocationHelper.invokeMethod(MethodInvocationHelper.java:124)
at org.testng.internal.Invoker.invokeMethod(Invoker.java:580)
at org.testng.internal.Invoker.invokeTestMethod(Invoker.java:716)
at org.testng.internal.Invoker.invokeTestMethods(Invoker.java:988)
at org.testng.internal.TestMethodWorker.invokeTestMethods(TestMethodWorker.java:125)
at org.testng.internal.TestMethodWorker.run(TestMethodWorker.java:109)
at org.testng.TestRunner.privateRun(TestRunner.java:648)
at org.testng.TestRunner.run(TestRunner.java:505)
at org.testng.SuiteRunner.runTest(SuiteRunner.java:455)
at org.testng.SuiteRunner.runSequentially(SuiteRunner.java:450)
at org.testng.SuiteRunner.privateRun(SuiteRunner.java:415)
at org.testng.SuiteRunner.run(SuiteRunner.java:364)
at org.testng.SuiteRunnerWorker.runSuite(SuiteRunnerWorker.java:52)
at org.testng.SuiteRunnerWorker.run(SuiteRunnerWorker.java:84)
at org.testng.TestNG.runSuitesSequentially(TestNG.java:1208)
at org.testng.TestNG.runSuitesLocally(TestNG.java:1137)
at org.testng.TestNG.runSuites(TestNG.java:1049)
at org.testng.TestNG.run(TestNG.java:1017)
at org.testng.remote.AbstractRemoteTestNG.run(AbstractRemoteTestNG.java:114)
at org.testng.remote.RemoteTestNG.initAndRun(RemoteTestNG.java:251)
at org.testng.remote.RemoteTestNG.main(RemoteTestNG.java:77)
Caused by: sun.security.validator.ValidatorException: PKIX path building failed: sun.security.provider.certpath.SunCertPathBuilderException: unable to find valid certification path to requested target
at sun.security.validator.PKIXValidator.doBuild(Unknown Source)
at sun.security.validator.PKIXValidator.engineValidate(Unknown Source)
at sun.security.validator.Validator.validate(Unknown Source)
at sun.security.ssl.X509TrustManagerImpl.validate(Unknown Source)
at sun.security.ssl.X509TrustManagerImpl.checkTrusted(Unknown Source)
at sun.security.ssl.X509TrustManagerImpl.checkServerTrusted(Unknown Source)
... 116 more
Caused by: sun.security.provider.certpath.SunCertPathBuilderException: unable to find valid certification path to requested target
at sun.security.provider.certpath.SunCertPathBuilder.build(Unknown Source)
at sun.security.provider.certpath.SunCertPathBuilder.engineBuild(Unknown Source)
at java.security.cert.CertPathBuilder.build(Unknown Source)
... 122 more
]]>
            </full-stacktrace>
          </exception> <!-- javax.net.ssl.SSLHandshakeException -->
          <reporter-output>
          </reporter-output>
        </test-method> <!-- verifyRecords_Details -->
      </class> <!-- records_API.Discovery_API_Records_Children_parentID -->
      <class name="records_API.Discovery_API_Records_Context_Id">
        <test-method status="FAIL" signature="verifyRecords_Details()[pri:0, instance:records_API.Discovery_API_Records_Context_Id@1a8d91c]" name="verifyRecords_Details" duration-ms="76" started-at="2019-07-29T15:47:08Z" finished-at="2019-07-29T15:47:08Z">
          <exception class="javax.net.ssl.SSLHandshakeException">
            <message>
              <![CDATA[sun.security.validator.ValidatorException: PKIX path building failed: sun.security.provider.certpath.SunCertPathBuilderException: unable to find valid certification path to requested target]]>
            </message>
            <full-stacktrace>
              <![CDATA[javax.net.ssl.SSLHandshakeException: sun.security.validator.ValidatorException: PKIX path building failed: sun.security.provider.certpath.SunCertPathBuilderException: unable to find valid certification path to requested target
at sun.security.ssl.Alerts.getSSLException(Unknown Source)
at sun.security.ssl.SSLSocketImpl.fatal(Unknown Source)
at sun.security.ssl.Handshaker.fatalSE(Unknown Source)
at sun.security.ssl.Handshaker.fatalSE(Unknown Source)
at sun.security.ssl.ClientHandshaker.serverCertificate(Unknown Source)
at sun.security.ssl.ClientHandshaker.processMessage(Unknown Source)
at sun.security.ssl.Handshaker.processLoop(Unknown Source)
at sun.security.ssl.Handshaker.process_record(Unknown Source)
at sun.security.ssl.SSLSocketImpl.readRecord(Unknown Source)
at sun.security.ssl.SSLSocketImpl.performInitialHandshake(Unknown Source)
at sun.security.ssl.SSLSocketImpl.startHandshake(Unknown Source)
at sun.security.ssl.SSLSocketImpl.startHandshake(Unknown Source)
at org.apache.http.conn.ssl.SSLSocketFactory.createLayeredSocket(SSLSocketFactory.java:573)
at org.apache.http.conn.ssl.SSLSocketFactory.connectSocket(SSLSocketFactory.java:557)
at org.apache.http.conn.ssl.SSLSocketFactory.connectSocket(SSLSocketFactory.java:414)
at org.apache.http.impl.conn.DefaultClientConnectionOperator.openConnection(DefaultClientConnectionOperator.java:180)
at org.apache.http.impl.conn.ManagedClientConnectionImpl.open(ManagedClientConnectionImpl.java:326)
at org.apache.http.impl.client.DefaultRequestDirector.tryConnect(DefaultRequestDirector.java:610)
at org.apache.http.impl.client.DefaultRequestDirector.execute(DefaultRequestDirector.java:445)
at org.apache.http.impl.client.AbstractHttpClient.doExecute(AbstractHttpClient.java:835)
at org.apache.http.impl.client.CloseableHttpClient.execute(CloseableHttpClient.java:83)
at org.apache.http.impl.client.CloseableHttpClient.execute(CloseableHttpClient.java:56)
at org.apache.http.client.HttpClient$execute$0.call(Unknown Source)
at io.restassured.internal.RequestSpecificationImpl$RestAssuredHttpBuilder.doRequest(RequestSpecificationImpl.groovy:2028)
at io.restassured.internal.http.HTTPBuilder.doRequest(HTTPBuilder.java:494)
at io.restassured.internal.http.HTTPBuilder.request(HTTPBuilder.java:451)
at io.restassured.internal.http.HTTPBuilder$request$2.call(Unknown Source)
at io.restassured.internal.RequestSpecificationImpl.sendHttpRequest(RequestSpecificationImpl.groovy:1434)
at sun.reflect.NativeMethodAccessorImpl.invoke0(Native Method)
at sun.reflect.NativeMethodAccessorImpl.invoke(Unknown Source)
at sun.reflect.DelegatingMethodAccessorImpl.invoke(Unknown Source)
at java.lang.reflect.Method.invoke(Unknown Source)
at org.codehaus.groovy.reflection.CachedMethod.invoke(CachedMethod.java:93)
at groovy.lang.MetaMethod.doMethodInvoke(MetaMethod.java:325)
at groovy.lang.MetaClassImpl.invokeMethod(MetaClassImpl.java:1212)
at groovy.lang.MetaClassImpl.invokeMethod(MetaClassImpl.java:1021)
at groovy.lang.MetaClassImpl.invokeMethod(MetaClassImpl.java:812)
at io.restassured.internal.RequestSpecificationImpl.invokeMethod(RequestSpecificationImpl.groovy)
at org.codehaus.groovy.runtime.callsite.PogoInterceptableSite.call(PogoInterceptableSite.java:48)
at org.codehaus.groovy.runtime.callsite.PogoInterceptableSite.callCurrent(PogoInterceptableSite.java:58)
at io.restassured.internal.RequestSpecificationImpl.sendRequest(RequestSpecificationImpl.groovy:1221)
at sun.reflect.NativeMethodAccessorImpl.invoke0(Native Method)
at sun.reflect.NativeMethodAccessorImpl.invoke(Unknown Source)
at sun.reflect.DelegatingMethodAccessorImpl.invoke(Unknown Source)
at java.lang.reflect.Method.invoke(Unknown Source)
at org.codehaus.groovy.reflection.CachedMethod.invoke(CachedMethod.java:93)
at groovy.lang.MetaMethod.doMethodInvoke(MetaMethod.java:325)
at groovy.lang.MetaClassImpl.invokeMethod(MetaClassImpl.java:1212)
at groovy.lang.MetaClassImpl.invokeMethod(MetaClassImpl.java:1021)
at groovy.lang.MetaClassImpl.invokeMethod(MetaClassImpl.java:812)
at io.restassured.internal.RequestSpecificationImpl.invokeMethod(RequestSpecificationImpl.groovy)
at org.codehaus.groovy.runtime.callsite.PogoInterceptableSite.call(PogoInterceptableSite.java:48)
at org.codehaus.groovy.runtime.callsite.AbstractCallSite.call(AbstractCallSite.java:149)
at io.restassured.internal.filter.SendRequestFilter.filter(SendRequestFilter.groovy:30)
at io.restassured.filter.Filter$filter$0.call(Unknown Source)
at org.codehaus.groovy.runtime.callsite.CallSiteArray.defaultCall(CallSiteArray.java:48)
at io.restassured.filter.Filter$filter.call(Unknown Source)
at io.restassured.internal.filter.FilterContextImpl.next(FilterContextImpl.groovy:72)
at io.restassured.filter.time.TimingFilter.filter(TimingFilter.java:56)
at io.restassured.filter.Filter$filter.call(Unknown Source)
at org.codehaus.groovy.runtime.callsite.CallSiteArray.defaultCall(CallSiteArray.java:48)
at io.restassured.filter.Filter$filter$0.call(Unknown Source)
at io.restassured.internal.filter.FilterContextImpl.next(FilterContextImpl.groovy:72)
at io.restassured.filter.FilterContext$next.call(Unknown Source)
at io.restassured.internal.RequestSpecificationImpl.applyPathParamsAndSendRequest(RequestSpecificationImpl.groovy:1631)
at sun.reflect.NativeMethodAccessorImpl.invoke0(Native Method)
at sun.reflect.NativeMethodAccessorImpl.invoke(Unknown Source)
at sun.reflect.DelegatingMethodAccessorImpl.invoke(Unknown Source)
at java.lang.reflect.Method.invoke(Unknown Source)
at org.codehaus.groovy.reflection.CachedMethod.invoke(CachedMethod.java:93)
at groovy.lang.MetaMethod.doMethodInvoke(MetaMethod.java:325)
at groovy.lang.MetaClassImpl.invokeMethod(MetaClassImpl.java:1212)
at groovy.lang.MetaClassImpl.invokeMethod(MetaClassImpl.java:1021)
at groovy.lang.MetaClassImpl.invokeMethod(MetaClassImpl.java:812)
at io.restassured.internal.RequestSpecificationImpl.invokeMethod(RequestSpecificationImpl.groovy)
at org.codehaus.groovy.runtime.callsite.PogoInterceptableSite.call(PogoInterceptableSite.java:48)
at org.codehaus.groovy.runtime.callsite.PogoInterceptableSite.callCurrent(PogoInterceptableSite.java:58)
at org.codehaus.groovy.runtime.callsite.AbstractCallSite.callCurrent(AbstractCallSite.java:182)
at io.restassured.internal.RequestSpecificationImpl.applyPathParamsAndSendRequest(RequestSpecificationImpl.groovy:1637)
at sun.reflect.NativeMethodAccessorImpl.invoke0(Native Method)
at sun.reflect.NativeMethodAccessorImpl.invoke(Unknown Source)
at sun.reflect.DelegatingMethodAccessorImpl.invoke(Unknown Source)
at java.lang.reflect.Method.invoke(Unknown Source)
at org.codehaus.groovy.reflection.CachedMethod.invoke(CachedMethod.java:93)
at groovy.lang.MetaMethod.doMethodInvoke(MetaMethod.java:325)
at groovy.lang.MetaClassImpl.invokeMethod(MetaClassImpl.java:1212)
at groovy.lang.MetaClassImpl.invokeMethod(MetaClassImpl.java:1021)
at groovy.lang.MetaClassImpl.invokeMethod(MetaClassImpl.java:812)
at io.restassured.internal.RequestSpecificationImpl.invokeMethod(RequestSpecificationImpl.groovy)
at org.codehaus.groovy.runtime.callsite.PogoInterceptableSite.call(PogoInterceptableSite.java:48)
at org.codehaus.groovy.runtime.callsite.PogoInterceptableSite.callCurrent(PogoInterceptableSite.java:58)
at org.codehaus.groovy.runtime.callsite.AbstractCallSite.callCurrent(AbstractCallSite.java:182)
at io.restassured.internal.RequestSpecificationImpl.get(RequestSpecificationImpl.groovy:166)
at io.restassured.internal.RequestSpecificationImpl.get(RequestSpecificationImpl.groovy)
at records_API.Discovery_API_Records_Context_Id.verifyRecords_Details(Discovery_API_Records_Context_Id.java:18)
at sun.reflect.NativeMethodAccessorImpl.invoke0(Native Method)
at sun.reflect.NativeMethodAccessorImpl.invoke(Unknown Source)
at sun.reflect.DelegatingMethodAccessorImpl.invoke(Unknown Source)
at java.lang.reflect.Method.invoke(Unknown Source)
at org.testng.internal.MethodInvocationHelper.invokeMethod(MethodInvocationHelper.java:124)
at org.testng.internal.Invoker.invokeMethod(Invoker.java:580)
at org.testng.internal.Invoker.invokeTestMethod(Invoker.java:716)
at org.testng.internal.Invoker.invokeTestMethods(Invoker.java:988)
at org.testng.internal.TestMethodWorker.invokeTestMethods(TestMethodWorker.java:125)
at org.testng.internal.TestMethodWorker.run(TestMethodWorker.java:109)
at org.testng.TestRunner.privateRun(TestRunner.java:648)
at org.testng.TestRunner.run(TestRunner.java:505)
at org.testng.SuiteRunner.runTest(SuiteRunner.java:455)
at org.testng.SuiteRunner.runSequentially(SuiteRunner.java:450)
at org.testng.SuiteRunner.privateRun(SuiteRunner.java:415)
at org.testng.SuiteRunner.run(SuiteRunner.java:364)
at org.testng.SuiteRunnerWorker.runSuite(SuiteRunnerWorker.java:52)
at org.testng.SuiteRunnerWorker.run(SuiteRunnerWorker.java:84)
at org.testng.TestNG.runSuitesSequentially(TestNG.java:1208)
at org.testng.TestNG.runSuitesLocally(TestNG.java:1137)
at org.testng.TestNG.runSuites(TestNG.java:1049)
at org.testng.TestNG.run(TestNG.java:1017)
at org.testng.remote.AbstractRemoteTestNG.run(AbstractRemoteTestNG.java:114)
at org.testng.remote.RemoteTestNG.initAndRun(RemoteTestNG.java:251)
at org.testng.remote.RemoteTestNG.main(RemoteTestNG.java:77)
Caused by: sun.security.validator.ValidatorException: PKIX path building failed: sun.security.provider.certpath.SunCertPathBuilderException: unable to find valid certification path to requested target
at sun.security.validator.PKIXValidator.doBuild(Unknown Source)
at sun.security.validator.PKIXValidator.engineValidate(Unknown Source)
at sun.security.validator.Validator.validate(Unknown Source)
at sun.security.ssl.X509TrustManagerImpl.validate(Unknown Source)
at sun.security.ssl.X509TrustManagerImpl.checkTrusted(Unknown Source)
at sun.security.ssl.X509TrustManagerImpl.checkServerTrusted(Unknown Source)
... 116 more
Caused by: sun.security.provider.certpath.SunCertPathBuilderException: unable to find valid certification path to requested target
at sun.security.provider.certpath.SunCertPathBuilder.build(Unknown Source)
at sun.security.provider.certpath.SunCertPathBuilder.engineBuild(Unknown Source)
at java.security.cert.CertPathBuilder.build(Unknown Source)
... 122 more
]]>
            </full-stacktrace>
          </exception> <!-- javax.net.ssl.SSLHandshakeException -->
          <reporter-output>
          </reporter-output>
        </test-method> <!-- verifyRecords_Details -->
      </class> <!-- records_API.Discovery_API_Records_Context_Id -->
      <class name="records_API.Discovery_API_Records_Collection">
        <test-method status="FAIL" signature="verifyRecords_Details()[pri:0, instance:records_API.Discovery_API_Records_Collection@b0b186]" name="verifyRecords_Details" duration-ms="44" started-at="2019-07-29T15:47:08Z" finished-at="2019-07-29T15:47:08Z">
          <exception class="org.apache.http.client.ClientProtocolException">
            <full-stacktrace>
              <![CDATA[org.apache.http.client.ClientProtocolException
at org.apache.http.impl.client.AbstractHttpClient.doExecute(AbstractHttpClient.java:839)
at org.apache.http.impl.client.CloseableHttpClient.execute(CloseableHttpClient.java:83)
at org.apache.http.impl.client.CloseableHttpClient.execute(CloseableHttpClient.java:56)
at org.apache.http.client.HttpClient$execute$0.call(Unknown Source)
at io.restassured.internal.RequestSpecificationImpl$RestAssuredHttpBuilder.doRequest(RequestSpecificationImpl.groovy:2028)
at io.restassured.internal.http.HTTPBuilder.doRequest(HTTPBuilder.java:494)
at io.restassured.internal.http.HTTPBuilder.request(HTTPBuilder.java:451)
at io.restassured.internal.http.HTTPBuilder$request$2.call(Unknown Source)
at io.restassured.internal.RequestSpecificationImpl.sendHttpRequest(RequestSpecificationImpl.groovy:1434)
at sun.reflect.NativeMethodAccessorImpl.invoke0(Native Method)
at sun.reflect.NativeMethodAccessorImpl.invoke(Unknown Source)
at sun.reflect.DelegatingMethodAccessorImpl.invoke(Unknown Source)
at java.lang.reflect.Method.invoke(Unknown Source)
at org.codehaus.groovy.reflection.CachedMethod.invoke(CachedMethod.java:93)
at groovy.lang.MetaMethod.doMethodInvoke(MetaMethod.java:325)
at groovy.lang.MetaClassImpl.invokeMethod(MetaClassImpl.java:1212)
at groovy.lang.MetaClassImpl.invokeMethod(MetaClassImpl.java:1021)
at groovy.lang.MetaClassImpl.invokeMethod(MetaClassImpl.java:812)
at io.restassured.internal.RequestSpecificationImpl.invokeMethod(RequestSpecificationImpl.groovy)
at org.codehaus.groovy.runtime.callsite.PogoInterceptableSite.call(PogoInterceptableSite.java:48)
at org.codehaus.groovy.runtime.callsite.PogoInterceptableSite.callCurrent(PogoInterceptableSite.java:58)
at io.restassured.internal.RequestSpecificationImpl.sendRequest(RequestSpecificationImpl.groovy:1221)
at sun.reflect.NativeMethodAccessorImpl.invoke0(Native Method)
at sun.reflect.NativeMethodAccessorImpl.invoke(Unknown Source)
at sun.reflect.DelegatingMethodAccessorImpl.invoke(Unknown Source)
at java.lang.reflect.Method.invoke(Unknown Source)
at org.codehaus.groovy.reflection.CachedMethod.invoke(CachedMethod.java:93)
at groovy.lang.MetaMethod.doMethodInvoke(MetaMethod.java:325)
at groovy.lang.MetaClassImpl.invokeMethod(MetaClassImpl.java:1212)
at groovy.lang.MetaClassImpl.invokeMethod(MetaClassImpl.java:1021)
at groovy.lang.MetaClassImpl.invokeMethod(MetaClassImpl.java:812)
at io.restassured.internal.RequestSpecificationImpl.invokeMethod(RequestSpecificationImpl.groovy)
at org.codehaus.groovy.runtime.callsite.PogoInterceptableSite.call(PogoInterceptableSite.java:48)
at org.codehaus.groovy.runtime.callsite.AbstractCallSite.call(AbstractCallSite.java:149)
at io.restassured.internal.filter.SendRequestFilter.filter(SendRequestFilter.groovy:30)
at io.restassured.filter.Filter$filter$0.call(Unknown Source)
at org.codehaus.groovy.runtime.callsite.CallSiteArray.defaultCall(CallSiteArray.java:48)
at io.restassured.filter.Filter$filter.call(Unknown Source)
at io.restassured.internal.filter.FilterContextImpl.next(FilterContextImpl.groovy:72)
at io.restassured.filter.time.TimingFilter.filter(TimingFilter.java:56)
at io.restassured.filter.Filter$filter.call(Unknown Source)
at org.codehaus.groovy.runtime.callsite.CallSiteArray.defaultCall(CallSiteArray.java:48)
at io.restassured.filter.Filter$filter$0.call(Unknown Source)
at io.restassured.internal.filter.FilterContextImpl.next(FilterContextImpl.groovy:72)
at io.restassured.filter.FilterContext$next.call(Unknown Source)
at io.restassured.internal.RequestSpecificationImpl.applyPathParamsAndSendRequest(RequestSpecificationImpl.groovy:1631)
at sun.reflect.NativeMethodAccessorImpl.invoke0(Native Method)
at sun.reflect.NativeMethodAccessorImpl.invoke(Unknown Source)
at sun.reflect.DelegatingMethodAccessorImpl.invoke(Unknown Source)
at java.lang.reflect.Method.invoke(Unknown Source)
at org.codehaus.groovy.reflection.CachedMethod.invoke(CachedMethod.java:93)
at groovy.lang.MetaMethod.doMethodInvoke(MetaMethod.java:325)
at groovy.lang.MetaClassImpl.invokeMethod(MetaClassImpl.java:1212)
at groovy.lang.MetaClassImpl.invokeMethod(MetaClassImpl.java:1021)
at groovy.lang.MetaClassImpl.invokeMethod(MetaClassImpl.java:812)
at io.restassured.internal.RequestSpecificationImpl.invokeMethod(RequestSpecificationImpl.groovy)
at org.codehaus.groovy.runtime.callsite.PogoInterceptableSite.call(PogoInterceptableSite.java:48)
at org.codehaus.groovy.runtime.callsite.PogoInterceptableSite.callCurrent(PogoInterceptableSite.java:58)
at org.codehaus.groovy.runtime.callsite.AbstractCallSite.callCurrent(AbstractCallSite.java:182)
at io.restassured.internal.RequestSpecificationImpl.applyPathParamsAndSendRequest(RequestSpecificationImpl.groovy:1637)
at sun.reflect.NativeMethodAccessorImpl.invoke0(Native Method)
at sun.reflect.NativeMethodAccessorImpl.invoke(Unknown Source)
at sun.reflect.DelegatingMethodAccessorImpl.invoke(Unknown Source)
at java.lang.reflect.Method.invoke(Unknown Source)
at org.codehaus.groovy.reflection.CachedMethod.invoke(CachedMethod.java:93)
at groovy.lang.MetaMethod.doMethodInvoke(MetaMethod.java:325)
at groovy.lang.MetaClassImpl.invokeMethod(MetaClassImpl.java:1212)
at groovy.lang.MetaClassImpl.invokeMethod(MetaClassImpl.java:1021)
at groovy.lang.MetaClassImpl.invokeMethod(MetaClassImpl.java:812)
at io.restassured.internal.RequestSpecificationImpl.invokeMethod(RequestSpecificationImpl.groovy)
at org.codehaus.groovy.runtime.callsite.PogoInterceptableSite.call(PogoInterceptableSite.java:48)
at org.codehaus.groovy.runtime.callsite.PogoInterceptableSite.callCurrent(PogoInterceptableSite.java:58)
at org.codehaus.groovy.runtime.callsite.AbstractCallSite.callCurrent(AbstractCallSite.java:182)
at io.restassured.internal.RequestSpecificationImpl.get(RequestSpecificationImpl.groovy:166)
at io.restassured.internal.RequestSpecificationImpl.get(RequestSpecificationImpl.groovy)
at records_API.Discovery_API_Records_Collection.verifyRecords_Details(Discovery_API_Records_Collection.java:17)
at sun.reflect.NativeMethodAccessorImpl.invoke0(Native Method)
at sun.reflect.NativeMethodAccessorImpl.invoke(Unknown Source)
at sun.reflect.DelegatingMethodAccessorImpl.invoke(Unknown Source)
at java.lang.reflect.Method.invoke(Unknown Source)
at org.testng.internal.MethodInvocationHelper.invokeMethod(MethodInvocationHelper.java:124)
at org.testng.internal.Invoker.invokeMethod(Invoker.java:580)
at org.testng.internal.Invoker.invokeTestMethod(Invoker.java:716)
at org.testng.internal.Invoker.invokeTestMethods(Invoker.java:988)
at org.testng.internal.TestMethodWorker.invokeTestMethods(TestMethodWorker.java:125)
at org.testng.internal.TestMethodWorker.run(TestMethodWorker.java:109)
at org.testng.TestRunner.privateRun(TestRunner.java:648)
at org.testng.TestRunner.run(TestRunner.java:505)
at org.testng.SuiteRunner.runTest(SuiteRunner.java:455)
at org.testng.SuiteRunner.runSequentially(SuiteRunner.java:450)
at org.testng.SuiteRunner.privateRun(SuiteRunner.java:415)
at org.testng.SuiteRunner.run(SuiteRunner.java:364)
at org.testng.SuiteRunnerWorker.runSuite(SuiteRunnerWorker.java:52)
at org.testng.SuiteRunnerWorker.run(SuiteRunnerWorker.java:84)
at org.testng.TestNG.runSuitesSequentially(TestNG.java:1208)
at org.testng.TestNG.runSuitesLocally(TestNG.java:1137)
at org.testng.TestNG.runSuites(TestNG.java:1049)
at org.testng.TestNG.run(TestNG.java:1017)
at org.testng.remote.AbstractRemoteTestNG.run(AbstractRemoteTestNG.java:114)
at org.testng.remote.RemoteTestNG.initAndRun(RemoteTestNG.java:251)
at org.testng.remote.RemoteTestNG.main(RemoteTestNG.java:77)
Caused by: org.apache.http.ProtocolException: Invalid redirect URI: https://test.discovery.nationalarchives.gov.uk/API/records/v1/collection/WO 339/72331?source=TNA&direction=NEXT
at org.apache.http.impl.client.DefaultRedirectStrategy.createLocationURI(DefaultRedirectStrategy.java:200)
at org.apache.http.impl.client.DefaultRedirectStrategy.getLocationURI(DefaultRedirectStrategy.java:148)
at org.apache.http.impl.client.DefaultRedirectStrategy.getRedirect(DefaultRedirectStrategy.java:221)
at org.apache.http.impl.client.DefaultRequestDirector.handleResponse(DefaultRequestDirector.java:1083)
at org.apache.http.impl.client.DefaultRequestDirector.execute(DefaultRequestDirector.java:514)
at org.apache.http.impl.client.AbstractHttpClient.doExecute(AbstractHttpClient.java:835)
... 100 more
Caused by: java.net.URISyntaxException: Illegal character in path at index 75: https://test.discovery.nationalarchives.gov.uk/API/records/v1/collection/WO 339/72331?source=TNA&direction=NEXT
at java.net.URI$Parser.fail(Unknown Source)
at java.net.URI$Parser.checkChars(Unknown Source)
at java.net.URI$Parser.parseHierarchical(Unknown Source)
at java.net.URI$Parser.parse(Unknown Source)
at java.net.URI.<init>(Unknown Source)
at org.apache.http.impl.client.DefaultRedirectStrategy.createLocationURI(DefaultRedirectStrategy.java:189)
... 105 more
]]>
            </full-stacktrace>
          </exception> <!-- org.apache.http.client.ClientProtocolException -->
          <reporter-output>
          </reporter-output>
        </test-method> <!-- verifyRecords_Details -->
      </class> <!-- records_API.Discovery_API_Records_Collection -->
    </test> <!-- Discovery Records_API -->
    <test name="repository_API" duration-ms="121" started-at="2019-07-29T15:47:08Z" finished-at="2019-07-29T15:47:09Z">
      <class name="repository_API.Discovery_API_Repository_details_Id">
        <test-method status="FAIL" signature="verifyRecords_Details()[pri:0, instance:repository_API.Discovery_API_Repository_details_Id@1200884]" name="verifyRecords_Details" duration-ms="70" started-at="2019-07-29T15:47:08Z" finished-at="2019-07-29T15:47:09Z">
          <exception class="javax.net.ssl.SSLHandshakeException">
            <message>
              <![CDATA[sun.security.validator.ValidatorException: PKIX path building failed: sun.security.provider.certpath.SunCertPathBuilderException: unable to find valid certification path to requested target]]>
            </message>
            <full-stacktrace>
              <![CDATA[javax.net.ssl.SSLHandshakeException: sun.security.validator.ValidatorException: PKIX path building failed: sun.security.provider.certpath.SunCertPathBuilderException: unable to find valid certification path to requested target
at sun.security.ssl.Alerts.getSSLException(Unknown Source)
at sun.security.ssl.SSLSocketImpl.fatal(Unknown Source)
at sun.security.ssl.Handshaker.fatalSE(Unknown Source)
at sun.security.ssl.Handshaker.fatalSE(Unknown Source)
at sun.security.ssl.ClientHandshaker.serverCertificate(Unknown Source)
at sun.security.ssl.ClientHandshaker.processMessage(Unknown Source)
at sun.security.ssl.Handshaker.processLoop(Unknown Source)
at sun.security.ssl.Handshaker.process_record(Unknown Source)
at sun.security.ssl.SSLSocketImpl.readRecord(Unknown Source)
at sun.security.ssl.SSLSocketImpl.performInitialHandshake(Unknown Source)
at sun.security.ssl.SSLSocketImpl.startHandshake(Unknown Source)
at sun.security.ssl.SSLSocketImpl.startHandshake(Unknown Source)
at org.apache.http.conn.ssl.SSLSocketFactory.createLayeredSocket(SSLSocketFactory.java:573)
at org.apache.http.conn.ssl.SSLSocketFactory.connectSocket(SSLSocketFactory.java:557)
at org.apache.http.conn.ssl.SSLSocketFactory.connectSocket(SSLSocketFactory.java:414)
at org.apache.http.impl.conn.DefaultClientConnectionOperator.openConnection(DefaultClientConnectionOperator.java:180)
at org.apache.http.impl.conn.ManagedClientConnectionImpl.open(ManagedClientConnectionImpl.java:326)
at org.apache.http.impl.client.DefaultRequestDirector.tryConnect(DefaultRequestDirector.java:610)
at org.apache.http.impl.client.DefaultRequestDirector.execute(DefaultRequestDirector.java:445)
at org.apache.http.impl.client.AbstractHttpClient.doExecute(AbstractHttpClient.java:835)
at org.apache.http.impl.client.CloseableHttpClient.execute(CloseableHttpClient.java:83)
at org.apache.http.impl.client.CloseableHttpClient.execute(CloseableHttpClient.java:56)
at org.apache.http.client.HttpClient$execute$0.call(Unknown Source)
at io.restassured.internal.RequestSpecificationImpl$RestAssuredHttpBuilder.doRequest(RequestSpecificationImpl.groovy:2028)
at io.restassured.internal.http.HTTPBuilder.doRequest(HTTPBuilder.java:494)
at io.restassured.internal.http.HTTPBuilder.request(HTTPBuilder.java:451)
at io.restassured.internal.http.HTTPBuilder$request$2.call(Unknown Source)
at io.restassured.internal.RequestSpecificationImpl.sendHttpRequest(RequestSpecificationImpl.groovy:1434)
at sun.reflect.NativeMethodAccessorImpl.invoke0(Native Method)
at sun.reflect.NativeMethodAccessorImpl.invoke(Unknown Source)
at sun.reflect.DelegatingMethodAccessorImpl.invoke(Unknown Source)
at java.lang.reflect.Method.invoke(Unknown Source)
at org.codehaus.groovy.reflection.CachedMethod.invoke(CachedMethod.java:93)
at groovy.lang.MetaMethod.doMethodInvoke(MetaMethod.java:325)
at groovy.lang.MetaClassImpl.invokeMethod(MetaClassImpl.java:1212)
at groovy.lang.MetaClassImpl.invokeMethod(MetaClassImpl.java:1021)
at groovy.lang.MetaClassImpl.invokeMethod(MetaClassImpl.java:812)
at io.restassured.internal.RequestSpecificationImpl.invokeMethod(RequestSpecificationImpl.groovy)
at org.codehaus.groovy.runtime.callsite.PogoInterceptableSite.call(PogoInterceptableSite.java:48)
at org.codehaus.groovy.runtime.callsite.PogoInterceptableSite.callCurrent(PogoInterceptableSite.java:58)
at io.restassured.internal.RequestSpecificationImpl.sendRequest(RequestSpecificationImpl.groovy:1221)
at sun.reflect.NativeMethodAccessorImpl.invoke0(Native Method)
at sun.reflect.NativeMethodAccessorImpl.invoke(Unknown Source)
at sun.reflect.DelegatingMethodAccessorImpl.invoke(Unknown Source)
at java.lang.reflect.Method.invoke(Unknown Source)
at org.codehaus.groovy.reflection.CachedMethod.invoke(CachedMethod.java:93)
at groovy.lang.MetaMethod.doMethodInvoke(MetaMethod.java:325)
at groovy.lang.MetaClassImpl.invokeMethod(MetaClassImpl.java:1212)
at groovy.lang.MetaClassImpl.invokeMethod(MetaClassImpl.java:1021)
at groovy.lang.MetaClassImpl.invokeMethod(MetaClassImpl.java:812)
at io.restassured.internal.RequestSpecificationImpl.invokeMethod(RequestSpecificationImpl.groovy)
at org.codehaus.groovy.runtime.callsite.PogoInterceptableSite.call(PogoInterceptableSite.java:48)
at org.codehaus.groovy.runtime.callsite.AbstractCallSite.call(AbstractCallSite.java:149)
at io.restassured.internal.filter.SendRequestFilter.filter(SendRequestFilter.groovy:30)
at io.restassured.filter.Filter$filter$0.call(Unknown Source)
at org.codehaus.groovy.runtime.callsite.CallSiteArray.defaultCall(CallSiteArray.java:48)
at io.restassured.filter.Filter$filter.call(Unknown Source)
at io.restassured.internal.filter.FilterContextImpl.next(FilterContextImpl.groovy:72)
at io.restassured.filter.time.TimingFilter.filter(TimingFilter.java:56)
at io.restassured.filter.Filter$filter.call(Unknown Source)
at org.codehaus.groovy.runtime.callsite.CallSiteArray.defaultCall(CallSiteArray.java:48)
at io.restassured.filter.Filter$filter$0.call(Unknown Source)
at io.restassured.internal.filter.FilterContextImpl.next(FilterContextImpl.groovy:72)
at io.restassured.filter.FilterContext$next.call(Unknown Source)
at io.restassured.internal.RequestSpecificationImpl.applyPathParamsAndSendRequest(RequestSpecificationImpl.groovy:1631)
at sun.reflect.NativeMethodAccessorImpl.invoke0(Native Method)
at sun.reflect.NativeMethodAccessorImpl.invoke(Unknown Source)
at sun.reflect.DelegatingMethodAccessorImpl.invoke(Unknown Source)
at java.lang.reflect.Method.invoke(Unknown Source)
at org.codehaus.groovy.reflection.CachedMethod.invoke(CachedMethod.java:93)
at groovy.lang.MetaMethod.doMethodInvoke(MetaMethod.java:325)
at groovy.lang.MetaClassImpl.invokeMethod(MetaClassImpl.java:1212)
at groovy.lang.MetaClassImpl.invokeMethod(MetaClassImpl.java:1021)
at groovy.lang.MetaClassImpl.invokeMethod(MetaClassImpl.java:812)
at io.restassured.internal.RequestSpecificationImpl.invokeMethod(RequestSpecificationImpl.groovy)
at org.codehaus.groovy.runtime.callsite.PogoInterceptableSite.call(PogoInterceptableSite.java:48)
at org.codehaus.groovy.runtime.callsite.PogoInterceptableSite.callCurrent(PogoInterceptableSite.java:58)
at org.codehaus.groovy.runtime.callsite.AbstractCallSite.callCurrent(AbstractCallSite.java:182)
at io.restassured.internal.RequestSpecificationImpl.applyPathParamsAndSendRequest(RequestSpecificationImpl.groovy:1637)
at sun.reflect.NativeMethodAccessorImpl.invoke0(Native Method)
at sun.reflect.NativeMethodAccessorImpl.invoke(Unknown Source)
at sun.reflect.DelegatingMethodAccessorImpl.invoke(Unknown Source)
at java.lang.reflect.Method.invoke(Unknown Source)
at org.codehaus.groovy.reflection.CachedMethod.invoke(CachedMethod.java:93)
at groovy.lang.MetaMethod.doMethodInvoke(MetaMethod.java:325)
at groovy.lang.MetaClassImpl.invokeMethod(MetaClassImpl.java:1212)
at groovy.lang.MetaClassImpl.invokeMethod(MetaClassImpl.java:1021)
at groovy.lang.MetaClassImpl.invokeMethod(MetaClassImpl.java:812)
at io.restassured.internal.RequestSpecificationImpl.invokeMethod(RequestSpecificationImpl.groovy)
at org.codehaus.groovy.runtime.callsite.PogoInterceptableSite.call(PogoInterceptableSite.java:48)
at org.codehaus.groovy.runtime.callsite.PogoInterceptableSite.callCurrent(PogoInterceptableSite.java:58)
at org.codehaus.groovy.runtime.callsite.AbstractCallSite.callCurrent(AbstractCallSite.java:182)
at io.restassured.internal.RequestSpecificationImpl.get(RequestSpecificationImpl.groovy:166)
at io.restassured.internal.RequestSpecificationImpl.get(RequestSpecificationImpl.groovy)
at repository_API.Discovery_API_Repository_details_Id.verifyRecords_Details(Discovery_API_Repository_details_Id.java:18)
at sun.reflect.NativeMethodAccessorImpl.invoke0(Native Method)
at sun.reflect.NativeMethodAccessorImpl.invoke(Unknown Source)
at sun.reflect.DelegatingMethodAccessorImpl.invoke(Unknown Source)
at java.lang.reflect.Method.invoke(Unknown Source)
at org.testng.internal.MethodInvocationHelper.invokeMethod(MethodInvocationHelper.java:124)
at org.testng.internal.Invoker.invokeMethod(Invoker.java:580)
at org.testng.internal.Invoker.invokeTestMethod(Invoker.java:716)
at org.testng.internal.Invoker.invokeTestMethods(Invoker.java:988)
at org.testng.internal.TestMethodWorker.invokeTestMethods(TestMethodWorker.java:125)
at org.testng.internal.TestMethodWorker.run(TestMethodWorker.java:109)
at org.testng.TestRunner.privateRun(TestRunner.java:648)
at org.testng.TestRunner.run(TestRunner.java:505)
at org.testng.SuiteRunner.runTest(SuiteRunner.java:455)
at org.testng.SuiteRunner.runSequentially(SuiteRunner.java:450)
at org.testng.SuiteRunner.privateRun(SuiteRunner.java:415)
at org.testng.SuiteRunner.run(SuiteRunner.java:364)
at org.testng.SuiteRunnerWorker.runSuite(SuiteRunnerWorker.java:52)
at org.testng.SuiteRunnerWorker.run(SuiteRunnerWorker.java:84)
at org.testng.TestNG.runSuitesSequentially(TestNG.java:1208)
at org.testng.TestNG.runSuitesLocally(TestNG.java:1137)
at org.testng.TestNG.runSuites(TestNG.java:1049)
at org.testng.TestNG.run(TestNG.java:1017)
at org.testng.remote.AbstractRemoteTestNG.run(AbstractRemoteTestNG.java:114)
at org.testng.remote.RemoteTestNG.initAndRun(RemoteTestNG.java:251)
at org.testng.remote.RemoteTestNG.main(RemoteTestNG.java:77)
Caused by: sun.security.validator.ValidatorException: PKIX path building failed: sun.security.provider.certpath.SunCertPathBuilderException: unable to find valid certification path to requested target
at sun.security.validator.PKIXValidator.doBuild(Unknown Source)
at sun.security.validator.PKIXValidator.engineValidate(Unknown Source)
at sun.security.validator.Validator.validate(Unknown Source)
at sun.security.ssl.X509TrustManagerImpl.validate(Unknown Source)
at sun.security.ssl.X509TrustManagerImpl.checkTrusted(Unknown Source)
at sun.security.ssl.X509TrustManagerImpl.checkServerTrusted(Unknown Source)
... 116 more
Caused by: sun.security.provider.certpath.SunCertPathBuilderException: unable to find valid certification path to requested target
at sun.security.provider.certpath.SunCertPathBuilder.build(Unknown Source)
at sun.security.provider.certpath.SunCertPathBuilder.engineBuild(Unknown Source)
at java.security.cert.CertPathBuilder.build(Unknown Source)
... 122 more
]]>
            </full-stacktrace>
          </exception> <!-- javax.net.ssl.SSLHandshakeException -->
          <reporter-output>
          </reporter-output>
        </test-method> <!-- verifyRecords_Details -->
      </class> <!-- repository_API.Discovery_API_Repository_details_Id -->
      <class name="repository_API.Discovery_API_Repository_Collection">
        <test-method status="FAIL" signature="verifyRecords_Details()[pri:0, instance:repository_API.Discovery_API_Repository_Collection@1b794e2]" name="verifyRecords_Details" duration-ms="45" started-at="2019-07-29T15:47:08Z" finished-at="2019-07-29T15:47:08Z">
          <exception class="javax.net.ssl.SSLHandshakeException">
            <message>
              <![CDATA[sun.security.validator.ValidatorException: PKIX path building failed: sun.security.provider.certpath.SunCertPathBuilderException: unable to find valid certification path to requested target]]>
            </message>
            <full-stacktrace>
              <![CDATA[javax.net.ssl.SSLHandshakeException: sun.security.validator.ValidatorException: PKIX path building failed: sun.security.provider.certpath.SunCertPathBuilderException: unable to find valid certification path to requested target
at sun.security.ssl.Alerts.getSSLException(Unknown Source)
at sun.security.ssl.SSLSocketImpl.fatal(Unknown Source)
at sun.security.ssl.Handshaker.fatalSE(Unknown Source)
at sun.security.ssl.Handshaker.fatalSE(Unknown Source)
at sun.security.ssl.ClientHandshaker.serverCertificate(Unknown Source)
at sun.security.ssl.ClientHandshaker.processMessage(Unknown Source)
at sun.security.ssl.Handshaker.processLoop(Unknown Source)
at sun.security.ssl.Handshaker.process_record(Unknown Source)
at sun.security.ssl.SSLSocketImpl.readRecord(Unknown Source)
at sun.security.ssl.SSLSocketImpl.performInitialHandshake(Unknown Source)
at sun.security.ssl.SSLSocketImpl.startHandshake(Unknown Source)
at sun.security.ssl.SSLSocketImpl.startHandshake(Unknown Source)
at org.apache.http.conn.ssl.SSLSocketFactory.createLayeredSocket(SSLSocketFactory.java:573)
at org.apache.http.conn.ssl.SSLSocketFactory.connectSocket(SSLSocketFactory.java:557)
at org.apache.http.conn.ssl.SSLSocketFactory.connectSocket(SSLSocketFactory.java:414)
at org.apache.http.impl.conn.DefaultClientConnectionOperator.openConnection(DefaultClientConnectionOperator.java:180)
at org.apache.http.impl.conn.ManagedClientConnectionImpl.open(ManagedClientConnectionImpl.java:326)
at org.apache.http.impl.client.DefaultRequestDirector.tryConnect(DefaultRequestDirector.java:610)
at org.apache.http.impl.client.DefaultRequestDirector.execute(DefaultRequestDirector.java:445)
at org.apache.http.impl.client.AbstractHttpClient.doExecute(AbstractHttpClient.java:835)
at org.apache.http.impl.client.CloseableHttpClient.execute(CloseableHttpClient.java:83)
at org.apache.http.impl.client.CloseableHttpClient.execute(CloseableHttpClient.java:56)
at org.apache.http.client.HttpClient$execute$0.call(Unknown Source)
at io.restassured.internal.RequestSpecificationImpl$RestAssuredHttpBuilder.doRequest(RequestSpecificationImpl.groovy:2028)
at io.restassured.internal.http.HTTPBuilder.doRequest(HTTPBuilder.java:494)
at io.restassured.internal.http.HTTPBuilder.request(HTTPBuilder.java:451)
at io.restassured.internal.http.HTTPBuilder$request$2.call(Unknown Source)
at io.restassured.internal.RequestSpecificationImpl.sendHttpRequest(RequestSpecificationImpl.groovy:1434)
at sun.reflect.NativeMethodAccessorImpl.invoke0(Native Method)
at sun.reflect.NativeMethodAccessorImpl.invoke(Unknown Source)
at sun.reflect.DelegatingMethodAccessorImpl.invoke(Unknown Source)
at java.lang.reflect.Method.invoke(Unknown Source)
at org.codehaus.groovy.reflection.CachedMethod.invoke(CachedMethod.java:93)
at groovy.lang.MetaMethod.doMethodInvoke(MetaMethod.java:325)
at groovy.lang.MetaClassImpl.invokeMethod(MetaClassImpl.java:1212)
at groovy.lang.MetaClassImpl.invokeMethod(MetaClassImpl.java:1021)
at groovy.lang.MetaClassImpl.invokeMethod(MetaClassImpl.java:812)
at io.restassured.internal.RequestSpecificationImpl.invokeMethod(RequestSpecificationImpl.groovy)
at org.codehaus.groovy.runtime.callsite.PogoInterceptableSite.call(PogoInterceptableSite.java:48)
at org.codehaus.groovy.runtime.callsite.PogoInterceptableSite.callCurrent(PogoInterceptableSite.java:58)
at io.restassured.internal.RequestSpecificationImpl.sendRequest(RequestSpecificationImpl.groovy:1221)
at sun.reflect.NativeMethodAccessorImpl.invoke0(Native Method)
at sun.reflect.NativeMethodAccessorImpl.invoke(Unknown Source)
at sun.reflect.DelegatingMethodAccessorImpl.invoke(Unknown Source)
at java.lang.reflect.Method.invoke(Unknown Source)
at org.codehaus.groovy.reflection.CachedMethod.invoke(CachedMethod.java:93)
at groovy.lang.MetaMethod.doMethodInvoke(MetaMethod.java:325)
at groovy.lang.MetaClassImpl.invokeMethod(MetaClassImpl.java:1212)
at groovy.lang.MetaClassImpl.invokeMethod(MetaClassImpl.java:1021)
at groovy.lang.MetaClassImpl.invokeMethod(MetaClassImpl.java:812)
at io.restassured.internal.RequestSpecificationImpl.invokeMethod(RequestSpecificationImpl.groovy)
at org.codehaus.groovy.runtime.callsite.PogoInterceptableSite.call(PogoInterceptableSite.java:48)
at org.codehaus.groovy.runtime.callsite.AbstractCallSite.call(AbstractCallSite.java:149)
at io.restassured.internal.filter.SendRequestFilter.filter(SendRequestFilter.groovy:30)
at io.restassured.filter.Filter$filter$0.call(Unknown Source)
at org.codehaus.groovy.runtime.callsite.CallSiteArray.defaultCall(CallSiteArray.java:48)
at io.restassured.filter.Filter$filter.call(Unknown Source)
at io.restassured.internal.filter.FilterContextImpl.next(FilterContextImpl.groovy:72)
at io.restassured.filter.time.TimingFilter.filter(TimingFilter.java:56)
at io.restassured.filter.Filter$filter.call(Unknown Source)
at org.codehaus.groovy.runtime.callsite.CallSiteArray.defaultCall(CallSiteArray.java:48)
at io.restassured.filter.Filter$filter$0.call(Unknown Source)
at io.restassured.internal.filter.FilterContextImpl.next(FilterContextImpl.groovy:72)
at io.restassured.filter.FilterContext$next.call(Unknown Source)
at io.restassured.internal.RequestSpecificationImpl.applyPathParamsAndSendRequest(RequestSpecificationImpl.groovy:1631)
at sun.reflect.NativeMethodAccessorImpl.invoke0(Native Method)
at sun.reflect.NativeMethodAccessorImpl.invoke(Unknown Source)
at sun.reflect.DelegatingMethodAccessorImpl.invoke(Unknown Source)
at java.lang.reflect.Method.invoke(Unknown Source)
at org.codehaus.groovy.reflection.CachedMethod.invoke(CachedMethod.java:93)
at groovy.lang.MetaMethod.doMethodInvoke(MetaMethod.java:325)
at groovy.lang.MetaClassImpl.invokeMethod(MetaClassImpl.java:1212)
at groovy.lang.MetaClassImpl.invokeMethod(MetaClassImpl.java:1021)
at groovy.lang.MetaClassImpl.invokeMethod(MetaClassImpl.java:812)
at io.restassured.internal.RequestSpecificationImpl.invokeMethod(RequestSpecificationImpl.groovy)
at org.codehaus.groovy.runtime.callsite.PogoInterceptableSite.call(PogoInterceptableSite.java:48)
at org.codehaus.groovy.runtime.callsite.PogoInterceptableSite.callCurrent(PogoInterceptableSite.java:58)
at org.codehaus.groovy.runtime.callsite.AbstractCallSite.callCurrent(AbstractCallSite.java:182)
at io.restassured.internal.RequestSpecificationImpl.applyPathParamsAndSendRequest(RequestSpecificationImpl.groovy:1637)
at sun.reflect.NativeMethodAccessorImpl.invoke0(Native Method)
at sun.reflect.NativeMethodAccessorImpl.invoke(Unknown Source)
at sun.reflect.DelegatingMethodAccessorImpl.invoke(Unknown Source)
at java.lang.reflect.Method.invoke(Unknown Source)
at org.codehaus.groovy.reflection.CachedMethod.invoke(CachedMethod.java:93)
at groovy.lang.MetaMethod.doMethodInvoke(MetaMethod.java:325)
at groovy.lang.MetaClassImpl.invokeMethod(MetaClassImpl.java:1212)
at groovy.lang.MetaClassImpl.invokeMethod(MetaClassImpl.java:1021)
at groovy.lang.MetaClassImpl.invokeMethod(MetaClassImpl.java:812)
at io.restassured.internal.RequestSpecificationImpl.invokeMethod(RequestSpecificationImpl.groovy)
at org.codehaus.groovy.runtime.callsite.PogoInterceptableSite.call(PogoInterceptableSite.java:48)
at org.codehaus.groovy.runtime.callsite.PogoInterceptableSite.callCurrent(PogoInterceptableSite.java:58)
at org.codehaus.groovy.runtime.callsite.AbstractCallSite.callCurrent(AbstractCallSite.java:182)
at io.restassured.internal.RequestSpecificationImpl.get(RequestSpecificationImpl.groovy:166)
at io.restassured.internal.RequestSpecificationImpl.get(RequestSpecificationImpl.groovy)
at repository_API.Discovery_API_Repository_Collection.verifyRecords_Details(Discovery_API_Repository_Collection.java:18)
at sun.reflect.NativeMethodAccessorImpl.invoke0(Native Method)
at sun.reflect.NativeMethodAccessorImpl.invoke(Unknown Source)
at sun.reflect.DelegatingMethodAccessorImpl.invoke(Unknown Source)
at java.lang.reflect.Method.invoke(Unknown Source)
at org.testng.internal.MethodInvocationHelper.invokeMethod(MethodInvocationHelper.java:124)
at org.testng.internal.Invoker.invokeMethod(Invoker.java:580)
at org.testng.internal.Invoker.invokeTestMethod(Invoker.java:716)
at org.testng.internal.Invoker.invokeTestMethods(Invoker.java:988)
at org.testng.internal.TestMethodWorker.invokeTestMethods(TestMethodWorker.java:125)
at org.testng.internal.TestMethodWorker.run(TestMethodWorker.java:109)
at org.testng.TestRunner.privateRun(TestRunner.java:648)
at org.testng.TestRunner.run(TestRunner.java:505)
at org.testng.SuiteRunner.runTest(SuiteRunner.java:455)
at org.testng.SuiteRunner.runSequentially(SuiteRunner.java:450)
at org.testng.SuiteRunner.privateRun(SuiteRunner.java:415)
at org.testng.SuiteRunner.run(SuiteRunner.java:364)
at org.testng.SuiteRunnerWorker.runSuite(SuiteRunnerWorker.java:52)
at org.testng.SuiteRunnerWorker.run(SuiteRunnerWorker.java:84)
at org.testng.TestNG.runSuitesSequentially(TestNG.java:1208)
at org.testng.TestNG.runSuitesLocally(TestNG.java:1137)
at org.testng.TestNG.runSuites(TestNG.java:1049)
at org.testng.TestNG.run(TestNG.java:1017)
at org.testng.remote.AbstractRemoteTestNG.run(AbstractRemoteTestNG.java:114)
at org.testng.remote.RemoteTestNG.initAndRun(RemoteTestNG.java:251)
at org.testng.remote.RemoteTestNG.main(RemoteTestNG.java:77)
Caused by: sun.security.validator.ValidatorException: PKIX path building failed: sun.security.provider.certpath.SunCertPathBuilderException: unable to find valid certification path to requested target
at sun.security.validator.PKIXValidator.doBuild(Unknown Source)
at sun.security.validator.PKIXValidator.engineValidate(Unknown Source)
at sun.security.validator.Validator.validate(Unknown Source)
at sun.security.ssl.X509TrustManagerImpl.validate(Unknown Source)
at sun.security.ssl.X509TrustManagerImpl.checkTrusted(Unknown Source)
at sun.security.ssl.X509TrustManagerImpl.checkServerTrusted(Unknown Source)
... 116 more
Caused by: sun.security.provider.certpath.SunCertPathBuilderException: unable to find valid certification path to requested target
at sun.security.provider.certpath.SunCertPathBuilder.build(Unknown Source)
at sun.security.provider.certpath.SunCertPathBuilder.engineBuild(Unknown Source)
at java.security.cert.CertPathBuilder.build(Unknown Source)
... 122 more
]]>
            </full-stacktrace>
          </exception> <!-- javax.net.ssl.SSLHandshakeException -->
          <reporter-output>
          </reporter-output>
        </test-method> <!-- verifyRecords_Details -->
      </class> <!-- repository_API.Discovery_API_Repository_Collection -->
    </test> <!-- repository_API -->
    <test name="searchForFileAuthorities_API" duration-ms="80" started-at="2019-07-29T15:47:09Z" finished-at="2019-07-29T15:47:09Z">
      <class name="searchForFileAuthorities_API.Discovery_API_SearchForFileAuthorities">
        <test-method status="FAIL" signature="verifyRecords_Details()[pri:0, instance:searchForFileAuthorities_API.Discovery_API_SearchForFileAuthorities@19ad2e3]" name="verifyRecords_Details" duration-ms="78" started-at="2019-07-29T15:47:09Z" finished-at="2019-07-29T15:47:09Z">
          <exception class="javax.net.ssl.SSLHandshakeException">
            <message>
              <![CDATA[sun.security.validator.ValidatorException: PKIX path building failed: sun.security.provider.certpath.SunCertPathBuilderException: unable to find valid certification path to requested target]]>
            </message>
            <full-stacktrace>
              <![CDATA[javax.net.ssl.SSLHandshakeException: sun.security.validator.ValidatorException: PKIX path building failed: sun.security.provider.certpath.SunCertPathBuilderException: unable to find valid certification path to requested target
at sun.security.ssl.Alerts.getSSLException(Unknown Source)
at sun.security.ssl.SSLSocketImpl.fatal(Unknown Source)
at sun.security.ssl.Handshaker.fatalSE(Unknown Source)
at sun.security.ssl.Handshaker.fatalSE(Unknown Source)
at sun.security.ssl.ClientHandshaker.serverCertificate(Unknown Source)
at sun.security.ssl.ClientHandshaker.processMessage(Unknown Source)
at sun.security.ssl.Handshaker.processLoop(Unknown Source)
at sun.security.ssl.Handshaker.process_record(Unknown Source)
at sun.security.ssl.SSLSocketImpl.readRecord(Unknown Source)
at sun.security.ssl.SSLSocketImpl.performInitialHandshake(Unknown Source)
at sun.security.ssl.SSLSocketImpl.startHandshake(Unknown Source)
at sun.security.ssl.SSLSocketImpl.startHandshake(Unknown Source)
at org.apache.http.conn.ssl.SSLSocketFactory.createLayeredSocket(SSLSocketFactory.java:573)
at org.apache.http.conn.ssl.SSLSocketFactory.connectSocket(SSLSocketFactory.java:557)
at org.apache.http.conn.ssl.SSLSocketFactory.connectSocket(SSLSocketFactory.java:414)
at org.apache.http.impl.conn.DefaultClientConnectionOperator.openConnection(DefaultClientConnectionOperator.java:180)
at org.apache.http.impl.conn.ManagedClientConnectionImpl.open(ManagedClientConnectionImpl.java:326)
at org.apache.http.impl.client.DefaultRequestDirector.tryConnect(DefaultRequestDirector.java:610)
at org.apache.http.impl.client.DefaultRequestDirector.execute(DefaultRequestDirector.java:445)
at org.apache.http.impl.client.AbstractHttpClient.doExecute(AbstractHttpClient.java:835)
at org.apache.http.impl.client.CloseableHttpClient.execute(CloseableHttpClient.java:83)
at org.apache.http.impl.client.CloseableHttpClient.execute(CloseableHttpClient.java:56)
at org.apache.http.client.HttpClient$execute$0.call(Unknown Source)
at io.restassured.internal.RequestSpecificationImpl$RestAssuredHttpBuilder.doRequest(RequestSpecificationImpl.groovy:2028)
at io.restassured.internal.http.HTTPBuilder.doRequest(HTTPBuilder.java:494)
at io.restassured.internal.http.HTTPBuilder.request(HTTPBuilder.java:451)
at io.restassured.internal.http.HTTPBuilder$request$2.call(Unknown Source)
at io.restassured.internal.RequestSpecificationImpl.sendHttpRequest(RequestSpecificationImpl.groovy:1434)
at sun.reflect.NativeMethodAccessorImpl.invoke0(Native Method)
at sun.reflect.NativeMethodAccessorImpl.invoke(Unknown Source)
at sun.reflect.DelegatingMethodAccessorImpl.invoke(Unknown Source)
at java.lang.reflect.Method.invoke(Unknown Source)
at org.codehaus.groovy.reflection.CachedMethod.invoke(CachedMethod.java:93)
at groovy.lang.MetaMethod.doMethodInvoke(MetaMethod.java:325)
at groovy.lang.MetaClassImpl.invokeMethod(MetaClassImpl.java:1212)
at groovy.lang.MetaClassImpl.invokeMethod(MetaClassImpl.java:1021)
at groovy.lang.MetaClassImpl.invokeMethod(MetaClassImpl.java:812)
at io.restassured.internal.RequestSpecificationImpl.invokeMethod(RequestSpecificationImpl.groovy)
at org.codehaus.groovy.runtime.callsite.PogoInterceptableSite.call(PogoInterceptableSite.java:48)
at org.codehaus.groovy.runtime.callsite.PogoInterceptableSite.callCurrent(PogoInterceptableSite.java:58)
at io.restassured.internal.RequestSpecificationImpl.sendRequest(RequestSpecificationImpl.groovy:1221)
at sun.reflect.NativeMethodAccessorImpl.invoke0(Native Method)
at sun.reflect.NativeMethodAccessorImpl.invoke(Unknown Source)
at sun.reflect.DelegatingMethodAccessorImpl.invoke(Unknown Source)
at java.lang.reflect.Method.invoke(Unknown Source)
at org.codehaus.groovy.reflection.CachedMethod.invoke(CachedMethod.java:93)
at groovy.lang.MetaMethod.doMethodInvoke(MetaMethod.java:325)
at groovy.lang.MetaClassImpl.invokeMethod(MetaClassImpl.java:1212)
at groovy.lang.MetaClassImpl.invokeMethod(MetaClassImpl.java:1021)
at groovy.lang.MetaClassImpl.invokeMethod(MetaClassImpl.java:812)
at io.restassured.internal.RequestSpecificationImpl.invokeMethod(RequestSpecificationImpl.groovy)
at org.codehaus.groovy.runtime.callsite.PogoInterceptableSite.call(PogoInterceptableSite.java:48)
at org.codehaus.groovy.runtime.callsite.AbstractCallSite.call(AbstractCallSite.java:149)
at io.restassured.internal.filter.SendRequestFilter.filter(SendRequestFilter.groovy:30)
at io.restassured.filter.Filter$filter$0.call(Unknown Source)
at org.codehaus.groovy.runtime.callsite.CallSiteArray.defaultCall(CallSiteArray.java:48)
at io.restassured.filter.Filter$filter.call(Unknown Source)
at io.restassured.internal.filter.FilterContextImpl.next(FilterContextImpl.groovy:72)
at io.restassured.filter.time.TimingFilter.filter(TimingFilter.java:56)
at io.restassured.filter.Filter$filter.call(Unknown Source)
at org.codehaus.groovy.runtime.callsite.CallSiteArray.defaultCall(CallSiteArray.java:48)
at io.restassured.filter.Filter$filter$0.call(Unknown Source)
at io.restassured.internal.filter.FilterContextImpl.next(FilterContextImpl.groovy:72)
at io.restassured.filter.FilterContext$next.call(Unknown Source)
at io.restassured.internal.RequestSpecificationImpl.applyPathParamsAndSendRequest(RequestSpecificationImpl.groovy:1631)
at sun.reflect.NativeMethodAccessorImpl.invoke0(Native Method)
at sun.reflect.NativeMethodAccessorImpl.invoke(Unknown Source)
at sun.reflect.DelegatingMethodAccessorImpl.invoke(Unknown Source)
at java.lang.reflect.Method.invoke(Unknown Source)
at org.codehaus.groovy.reflection.CachedMethod.invoke(CachedMethod.java:93)
at groovy.lang.MetaMethod.doMethodInvoke(MetaMethod.java:325)
at groovy.lang.MetaClassImpl.invokeMethod(MetaClassImpl.java:1212)
at groovy.lang.MetaClassImpl.invokeMethod(MetaClassImpl.java:1021)
at groovy.lang.MetaClassImpl.invokeMethod(MetaClassImpl.java:812)
at io.restassured.internal.RequestSpecificationImpl.invokeMethod(RequestSpecificationImpl.groovy)
at org.codehaus.groovy.runtime.callsite.PogoInterceptableSite.call(PogoInterceptableSite.java:48)
at org.codehaus.groovy.runtime.callsite.PogoInterceptableSite.callCurrent(PogoInterceptableSite.java:58)
at org.codehaus.groovy.runtime.callsite.AbstractCallSite.callCurrent(AbstractCallSite.java:182)
at io.restassured.internal.RequestSpecificationImpl.applyPathParamsAndSendRequest(RequestSpecificationImpl.groovy:1637)
at sun.reflect.NativeMethodAccessorImpl.invoke0(Native Method)
at sun.reflect.NativeMethodAccessorImpl.invoke(Unknown Source)
at sun.reflect.DelegatingMethodAccessorImpl.invoke(Unknown Source)
at java.lang.reflect.Method.invoke(Unknown Source)
at org.codehaus.groovy.reflection.CachedMethod.invoke(CachedMethod.java:93)
at groovy.lang.MetaMethod.doMethodInvoke(MetaMethod.java:325)
at groovy.lang.MetaClassImpl.invokeMethod(MetaClassImpl.java:1212)
at groovy.lang.MetaClassImpl.invokeMethod(MetaClassImpl.java:1021)
at groovy.lang.MetaClassImpl.invokeMethod(MetaClassImpl.java:812)
at io.restassured.internal.RequestSpecificationImpl.invokeMethod(RequestSpecificationImpl.groovy)
at org.codehaus.groovy.runtime.callsite.PogoInterceptableSite.call(PogoInterceptableSite.java:48)
at org.codehaus.groovy.runtime.callsite.PogoInterceptableSite.callCurrent(PogoInterceptableSite.java:58)
at org.codehaus.groovy.runtime.callsite.AbstractCallSite.callCurrent(AbstractCallSite.java:182)
at io.restassured.internal.RequestSpecificationImpl.get(RequestSpecificationImpl.groovy:166)
at io.restassured.internal.RequestSpecificationImpl.get(RequestSpecificationImpl.groovy)
at searchForFileAuthorities_API.Discovery_API_SearchForFileAuthorities.verifyRecords_Details(Discovery_API_SearchForFileAuthorities.java:18)
at sun.reflect.NativeMethodAccessorImpl.invoke0(Native Method)
at sun.reflect.NativeMethodAccessorImpl.invoke(Unknown Source)
at sun.reflect.DelegatingMethodAccessorImpl.invoke(Unknown Source)
at java.lang.reflect.Method.invoke(Unknown Source)
at org.testng.internal.MethodInvocationHelper.invokeMethod(MethodInvocationHelper.java:124)
at org.testng.internal.Invoker.invokeMethod(Invoker.java:580)
at org.testng.internal.Invoker.invokeTestMethod(Invoker.java:716)
at org.testng.internal.Invoker.invokeTestMethods(Invoker.java:988)
at org.testng.internal.TestMethodWorker.invokeTestMethods(TestMethodWorker.java:125)
at org.testng.internal.TestMethodWorker.run(TestMethodWorker.java:109)
at org.testng.TestRunner.privateRun(TestRunner.java:648)
at org.testng.TestRunner.run(TestRunner.java:505)
at org.testng.SuiteRunner.runTest(SuiteRunner.java:455)
at org.testng.SuiteRunner.runSequentially(SuiteRunner.java:450)
at org.testng.SuiteRunner.privateRun(SuiteRunner.java:415)
at org.testng.SuiteRunner.run(SuiteRunner.java:364)
at org.testng.SuiteRunnerWorker.runSuite(SuiteRunnerWorker.java:52)
at org.testng.SuiteRunnerWorker.run(SuiteRunnerWorker.java:84)
at org.testng.TestNG.runSuitesSequentially(TestNG.java:1208)
at org.testng.TestNG.runSuitesLocally(TestNG.java:1137)
at org.testng.TestNG.runSuites(TestNG.java:1049)
at org.testng.TestNG.run(TestNG.java:1017)
at org.testng.remote.AbstractRemoteTestNG.run(AbstractRemoteTestNG.java:114)
at org.testng.remote.RemoteTestNG.initAndRun(RemoteTestNG.java:251)
at org.testng.remote.RemoteTestNG.main(RemoteTestNG.java:77)
Caused by: sun.security.validator.ValidatorException: PKIX path building failed: sun.security.provider.certpath.SunCertPathBuilderException: unable to find valid certification path to requested target
at sun.security.validator.PKIXValidator.doBuild(Unknown Source)
at sun.security.validator.PKIXValidator.engineValidate(Unknown Source)
at sun.security.validator.Validator.validate(Unknown Source)
at sun.security.ssl.X509TrustManagerImpl.validate(Unknown Source)
at sun.security.ssl.X509TrustManagerImpl.checkTrusted(Unknown Source)
at sun.security.ssl.X509TrustManagerImpl.checkServerTrusted(Unknown Source)
... 116 more
Caused by: sun.security.provider.certpath.SunCertPathBuilderException: unable to find valid certification path to requested target
at sun.security.provider.certpath.SunCertPathBuilder.build(Unknown Source)
at sun.security.provider.certpath.SunCertPathBuilder.engineBuild(Unknown Source)
at java.security.cert.CertPathBuilder.build(Unknown Source)
... 122 more
]]>
            </full-stacktrace>
          </exception> <!-- javax.net.ssl.SSLHandshakeException -->
          <reporter-output>
          </reporter-output>
        </test-method> <!-- verifyRecords_Details -->
      </class> <!-- searchForFileAuthorities_API.Discovery_API_SearchForFileAuthorities -->
    </test> <!-- searchForFileAuthorities_API -->
    <test name="searchForRepositories_API" duration-ms="73" started-at="2019-07-29T15:47:09Z" finished-at="2019-07-29T15:47:09Z">
      <class name="searchForRepositories_API.Discovery_API_SearchForRepositories_Archives">
        <test-method status="FAIL" signature="verifySearchforRepositories()[pri:0, instance:searchForRepositories_API.Discovery_API_SearchForRepositories_Archives@6a82c4]" name="verifySearchforRepositories" duration-ms="70" started-at="2019-07-29T15:47:09Z" finished-at="2019-07-29T15:47:09Z">
          <exception class="javax.net.ssl.SSLHandshakeException">
            <message>
              <![CDATA[sun.security.validator.ValidatorException: PKIX path building failed: sun.security.provider.certpath.SunCertPathBuilderException: unable to find valid certification path to requested target]]>
            </message>
            <full-stacktrace>
              <![CDATA[javax.net.ssl.SSLHandshakeException: sun.security.validator.ValidatorException: PKIX path building failed: sun.security.provider.certpath.SunCertPathBuilderException: unable to find valid certification path to requested target
at sun.security.ssl.Alerts.getSSLException(Unknown Source)
at sun.security.ssl.SSLSocketImpl.fatal(Unknown Source)
at sun.security.ssl.Handshaker.fatalSE(Unknown Source)
at sun.security.ssl.Handshaker.fatalSE(Unknown Source)
at sun.security.ssl.ClientHandshaker.serverCertificate(Unknown Source)
at sun.security.ssl.ClientHandshaker.processMessage(Unknown Source)
at sun.security.ssl.Handshaker.processLoop(Unknown Source)
at sun.security.ssl.Handshaker.process_record(Unknown Source)
at sun.security.ssl.SSLSocketImpl.readRecord(Unknown Source)
at sun.security.ssl.SSLSocketImpl.performInitialHandshake(Unknown Source)
at sun.security.ssl.SSLSocketImpl.startHandshake(Unknown Source)
at sun.security.ssl.SSLSocketImpl.startHandshake(Unknown Source)
at org.apache.http.conn.ssl.SSLSocketFactory.createLayeredSocket(SSLSocketFactory.java:573)
at org.apache.http.conn.ssl.SSLSocketFactory.connectSocket(SSLSocketFactory.java:557)
at org.apache.http.conn.ssl.SSLSocketFactory.connectSocket(SSLSocketFactory.java:414)
at org.apache.http.impl.conn.DefaultClientConnectionOperator.openConnection(DefaultClientConnectionOperator.java:180)
at org.apache.http.impl.conn.ManagedClientConnectionImpl.open(ManagedClientConnectionImpl.java:326)
at org.apache.http.impl.client.DefaultRequestDirector.tryConnect(DefaultRequestDirector.java:610)
at org.apache.http.impl.client.DefaultRequestDirector.execute(DefaultRequestDirector.java:445)
at org.apache.http.impl.client.AbstractHttpClient.doExecute(AbstractHttpClient.java:835)
at org.apache.http.impl.client.CloseableHttpClient.execute(CloseableHttpClient.java:83)
at org.apache.http.impl.client.CloseableHttpClient.execute(CloseableHttpClient.java:56)
at org.apache.http.client.HttpClient$execute$0.call(Unknown Source)
at io.restassured.internal.RequestSpecificationImpl$RestAssuredHttpBuilder.doRequest(RequestSpecificationImpl.groovy:2028)
at io.restassured.internal.http.HTTPBuilder.doRequest(HTTPBuilder.java:494)
at io.restassured.internal.http.HTTPBuilder.request(HTTPBuilder.java:451)
at io.restassured.internal.http.HTTPBuilder$request$2.call(Unknown Source)
at io.restassured.internal.RequestSpecificationImpl.sendHttpRequest(RequestSpecificationImpl.groovy:1434)
at sun.reflect.NativeMethodAccessorImpl.invoke0(Native Method)
at sun.reflect.NativeMethodAccessorImpl.invoke(Unknown Source)
at sun.reflect.DelegatingMethodAccessorImpl.invoke(Unknown Source)
at java.lang.reflect.Method.invoke(Unknown Source)
at org.codehaus.groovy.reflection.CachedMethod.invoke(CachedMethod.java:93)
at groovy.lang.MetaMethod.doMethodInvoke(MetaMethod.java:325)
at groovy.lang.MetaClassImpl.invokeMethod(MetaClassImpl.java:1212)
at groovy.lang.MetaClassImpl.invokeMethod(MetaClassImpl.java:1021)
at groovy.lang.MetaClassImpl.invokeMethod(MetaClassImpl.java:812)
at io.restassured.internal.RequestSpecificationImpl.invokeMethod(RequestSpecificationImpl.groovy)
at org.codehaus.groovy.runtime.callsite.PogoInterceptableSite.call(PogoInterceptableSite.java:48)
at org.codehaus.groovy.runtime.callsite.PogoInterceptableSite.callCurrent(PogoInterceptableSite.java:58)
at io.restassured.internal.RequestSpecificationImpl.sendRequest(RequestSpecificationImpl.groovy:1221)
at sun.reflect.NativeMethodAccessorImpl.invoke0(Native Method)
at sun.reflect.NativeMethodAccessorImpl.invoke(Unknown Source)
at sun.reflect.DelegatingMethodAccessorImpl.invoke(Unknown Source)
at java.lang.reflect.Method.invoke(Unknown Source)
at org.codehaus.groovy.reflection.CachedMethod.invoke(CachedMethod.java:93)
at groovy.lang.MetaMethod.doMethodInvoke(MetaMethod.java:325)
at groovy.lang.MetaClassImpl.invokeMethod(MetaClassImpl.java:1212)
at groovy.lang.MetaClassImpl.invokeMethod(MetaClassImpl.java:1021)
at groovy.lang.MetaClassImpl.invokeMethod(MetaClassImpl.java:812)
at io.restassured.internal.RequestSpecificationImpl.invokeMethod(RequestSpecificationImpl.groovy)
at org.codehaus.groovy.runtime.callsite.PogoInterceptableSite.call(PogoInterceptableSite.java:48)
at org.codehaus.groovy.runtime.callsite.AbstractCallSite.call(AbstractCallSite.java:149)
at io.restassured.internal.filter.SendRequestFilter.filter(SendRequestFilter.groovy:30)
at io.restassured.filter.Filter$filter$0.call(Unknown Source)
at org.codehaus.groovy.runtime.callsite.CallSiteArray.defaultCall(CallSiteArray.java:48)
at io.restassured.filter.Filter$filter.call(Unknown Source)
at io.restassured.internal.filter.FilterContextImpl.next(FilterContextImpl.groovy:72)
at io.restassured.filter.time.TimingFilter.filter(TimingFilter.java:56)
at io.restassured.filter.Filter$filter.call(Unknown Source)
at org.codehaus.groovy.runtime.callsite.CallSiteArray.defaultCall(CallSiteArray.java:48)
at io.restassured.filter.Filter$filter$0.call(Unknown Source)
at io.restassured.internal.filter.FilterContextImpl.next(FilterContextImpl.groovy:72)
at io.restassured.filter.FilterContext$next.call(Unknown Source)
at io.restassured.internal.RequestSpecificationImpl.applyPathParamsAndSendRequest(RequestSpecificationImpl.groovy:1631)
at sun.reflect.NativeMethodAccessorImpl.invoke0(Native Method)
at sun.reflect.NativeMethodAccessorImpl.invoke(Unknown Source)
at sun.reflect.DelegatingMethodAccessorImpl.invoke(Unknown Source)
at java.lang.reflect.Method.invoke(Unknown Source)
at org.codehaus.groovy.reflection.CachedMethod.invoke(CachedMethod.java:93)
at groovy.lang.MetaMethod.doMethodInvoke(MetaMethod.java:325)
at groovy.lang.MetaClassImpl.invokeMethod(MetaClassImpl.java:1212)
at groovy.lang.MetaClassImpl.invokeMethod(MetaClassImpl.java:1021)
at groovy.lang.MetaClassImpl.invokeMethod(MetaClassImpl.java:812)
at io.restassured.internal.RequestSpecificationImpl.invokeMethod(RequestSpecificationImpl.groovy)
at org.codehaus.groovy.runtime.callsite.PogoInterceptableSite.call(PogoInterceptableSite.java:48)
at org.codehaus.groovy.runtime.callsite.PogoInterceptableSite.callCurrent(PogoInterceptableSite.java:58)
at org.codehaus.groovy.runtime.callsite.AbstractCallSite.callCurrent(AbstractCallSite.java:182)
at io.restassured.internal.RequestSpecificationImpl.applyPathParamsAndSendRequest(RequestSpecificationImpl.groovy:1637)
at sun.reflect.NativeMethodAccessorImpl.invoke0(Native Method)
at sun.reflect.NativeMethodAccessorImpl.invoke(Unknown Source)
at sun.reflect.DelegatingMethodAccessorImpl.invoke(Unknown Source)
at java.lang.reflect.Method.invoke(Unknown Source)
at org.codehaus.groovy.reflection.CachedMethod.invoke(CachedMethod.java:93)
at groovy.lang.MetaMethod.doMethodInvoke(MetaMethod.java:325)
at groovy.lang.MetaClassImpl.invokeMethod(MetaClassImpl.java:1212)
at groovy.lang.MetaClassImpl.invokeMethod(MetaClassImpl.java:1021)
at groovy.lang.MetaClassImpl.invokeMethod(MetaClassImpl.java:812)
at io.restassured.internal.RequestSpecificationImpl.invokeMethod(RequestSpecificationImpl.groovy)
at org.codehaus.groovy.runtime.callsite.PogoInterceptableSite.call(PogoInterceptableSite.java:48)
at org.codehaus.groovy.runtime.callsite.PogoInterceptableSite.callCurrent(PogoInterceptableSite.java:58)
at org.codehaus.groovy.runtime.callsite.AbstractCallSite.callCurrent(AbstractCallSite.java:182)
at io.restassured.internal.RequestSpecificationImpl.get(RequestSpecificationImpl.groovy:166)
at io.restassured.internal.RequestSpecificationImpl.get(RequestSpecificationImpl.groovy)
at searchForRepositories_API.Discovery_API_SearchForRepositories_Archives.verifySearchforRepositories(Discovery_API_SearchForRepositories_Archives.java:17)
at sun.reflect.NativeMethodAccessorImpl.invoke0(Native Method)
at sun.reflect.NativeMethodAccessorImpl.invoke(Unknown Source)
at sun.reflect.DelegatingMethodAccessorImpl.invoke(Unknown Source)
at java.lang.reflect.Method.invoke(Unknown Source)
at org.testng.internal.MethodInvocationHelper.invokeMethod(MethodInvocationHelper.java:124)
at org.testng.internal.Invoker.invokeMethod(Invoker.java:580)
at org.testng.internal.Invoker.invokeTestMethod(Invoker.java:716)
at org.testng.internal.Invoker.invokeTestMethods(Invoker.java:988)
at org.testng.internal.TestMethodWorker.invokeTestMethods(TestMethodWorker.java:125)
at org.testng.internal.TestMethodWorker.run(TestMethodWorker.java:109)
at org.testng.TestRunner.privateRun(TestRunner.java:648)
at org.testng.TestRunner.run(TestRunner.java:505)
at org.testng.SuiteRunner.runTest(SuiteRunner.java:455)
at org.testng.SuiteRunner.runSequentially(SuiteRunner.java:450)
at org.testng.SuiteRunner.privateRun(SuiteRunner.java:415)
at org.testng.SuiteRunner.run(SuiteRunner.java:364)
at org.testng.SuiteRunnerWorker.runSuite(SuiteRunnerWorker.java:52)
at org.testng.SuiteRunnerWorker.run(SuiteRunnerWorker.java:84)
at org.testng.TestNG.runSuitesSequentially(TestNG.java:1208)
at org.testng.TestNG.runSuitesLocally(TestNG.java:1137)
at org.testng.TestNG.runSuites(TestNG.java:1049)
at org.testng.TestNG.run(TestNG.java:1017)
at org.testng.remote.AbstractRemoteTestNG.run(AbstractRemoteTestNG.java:114)
at org.testng.remote.RemoteTestNG.initAndRun(RemoteTestNG.java:251)
at org.testng.remote.RemoteTestNG.main(RemoteTestNG.java:77)
Caused by: sun.security.validator.ValidatorException: PKIX path building failed: sun.security.provider.certpath.SunCertPathBuilderException: unable to find valid certification path to requested target
at sun.security.validator.PKIXValidator.doBuild(Unknown Source)
at sun.security.validator.PKIXValidator.engineValidate(Unknown Source)
at sun.security.validator.Validator.validate(Unknown Source)
at sun.security.ssl.X509TrustManagerImpl.validate(Unknown Source)
at sun.security.ssl.X509TrustManagerImpl.checkTrusted(Unknown Source)
at sun.security.ssl.X509TrustManagerImpl.checkServerTrusted(Unknown Source)
... 116 more
Caused by: sun.security.provider.certpath.SunCertPathBuilderException: unable to find valid certification path to requested target
at sun.security.provider.certpath.SunCertPathBuilder.build(Unknown Source)
at sun.security.provider.certpath.SunCertPathBuilder.engineBuild(Unknown Source)
at java.security.cert.CertPathBuilder.build(Unknown Source)
... 122 more
]]>
            </full-stacktrace>
          </exception> <!-- javax.net.ssl.SSLHandshakeException -->
          <reporter-output>
          </reporter-output>
        </test-method> <!-- verifySearchforRepositories -->
      </class> <!-- searchForRepositories_API.Discovery_API_SearchForRepositories_Archives -->
    </test> <!-- searchForRepositories_API -->
    <test name="searchReords_API" duration-ms="73" started-at="2019-07-29T15:47:09Z" finished-at="2019-07-29T15:47:09Z">
      <class name="searchReords_API.Discovery_API_SearchRecords_Records">
        <test-method status="FAIL" signature="verifySearchforRepositories()[pri:0, instance:searchReords_API.Discovery_API_SearchRecords_Records@12c72c2]" name="verifySearchforRepositories" duration-ms="70" started-at="2019-07-29T15:47:09Z" finished-at="2019-07-29T15:47:09Z">
          <exception class="javax.net.ssl.SSLHandshakeException">
            <message>
              <![CDATA[sun.security.validator.ValidatorException: PKIX path building failed: sun.security.provider.certpath.SunCertPathBuilderException: unable to find valid certification path to requested target]]>
            </message>
            <full-stacktrace>
              <![CDATA[javax.net.ssl.SSLHandshakeException: sun.security.validator.ValidatorException: PKIX path building failed: sun.security.provider.certpath.SunCertPathBuilderException: unable to find valid certification path to requested target
at sun.security.ssl.Alerts.getSSLException(Unknown Source)
at sun.security.ssl.SSLSocketImpl.fatal(Unknown Source)
at sun.security.ssl.Handshaker.fatalSE(Unknown Source)
at sun.security.ssl.Handshaker.fatalSE(Unknown Source)
at sun.security.ssl.ClientHandshaker.serverCertificate(Unknown Source)
at sun.security.ssl.ClientHandshaker.processMessage(Unknown Source)
at sun.security.ssl.Handshaker.processLoop(Unknown Source)
at sun.security.ssl.Handshaker.process_record(Unknown Source)
at sun.security.ssl.SSLSocketImpl.readRecord(Unknown Source)
at sun.security.ssl.SSLSocketImpl.performInitialHandshake(Unknown Source)
at sun.security.ssl.SSLSocketImpl.startHandshake(Unknown Source)
at sun.security.ssl.SSLSocketImpl.startHandshake(Unknown Source)
at org.apache.http.conn.ssl.SSLSocketFactory.createLayeredSocket(SSLSocketFactory.java:573)
at org.apache.http.conn.ssl.SSLSocketFactory.connectSocket(SSLSocketFactory.java:557)
at org.apache.http.conn.ssl.SSLSocketFactory.connectSocket(SSLSocketFactory.java:414)
at org.apache.http.impl.conn.DefaultClientConnectionOperator.openConnection(DefaultClientConnectionOperator.java:180)
at org.apache.http.impl.conn.ManagedClientConnectionImpl.open(ManagedClientConnectionImpl.java:326)
at org.apache.http.impl.client.DefaultRequestDirector.tryConnect(DefaultRequestDirector.java:610)
at org.apache.http.impl.client.DefaultRequestDirector.execute(DefaultRequestDirector.java:445)
at org.apache.http.impl.client.AbstractHttpClient.doExecute(AbstractHttpClient.java:835)
at org.apache.http.impl.client.CloseableHttpClient.execute(CloseableHttpClient.java:83)
at org.apache.http.impl.client.CloseableHttpClient.execute(CloseableHttpClient.java:56)
at org.apache.http.client.HttpClient$execute$0.call(Unknown Source)
at io.restassured.internal.RequestSpecificationImpl$RestAssuredHttpBuilder.doRequest(RequestSpecificationImpl.groovy:2028)
at io.restassured.internal.http.HTTPBuilder.doRequest(HTTPBuilder.java:494)
at io.restassured.internal.http.HTTPBuilder.request(HTTPBuilder.java:451)
at io.restassured.internal.http.HTTPBuilder$request$2.call(Unknown Source)
at io.restassured.internal.RequestSpecificationImpl.sendHttpRequest(RequestSpecificationImpl.groovy:1434)
at sun.reflect.NativeMethodAccessorImpl.invoke0(Native Method)
at sun.reflect.NativeMethodAccessorImpl.invoke(Unknown Source)
at sun.reflect.DelegatingMethodAccessorImpl.invoke(Unknown Source)
at java.lang.reflect.Method.invoke(Unknown Source)
at org.codehaus.groovy.reflection.CachedMethod.invoke(CachedMethod.java:93)
at groovy.lang.MetaMethod.doMethodInvoke(MetaMethod.java:325)
at groovy.lang.MetaClassImpl.invokeMethod(MetaClassImpl.java:1212)
at groovy.lang.MetaClassImpl.invokeMethod(MetaClassImpl.java:1021)
at groovy.lang.MetaClassImpl.invokeMethod(MetaClassImpl.java:812)
at io.restassured.internal.RequestSpecificationImpl.invokeMethod(RequestSpecificationImpl.groovy)
at org.codehaus.groovy.runtime.callsite.PogoInterceptableSite.call(PogoInterceptableSite.java:48)
at org.codehaus.groovy.runtime.callsite.PogoInterceptableSite.callCurrent(PogoInterceptableSite.java:58)
at io.restassured.internal.RequestSpecificationImpl.sendRequest(RequestSpecificationImpl.groovy:1221)
at sun.reflect.NativeMethodAccessorImpl.invoke0(Native Method)
at sun.reflect.NativeMethodAccessorImpl.invoke(Unknown Source)
at sun.reflect.DelegatingMethodAccessorImpl.invoke(Unknown Source)
at java.lang.reflect.Method.invoke(Unknown Source)
at org.codehaus.groovy.reflection.CachedMethod.invoke(CachedMethod.java:93)
at groovy.lang.MetaMethod.doMethodInvoke(MetaMethod.java:325)
at groovy.lang.MetaClassImpl.invokeMethod(MetaClassImpl.java:1212)
at groovy.lang.MetaClassImpl.invokeMethod(MetaClassImpl.java:1021)
at groovy.lang.MetaClassImpl.invokeMethod(MetaClassImpl.java:812)
at io.restassured.internal.RequestSpecificationImpl.invokeMethod(RequestSpecificationImpl.groovy)
at org.codehaus.groovy.runtime.callsite.PogoInterceptableSite.call(PogoInterceptableSite.java:48)
at org.codehaus.groovy.runtime.callsite.AbstractCallSite.call(AbstractCallSite.java:149)
at io.restassured.internal.filter.SendRequestFilter.filter(SendRequestFilter.groovy:30)
at io.restassured.filter.Filter$filter$0.call(Unknown Source)
at org.codehaus.groovy.runtime.callsite.CallSiteArray.defaultCall(CallSiteArray.java:48)
at io.restassured.filter.Filter$filter.call(Unknown Source)
at io.restassured.internal.filter.FilterContextImpl.next(FilterContextImpl.groovy:72)
at io.restassured.filter.time.TimingFilter.filter(TimingFilter.java:56)
at io.restassured.filter.Filter$filter.call(Unknown Source)
at org.codehaus.groovy.runtime.callsite.CallSiteArray.defaultCall(CallSiteArray.java:48)
at io.restassured.filter.Filter$filter$0.call(Unknown Source)
at io.restassured.internal.filter.FilterContextImpl.next(FilterContextImpl.groovy:72)
at io.restassured.filter.FilterContext$next.call(Unknown Source)
at io.restassured.internal.RequestSpecificationImpl.applyPathParamsAndSendRequest(RequestSpecificationImpl.groovy:1631)
at sun.reflect.NativeMethodAccessorImpl.invoke0(Native Method)
at sun.reflect.NativeMethodAccessorImpl.invoke(Unknown Source)
at sun.reflect.DelegatingMethodAccessorImpl.invoke(Unknown Source)
at java.lang.reflect.Method.invoke(Unknown Source)
at org.codehaus.groovy.reflection.CachedMethod.invoke(CachedMethod.java:93)
at groovy.lang.MetaMethod.doMethodInvoke(MetaMethod.java:325)
at groovy.lang.MetaClassImpl.invokeMethod(MetaClassImpl.java:1212)
at groovy.lang.MetaClassImpl.invokeMethod(MetaClassImpl.java:1021)
at groovy.lang.MetaClassImpl.invokeMethod(MetaClassImpl.java:812)
at io.restassured.internal.RequestSpecificationImpl.invokeMethod(RequestSpecificationImpl.groovy)
at org.codehaus.groovy.runtime.callsite.PogoInterceptableSite.call(PogoInterceptableSite.java:48)
at org.codehaus.groovy.runtime.callsite.PogoInterceptableSite.callCurrent(PogoInterceptableSite.java:58)
at org.codehaus.groovy.runtime.callsite.AbstractCallSite.callCurrent(AbstractCallSite.java:182)
at io.restassured.internal.RequestSpecificationImpl.applyPathParamsAndSendRequest(RequestSpecificationImpl.groovy:1637)
at sun.reflect.NativeMethodAccessorImpl.invoke0(Native Method)
at sun.reflect.NativeMethodAccessorImpl.invoke(Unknown Source)
at sun.reflect.DelegatingMethodAccessorImpl.invoke(Unknown Source)
at java.lang.reflect.Method.invoke(Unknown Source)
at org.codehaus.groovy.reflection.CachedMethod.invoke(CachedMethod.java:93)
at groovy.lang.MetaMethod.doMethodInvoke(MetaMethod.java:325)
at groovy.lang.MetaClassImpl.invokeMethod(MetaClassImpl.java:1212)
at groovy.lang.MetaClassImpl.invokeMethod(MetaClassImpl.java:1021)
at groovy.lang.MetaClassImpl.invokeMethod(MetaClassImpl.java:812)
at io.restassured.internal.RequestSpecificationImpl.invokeMethod(RequestSpecificationImpl.groovy)
at org.codehaus.groovy.runtime.callsite.PogoInterceptableSite.call(PogoInterceptableSite.java:48)
at org.codehaus.groovy.runtime.callsite.PogoInterceptableSite.callCurrent(PogoInterceptableSite.java:58)
at org.codehaus.groovy.runtime.callsite.AbstractCallSite.callCurrent(AbstractCallSite.java:182)
at io.restassured.internal.RequestSpecificationImpl.get(RequestSpecificationImpl.groovy:166)
at io.restassured.internal.RequestSpecificationImpl.get(RequestSpecificationImpl.groovy)
at searchReords_API.Discovery_API_SearchRecords_Records.verifySearchforRepositories(Discovery_API_SearchRecords_Records.java:17)
at sun.reflect.NativeMethodAccessorImpl.invoke0(Native Method)
at sun.reflect.NativeMethodAccessorImpl.invoke(Unknown Source)
at sun.reflect.DelegatingMethodAccessorImpl.invoke(Unknown Source)
at java.lang.reflect.Method.invoke(Unknown Source)
at org.testng.internal.MethodInvocationHelper.invokeMethod(MethodInvocationHelper.java:124)
at org.testng.internal.Invoker.invokeMethod(Invoker.java:580)
at org.testng.internal.Invoker.invokeTestMethod(Invoker.java:716)
at org.testng.internal.Invoker.invokeTestMethods(Invoker.java:988)
at org.testng.internal.TestMethodWorker.invokeTestMethods(TestMethodWorker.java:125)
at org.testng.internal.TestMethodWorker.run(TestMethodWorker.java:109)
at org.testng.TestRunner.privateRun(TestRunner.java:648)
at org.testng.TestRunner.run(TestRunner.java:505)
at org.testng.SuiteRunner.runTest(SuiteRunner.java:455)
at org.testng.SuiteRunner.runSequentially(SuiteRunner.java:450)
at org.testng.SuiteRunner.privateRun(SuiteRunner.java:415)
at org.testng.SuiteRunner.run(SuiteRunner.java:364)
at org.testng.SuiteRunnerWorker.runSuite(SuiteRunnerWorker.java:52)
at org.testng.SuiteRunnerWorker.run(SuiteRunnerWorker.java:84)
at org.testng.TestNG.runSuitesSequentially(TestNG.java:1208)
at org.testng.TestNG.runSuitesLocally(TestNG.java:1137)
at org.testng.TestNG.runSuites(TestNG.java:1049)
at org.testng.TestNG.run(TestNG.java:1017)
at org.testng.remote.AbstractRemoteTestNG.run(AbstractRemoteTestNG.java:114)
at org.testng.remote.RemoteTestNG.initAndRun(RemoteTestNG.java:251)
at org.testng.remote.RemoteTestNG.main(RemoteTestNG.java:77)
Caused by: sun.security.validator.ValidatorException: PKIX path building failed: sun.security.provider.certpath.SunCertPathBuilderException: unable to find valid certification path to requested target
at sun.security.validator.PKIXValidator.doBuild(Unknown Source)
at sun.security.validator.PKIXValidator.engineValidate(Unknown Source)
at sun.security.validator.Validator.validate(Unknown Source)
at sun.security.ssl.X509TrustManagerImpl.validate(Unknown Source)
at sun.security.ssl.X509TrustManagerImpl.checkTrusted(Unknown Source)
at sun.security.ssl.X509TrustManagerImpl.checkServerTrusted(Unknown Source)
... 116 more
Caused by: sun.security.provider.certpath.SunCertPathBuilderException: unable to find valid certification path to requested target
at sun.security.provider.certpath.SunCertPathBuilder.build(Unknown Source)
at sun.security.provider.certpath.SunCertPathBuilder.engineBuild(Unknown Source)
at java.security.cert.CertPathBuilder.build(Unknown Source)
... 122 more
]]>
            </full-stacktrace>
          </exception> <!-- javax.net.ssl.SSLHandshakeException -->
          <reporter-output>
          </reporter-output>
        </test-method> <!-- verifySearchforRepositories -->
      </class> <!-- searchReords_API.Discovery_API_SearchRecords_Records -->
    </test> <!-- searchReords_API -->
    <test name="cabinetPapersSearch" duration-ms="54326" started-at="2019-07-29T15:47:09Z" finished-at="2019-07-29T15:48:03Z">
      <class name="cabinetPapersSearch.CabinetPapers_Date_descriptionOnly">
        <test-method status="PASS" signature="cabinetSearch()[pri:0, instance:cabinetPapersSearch.CabinetPapers_Date_descriptionOnly@6a205]" name="cabinetSearch" duration-ms="11294" started-at="2019-07-29T15:47:09Z" finished-at="2019-07-29T15:47:20Z">
          <reporter-output>
          </reporter-output>
        </test-method> <!-- cabinetSearch -->
      </class> <!-- cabinetPapersSearch.CabinetPapers_Date_descriptionOnly -->
      <class name="cabinetPapersSearch.CabinetPapers_EntireDocument">
        <test-method status="PASS" signature="cabinetSearch()[pri:0, instance:cabinetPapersSearch.CabinetPapers_EntireDocument@1b58ca3]" name="cabinetSearch" duration-ms="6825" started-at="2019-07-29T15:47:49Z" finished-at="2019-07-29T15:47:56Z">
          <reporter-output>
          </reporter-output>
        </test-method> <!-- cabinetSearch -->
      </class> <!-- cabinetPapersSearch.CabinetPapers_EntireDocument -->
      <class name="cabinetPapersSearch.CabinetPapers_FilterbyAll_EntireDocument">
        <test-method status="PASS" signature="cabinetSearch()[pri:0, instance:cabinetPapersSearch.CabinetPapers_FilterbyAll_EntireDocument@540f5a]" name="cabinetSearch" duration-ms="7345" started-at="2019-07-29T15:47:56Z" finished-at="2019-07-29T15:48:03Z">
          <reporter-output>
          </reporter-output>
        </test-method> <!-- cabinetSearch -->
      </class> <!-- cabinetPapersSearch.CabinetPapers_FilterbyAll_EntireDocument -->
      <class name="cabinetPapersSearch.CabinetPapers_Educationresources">
        <test-method status="PASS" signature="cabinetSearch()[pri:0, instance:cabinetPapersSearch.CabinetPapers_Educationresources@1175e74]" name="cabinetSearch" duration-ms="21827" started-at="2019-07-29T15:47:27Z" finished-at="2019-07-29T15:47:49Z">
          <reporter-output>
          </reporter-output>
        </test-method> <!-- cabinetSearch -->
      </class> <!-- cabinetPapersSearch.CabinetPapers_Educationresources -->
      <class name="cabinetPapersSearch.CabinetPapers_Document_descriptionOnly">
        <test-method status="PASS" signature="cabinetSearch()[pri:0, instance:cabinetPapersSearch.CabinetPapers_Document_descriptionOnly@1ba4338]" name="cabinetSearch" duration-ms="7021" started-at="2019-07-29T15:47:20Z" finished-at="2019-07-29T15:47:27Z">
          <reporter-output>
          </reporter-output>
        </test-method> <!-- cabinetSearch -->
      </class> <!-- cabinetPapersSearch.CabinetPapers_Document_descriptionOnly -->
    </test> <!-- cabinetPapersSearch -->
  </suite> <!-- Discovery -->
</testng-results>
