<?xml version="1.0" encoding="UTF-8"?>
<!-- Generated by org.testng.reporters.JUnitXMLReporter -->
<testsuite hostname="PR020921" ignored="0" name="BasicSearchOnTest" tests="14" failures="1" timestamp="08 Mar 2018 13:02:34 GMT" time="527.009" errors="0">
  <testcase name="VerifyCollectionAndSubjects" time="42.004" classname="discovery.BasicSearchOnTest.BS_FilterResult_VerifyCollectionAndSubjects"/>
  <testcase name="ExportFirst1000RecordCreatorAsHTML" time="36.912" classname="discovery.BasicSearchOnTest.BS_GreaterThan10000_ExportFirst1000RecordCreatorAsHTML"/>
  <testcase name="Export1000RecordCreatorAsXML" time="38.844" classname="discovery.BasicSearchOnTest.BS_LessThan10000_Export1000RecordCreatorAsXML"/>
  <testcase name="Export1000RecordsAsXML" time="44.6" classname="discovery.BasicSearchOnTest.BS_LessThan10000_Export1000RecordsAsXML"/>
  <testcase name="ExportAllRecordCreatorsAsCSV" time="47.237" classname="discovery.BasicSearchOnTest.BS_LessThan10000_ExportAllRecordCreatorsAsCSV"/>
  <testcase name="SortedBy_Alldropdowns" time="40.695" classname="discovery.BasicSearchOnTest.BS_LessThan10000_SortedBy_Alldropdowns">
    <failure type="org.openqa.selenium.StaleElementReferenceException" message="stale element reference: element is not attached to the page document
  (Session info: chrome=64.0.3282.186)
  (Driver info: chromedriver=2.36.540470 (e522d04694c7ebea4ba8821272dbef4f9b818c91),platform=Windows NT 6.1.7601 SP1 x86_64) (WARNING: The server did not provide any stacktrace information)
Command duration or timeout: 879 milliseconds
For documentation on this error, please visit: http://seleniumhq.org/exceptions/stale_element_reference.html
Build info: version: &amp;apos;3.4.0&amp;apos;, revision: &amp;apos;unknown&amp;apos;, time: &amp;apos;unknown&amp;apos;
System info: host: &amp;apos;PR020921&amp;apos;, ip: &amp;apos;10.120.2.124&amp;apos;, os.name: &amp;apos;Windows 7&amp;apos;, os.arch: &amp;apos;x86&amp;apos;, os.version: &amp;apos;6.1&amp;apos;, java.version: &amp;apos;1.8.0_161&amp;apos;
Driver info: org.openqa.selenium.chrome.ChromeDriver
Capabilities [{applicationCacheEnabled=false, rotatable=false, mobileEmulationEnabled=false, networkConnectionEnabled=false, chrome={chromedriverVersion=2.36.540470 (e522d04694c7ebea4ba8821272dbef4f9b818c91), userDataDir=C:\Users\SVENKA~1\AppData\Local\Temp\scoped_dir32016_14651}, takesHeapSnapshot=true, pageLoadStrategy=normal, databaseEnabled=false, handlesAlerts=true, hasTouchScreen=false, version=64.0.3282.186, platform=XP, browserConnectionEnabled=false, nativeEvents=true, acceptSslCerts=false, acceptInsecureCerts=false, locationContextEnabled=true, webStorageEnabled=true, browserName=chrome, takesScreenshot=true, javascriptEnabled=true, cssSelectorsEnabled=true, setWindowRect=true, unexpectedAlertBehaviour=}]
Session ID: 638048da14dac28f67ebf31a362bad8a">
      <![CDATA[org.openqa.selenium.StaleElementReferenceException: stale element reference: element is not attached to the page document
  (Session info: chrome=64.0.3282.186)
  (Driver info: chromedriver=2.36.540470 (e522d04694c7ebea4ba8821272dbef4f9b818c91),platform=Windows NT 6.1.7601 SP1 x86_64) (WARNING: The server did not provide any stacktrace information)
Command duration or timeout: 879 milliseconds
For documentation on this error, please visit: http://seleniumhq.org/exceptions/stale_element_reference.html
Build info: version: '3.4.0', revision: 'unknown', time: 'unknown'
System info: host: 'PR020921', ip: '10.120.2.124', os.name: 'Windows 7', os.arch: 'x86', os.version: '6.1', java.version: '1.8.0_161'
Driver info: org.openqa.selenium.chrome.ChromeDriver
Capabilities [{applicationCacheEnabled=false, rotatable=false, mobileEmulationEnabled=false, networkConnectionEnabled=false, chrome={chromedriverVersion=2.36.540470 (e522d04694c7ebea4ba8821272dbef4f9b818c91), userDataDir=C:\Users\SVENKA~1\AppData\Local\Temp\scoped_dir32016_14651}, takesHeapSnapshot=true, pageLoadStrategy=normal, databaseEnabled=false, handlesAlerts=true, hasTouchScreen=false, version=64.0.3282.186, platform=XP, browserConnectionEnabled=false, nativeEvents=true, acceptSslCerts=false, acceptInsecureCerts=false, locationContextEnabled=true, webStorageEnabled=true, browserName=chrome, takesScreenshot=true, javascriptEnabled=true, cssSelectorsEnabled=true, setWindowRect=true, unexpectedAlertBehaviour=}]
Session ID: 638048da14dac28f67ebf31a362bad8a
	at org.openqa.selenium.remote.ErrorHandler.createThrowable(ErrorHandler.java:215)
	at org.openqa.selenium.remote.ErrorHandler.throwIfResponseFailed(ErrorHandler.java:167)
	at org.openqa.selenium.remote.RemoteWebDriver.execute(RemoteWebDriver.java:671)
	at org.openqa.selenium.remote.RemoteWebElement.execute(RemoteWebElement.java:272)
	at org.openqa.selenium.remote.RemoteWebElement.isSelected(RemoteWebElement.java:136)
	at org.openqa.selenium.support.ui.Select.setSelected(Select.java:322)
	at org.openqa.selenium.support.ui.Select.selectByIndex(Select.java:179)
	at discovery.BasicSearchOnTest.BS_LessThan10000_SortedBy_Alldropdowns.SortedBy_Alldropdowns(BS_LessThan10000_SortedBy_Alldropdowns.java:94)
... Removed 29 stack frames]]>
    </failure>
  </testcase> <!-- SortedBy_Alldropdowns -->
  <testcase name="LessThan10000_SortedBy_Reference" time="36.845" classname="discovery.BasicSearchOnTest.BS_LessThan10000_SortedBy_Reference"/>
  <testcase name="LessThan10000ExportAllRecordsAsCSV" time="44.856" classname="discovery.BasicSearchOnTest.BS_LessThan10000ExportAllRecordsAsCSV"/>
  <testcase name="RecordCreator_filterresult" time="35.026" classname="discovery.BasicSearchOnTest.BS_RecordCreator_filterresult"/>
  <testcase name="VerifyTotalNoOfRRecordsAndRecordCreators" time="36.07" classname="discovery.BasicSearchOnTest.BS_VerifyTotalNoOfRRecordsAndRecordCreators"/>
  <testcase name="VerifyTotalNoOfRecordsEachLink" time="50.536" classname="discovery.BasicSearchOnTest.BS_VerifyTotalNoOfRecordsEachLink"/>
  <testcase name="defalutRecordsPerPage" time="0.019" classname="discovery.BasicSearchOnTest.BS_NoOfRecordsPerPage15And30And60"/>
  <testcase name="click30" time="6.539" classname="discovery.BasicSearchOnTest.BS_NoOfRecordsPerPage15And30And60"/>
  <testcase name="click60" time="6.551" classname="discovery.BasicSearchOnTest.BS_NoOfRecordsPerPage15And30And60"/>
</testsuite> <!-- BasicSearchOnTest -->
