<html>
<head>
<title>TestNG:  DeliveryOption</title>
<link href="../testng.css" rel="stylesheet" type="text/css" />
<link href="../my-testng.css" rel="stylesheet" type="text/css" />

<style type="text/css">
.log { display: none;} 
.stack-trace { display: none;} 
</style>
<script type="text/javascript">
<!--
function flip(e) {
  current = e.style.display;
  if (current == 'block') {
    e.style.display = 'none';
    return 0;
  }
  else {
    e.style.display = 'block';
    return 1;
  }
}

function toggleBox(szDivId, elem, msg1, msg2)
{
  var res = -1;  if (document.getElementById) {
    res = flip(document.getElementById(szDivId));
  }
  else if (document.all) {
    // this is the way old msie versions work
    res = flip(document.all[szDivId]);
  }
  if(elem) {
    if(res == 0) elem.innerHTML = msg1; else elem.innerHTML = msg2;
  }

}

function toggleAllBoxes() {
  if (document.getElementsByTagName) {
    d = document.getElementsByTagName('div');
    for (i = 0; i < d.length; i++) {
      if (d[i].className == 'log') {
        flip(d[i]);
      }
    }
  }
}

// -->
</script>

</head>
<body>
<h2 align='center'>DeliveryOption</h2><table border='1' align="center">
<tr>
<td>Tests passed/Failed/Skipped:</td><td>29/2/0</td>
</tr><tr>
<td>Started on:</td><td>Mon Jul 29 16:04:36 BST 2019</td>
</tr>
<tr><td>Total time:</td><td>338 seconds (338811 ms)</td>
</tr><tr>
<td>Included groups:</td><td></td>
</tr><tr>
<td>Excluded groups:</td><td></td>
</tr>
</table><p/>
<small><i>(Hover the method name to see the test class name)</i></small><p/>
<table width='100%' border='1' class='invocation-failed'>
<tr><td colspan='4' align='center'><b>FAILED TESTS</b></td></tr>
<tr><td><b>Test method</b></td>
<td width="30%"><b>Exception</b></td>
<td width="10%"><b>Time (seconds)</b></td>
<td><b>Instance</b></td>
</tr>
<tr>
<td title='DeliveryOption.DigitizedPartiallyOpened.digitizedPartiallyOpened()'><b>digitizedPartiallyOpened</b><br>Test class: DeliveryOption.DigitizedPartiallyOpened</td>
<td><div><pre>java.lang.AssertionError: expected [Download this record
Download size approximately 3 MB. Download format PDF
Download now] but found [Download this record
Some images within this record are not available because they contain medically sensitive information.
Download size approximately 3 MB. Download format PDF
Download now

More information]
	at DeliveryOption.DigitizedPartiallyOpened.digitizedPartiallyOpened(DigitizedPartiallyOpened.java:39)
... Removed 31 stack frames</pre></div><a href='#' onClick='toggleBox("stack-trace7519287", this, "Click to show all stack frames", "Click to hide stack frames")'>Click to show all stack frames</a>
<div class='stack-trace' id='stack-trace7519287'><pre>java.lang.AssertionError: expected [Download this record
Download size approximately 3 MB. Download format PDF
Download now] but found [Download this record
Some images within this record are not available because they contain medically sensitive information.
Download size approximately 3 MB. Download format PDF
Download now

More information]
	at org.testng.Assert.fail(Assert.java:96)
	at org.testng.Assert.failNotEquals(Assert.java:776)
	at org.testng.Assert.assertEqualsImpl(Assert.java:137)
	at org.testng.Assert.assertEquals(Assert.java:118)
	at org.testng.Assert.assertEquals(Assert.java:453)
	at org.testng.Assert.assertEquals(Assert.java:463)
	at DeliveryOption.DigitizedPartiallyOpened.digitizedPartiallyOpened(DigitizedPartiallyOpened.java:39)
	at sun.reflect.NativeMethodAccessorImpl.invoke0(Native Method)
	at sun.reflect.NativeMethodAccessorImpl.invoke(Unknown Source)
	at sun.reflect.DelegatingMethodAccessorImpl.invoke(Unknown Source)
	at java.lang.reflect.Method.invoke(Unknown Source)
	at org.testng.internal.MethodInvocationHelper.invokeMethod(MethodInvocationHelper.java:124)
	at org.testng.internal.Invoker.invokeMethod(Invoker.java:580)
	at org.testng.internal.Invoker.invokeTestMethod(Invoker.java:716)
	at org.testng.internal.Invoker.invokeTestMethods(Invoker.java:988)
	at org.testng.internal.TestMethodWorker.invokeTestMethods(TestMethodWorker.java:125)
	at org.testng.internal.TestMethodWorker.run(TestMethodWorker.java:109)
	at org.testng.TestRunner.privateRun(TestRunner.java:648)
	at org.testng.TestRunner.run(TestRunner.java:505)
	at org.testng.SuiteRunner.runTest(SuiteRunner.java:455)
	at org.testng.SuiteRunner.runSequentially(SuiteRunner.java:450)
	at org.testng.SuiteRunner.privateRun(SuiteRunner.java:415)
	at org.testng.SuiteRunner.run(SuiteRunner.java:364)
	at org.testng.SuiteRunnerWorker.runSuite(SuiteRunnerWorker.java:52)
	at org.testng.SuiteRunnerWorker.run(SuiteRunnerWorker.java:84)
	at org.testng.TestNG.runSuitesSequentially(TestNG.java:1208)
	at org.testng.TestNG.runSuitesLocally(TestNG.java:1137)
	at org.testng.TestNG.runSuites(TestNG.java:1049)
	at org.testng.TestNG.run(TestNG.java:1017)
	at org.testng.remote.AbstractRemoteTestNG.run(AbstractRemoteTestNG.java:114)
	at org.testng.remote.RemoteTestNG.initAndRun(RemoteTestNG.java:251)
	at org.testng.remote.RemoteTestNG.main(RemoteTestNG.java:77)
</pre></div></td>
<td>4</td>
<td>DeliveryOption.DigitizedPartiallyOpened@3869f4</td></tr>
<tr>
<td title='DeliveryOption.InvigilationSafeRoom.invigilationSafeRoom()'><b>invigilationSafeRoom</b><br>Test class: DeliveryOption.InvigilationSafeRoom</td>
<td><div><pre>org.openqa.selenium.NoSuchElementException: no such element: Unable to locate element: {&quot;method&quot;:&quot;xpath&quot;,&quot;selector&quot;:&quot;(//a[@class=&apos;discoveryPrimaryCallToActionLink&apos;])[5]&quot;}
  (Session info: chrome=75.0.3770.142)
  (Driver info: chromedriver=2.36.540470 (e522d04694c7ebea4ba8821272dbef4f9b818c91),platform=Windows NT 10.0.14393 x86_64) (WARNING: The server did not provide any stacktrace information)
Command duration or timeout: 0 milliseconds
For documentation on this error, please visit: http://seleniumhq.org/exceptions/no_such_element.html
Build info: version: &apos;3.14.0&apos;, revision: &apos;aacccce0&apos;, time: &apos;2018-08-02T20:05:20.749Z&apos;
System info: host: &apos;EC2AMAZ-UMIME9S&apos;, ip: &apos;10.128.2.115&apos;, os.name: &apos;Windows Server 2016&apos;, os.arch: &apos;x86&apos;, os.version: &apos;10.0&apos;, java.version: &apos;1.8.0_201&apos;
Driver info: org.openqa.selenium.chrome.ChromeDriver
Capabilities {acceptInsecureCerts: false, acceptSslCerts: false, applicationCacheEnabled: false, browserConnectionEnabled: false, browserName: chrome, chrome: {chromedriverVersion: 2.36.540470 (e522d04694c7eb..., userDataDir: C:\Users\ADMINI~1\AppData\L...}, cssSelectorsEnabled: true, databaseEnabled: false, handlesAlerts: true, hasTouchScreen: false, javascriptEnabled: true, locationContextEnabled: true, mobileEmulationEnabled: false, nativeEvents: true, networkConnectionEnabled: false, pageLoadStrategy: normal, platform: XP, platformName: XP, rotatable: false, setWindowRect: true, takesHeapSnapshot: true, takesScreenshot: true, unexpectedAlertBehaviour: , unhandledPromptBehavior: , version: 75.0.3770.142, webStorageEnabled: true}
Session ID: 5d056232848a854c965d567909e9d208
*** Element info: {Using=xpath, value=(//a[@class=&apos;discoveryPrimaryCallToActionLink&apos;])[5]}
	at org.openqa.selenium.remote.ErrorHandler.createThrowable(ErrorHandler.java:214)
	at org.openqa.selenium.remote.ErrorHandler.throwIfResponseFailed(ErrorHandler.java:166)
	at org.openqa.selenium.remote.http.JsonHttpResponseCodec.reconstructValue(JsonHttpResponseCodec.java:40)
	at org.openqa.selenium.remote.http.AbstractHttpResponseCodec.decode(AbstractHttpResponseCodec.java:80)
	at org.openqa.selenium.remote.http.AbstractHttpResponseCodec.decode(AbstractHttpResponseCodec.java:44)
	at org.openqa.selenium.remote.HttpCommandExecutor.execute(HttpCommandExecutor.java:158)
	at org.openqa.selenium.remote.service.DriverCommandExecutor.execute(DriverCommandExecutor.java:83)
	at org.openqa.selenium.remote.RemoteWebDriver.execute(RemoteWebDriver.java:548)
	at org.openqa.selenium.remote.RemoteWebDriver.findElement(RemoteWebDriver.java:322)
	at org.openqa.selenium.remote.RemoteWebDriver.findElementByXPath(RemoteWebDriver.java:424)
	at DeliveryOption.InvigilationSafeRoom.invigilationSafeRoom(InvigilationSafeRoom.java:30)
... Removed 29 stack frames</pre></div><a href='#' onClick='toggleBox("stack-trace23600356", this, "Click to show all stack frames", "Click to hide stack frames")'>Click to show all stack frames</a>
<div class='stack-trace' id='stack-trace23600356'><pre>org.openqa.selenium.NoSuchElementException: no such element: Unable to locate element: {&quot;method&quot;:&quot;xpath&quot;,&quot;selector&quot;:&quot;(//a[@class=&apos;discoveryPrimaryCallToActionLink&apos;])[5]&quot;}
  (Session info: chrome=75.0.3770.142)
  (Driver info: chromedriver=2.36.540470 (e522d04694c7ebea4ba8821272dbef4f9b818c91),platform=Windows NT 10.0.14393 x86_64) (WARNING: The server did not provide any stacktrace information)
Command duration or timeout: 0 milliseconds
For documentation on this error, please visit: http://seleniumhq.org/exceptions/no_such_element.html
Build info: version: &apos;3.14.0&apos;, revision: &apos;aacccce0&apos;, time: &apos;2018-08-02T20:05:20.749Z&apos;
System info: host: &apos;EC2AMAZ-UMIME9S&apos;, ip: &apos;10.128.2.115&apos;, os.name: &apos;Windows Server 2016&apos;, os.arch: &apos;x86&apos;, os.version: &apos;10.0&apos;, java.version: &apos;1.8.0_201&apos;
Driver info: org.openqa.selenium.chrome.ChromeDriver
Capabilities {acceptInsecureCerts: false, acceptSslCerts: false, applicationCacheEnabled: false, browserConnectionEnabled: false, browserName: chrome, chrome: {chromedriverVersion: 2.36.540470 (e522d04694c7eb..., userDataDir: C:\Users\ADMINI~1\AppData\L...}, cssSelectorsEnabled: true, databaseEnabled: false, handlesAlerts: true, hasTouchScreen: false, javascriptEnabled: true, locationContextEnabled: true, mobileEmulationEnabled: false, nativeEvents: true, networkConnectionEnabled: false, pageLoadStrategy: normal, platform: XP, platformName: XP, rotatable: false, setWindowRect: true, takesHeapSnapshot: true, takesScreenshot: true, unexpectedAlertBehaviour: , unhandledPromptBehavior: , version: 75.0.3770.142, webStorageEnabled: true}
Session ID: 5d056232848a854c965d567909e9d208
*** Element info: {Using=xpath, value=(//a[@class=&apos;discoveryPrimaryCallToActionLink&apos;])[5]}
	at sun.reflect.NativeConstructorAccessorImpl.newInstance0(Native Method)
	at sun.reflect.NativeConstructorAccessorImpl.newInstance(Unknown Source)
	at sun.reflect.DelegatingConstructorAccessorImpl.newInstance(Unknown Source)
	at java.lang.reflect.Constructor.newInstance(Unknown Source)
	at org.openqa.selenium.remote.ErrorHandler.createThrowable(ErrorHandler.java:214)
	at org.openqa.selenium.remote.ErrorHandler.throwIfResponseFailed(ErrorHandler.java:166)
	at org.openqa.selenium.remote.http.JsonHttpResponseCodec.reconstructValue(JsonHttpResponseCodec.java:40)
	at org.openqa.selenium.remote.http.AbstractHttpResponseCodec.decode(AbstractHttpResponseCodec.java:80)
	at org.openqa.selenium.remote.http.AbstractHttpResponseCodec.decode(AbstractHttpResponseCodec.java:44)
	at org.openqa.selenium.remote.HttpCommandExecutor.execute(HttpCommandExecutor.java:158)
	at org.openqa.selenium.remote.service.DriverCommandExecutor.execute(DriverCommandExecutor.java:83)
	at org.openqa.selenium.remote.RemoteWebDriver.execute(RemoteWebDriver.java:548)
	at org.openqa.selenium.remote.RemoteWebDriver.findElement(RemoteWebDriver.java:322)
	at org.openqa.selenium.remote.RemoteWebDriver.findElementByXPath(RemoteWebDriver.java:424)
	at DeliveryOption.InvigilationSafeRoom.invigilationSafeRoom(InvigilationSafeRoom.java:30)
	at sun.reflect.NativeMethodAccessorImpl.invoke0(Native Method)
	at sun.reflect.NativeMethodAccessorImpl.invoke(Unknown Source)
	at sun.reflect.DelegatingMethodAccessorImpl.invoke(Unknown Source)
	at java.lang.reflect.Method.invoke(Unknown Source)
	at org.testng.internal.MethodInvocationHelper.invokeMethod(MethodInvocationHelper.java:124)
	at org.testng.internal.Invoker.invokeMethod(Invoker.java:580)
	at org.testng.internal.Invoker.invokeTestMethod(Invoker.java:716)
	at org.testng.internal.Invoker.invokeTestMethods(Invoker.java:988)
	at org.testng.internal.TestMethodWorker.invokeTestMethods(TestMethodWorker.java:125)
	at org.testng.internal.TestMethodWorker.run(TestMethodWorker.java:109)
	at org.testng.TestRunner.privateRun(TestRunner.java:648)
	at org.testng.TestRunner.run(TestRunner.java:505)
	at org.testng.SuiteRunner.runTest(SuiteRunner.java:455)
	at org.testng.SuiteRunner.runSequentially(SuiteRunner.java:450)
	at org.testng.SuiteRunner.privateRun(SuiteRunner.java:415)
	at org.testng.SuiteRunner.run(SuiteRunner.java:364)
	at org.testng.SuiteRunnerWorker.runSuite(SuiteRunnerWorker.java:52)
	at org.testng.SuiteRunnerWorker.run(SuiteRunnerWorker.java:84)
	at org.testng.TestNG.runSuitesSequentially(TestNG.java:1208)
	at org.testng.TestNG.runSuitesLocally(TestNG.java:1137)
	at org.testng.TestNG.runSuites(TestNG.java:1049)
	at org.testng.TestNG.run(TestNG.java:1017)
	at org.testng.remote.AbstractRemoteTestNG.run(AbstractRemoteTestNG.java:114)
	at org.testng.remote.RemoteTestNG.initAndRun(RemoteTestNG.java:251)
	at org.testng.remote.RemoteTestNG.main(RemoteTestNG.java:77)
</pre></div></td>
<td>34</td>
<td>DeliveryOption.InvigilationSafeRoom@a3e297</td></tr>
</table><p>
<table width='100%' border='1' class='invocation-passed'>
<tr><td colspan='4' align='center'><b>PASSED TESTS</b></td></tr>
<tr><td><b>Test method</b></td>
<td width="30%"><b>Exception</b></td>
<td width="10%"><b>Time (seconds)</b></td>
<td><b>Instance</b></td>
</tr>
<tr>
<td title='DeliveryOption.AV_Media.AV_Media()'><b>AV_Media</b><br>Test class: DeliveryOption.AV_Media</td>
<td></td>
<td>11</td>
<td>DeliveryOption.AV_Media@169c6ba</td></tr>
<tr>
<td title='DeliveryOption.OrderOriginal.OrderOriginal()'><b>OrderOriginal</b><br>Test class: DeliveryOption.OrderOriginal</td>
<td></td>
<td>8</td>
<td>DeliveryOption.OrderOriginal@afc191</td></tr>
<tr>
<td title='DeliveryOption.AcademicSubscription.academicSubscription()'><b>academicSubscription</b><br>Test class: DeliveryOption.AcademicSubscription</td>
<td></td>
<td>13</td>
<td>DeliveryOption.AcademicSubscription@27f723</td></tr>
<tr>
<td title='DeliveryOption.AccessUnderReview.accessUnderReview()'><b>accessUnderReview</b><br>Test class: DeliveryOption.AccessUnderReview</td>
<td></td>
<td>8</td>
<td>DeliveryOption.AccessUnderReview@c8afef</td></tr>
<tr>
<td title='DeliveryOption.ClosedFOIReview.closedFoiReview()'><b>closedFoiReview</b><br>Test class: DeliveryOption.ClosedFOIReview</td>
<td></td>
<td>9</td>
<td>DeliveryOption.ClosedFOIReview@daef40</td></tr>
<tr>
<td title='DeliveryOption.ClosedRetainedDeptKnown.closedRetainedDeptKnown()'><b>closedRetainedDeptKnown</b><br>Test class: DeliveryOption.ClosedRetainedDeptKnown</td>
<td></td>
<td>7</td>
<td>DeliveryOption.ClosedRetainedDeptKnown@f41634</td></tr>
<tr>
<td title='DeliveryOption.ClosedRetainedDeptUnKnown.closedRetainedDeptUnKnown()'><b>closedRetainedDeptUnKnown</b><br>Test class: DeliveryOption.ClosedRetainedDeptUnKnown</td>
<td></td>
<td>7</td>
<td>DeliveryOption.ClosedRetainedDeptUnKnown@1c27452</td></tr>
<tr>
<td title='DeliveryOption.Collectioncare.collectionCare()'><b>collectionCare</b><br>Test class: DeliveryOption.Collectioncare</td>
<td></td>
<td>11</td>
<td>DeliveryOption.Collectioncare@2b2c86</td></tr>
<tr>
<td title='DeliveryOption.DigitizedAvailableButNotDownloadableAtItemLevel.digitizedAvailableButNotDownlodableAtItemLevel()'><b>digitizedAvailableButNotDownlodableAtItemLevel</b><br>Test class: DeliveryOption.DigitizedAvailableButNotDownloadableAtItemLevel</td>
<td></td>
<td>8</td>
<td>DeliveryOption.DigitizedAvailableButNotDownloadableAtItemLevel@11a67ec</td></tr>
<tr>
<td title='DeliveryOption.DigitizedAvailableButNotDownloadableAtPieceLevel.digitizedAvailableButNotDownlodableAtPieceLevel()'><b>digitizedAvailableButNotDownlodableAtPieceLevel</b><br>Test class: DeliveryOption.DigitizedAvailableButNotDownloadableAtPieceLevel</td>
<td></td>
<td>8</td>
<td>DeliveryOption.DigitizedAvailableButNotDownloadableAtPieceLevel@1ed828d</td></tr>
<tr>
<td title='DeliveryOption.DigitizedDiscovery.digitizedDiscovery()'><b>digitizedDiscovery</b><br>Test class: DeliveryOption.DigitizedDiscovery</td>
<td></td>
<td>15</td>
<td>DeliveryOption.DigitizedDiscovery@10d0686</td></tr>
<tr>
<td title='DeliveryOption.DigitizedDiscoveryForSurrogate.digitizedDiscoveryForSurrogate()'><b>digitizedDiscoveryForSurrogate</b><br>Test class: DeliveryOption.DigitizedDiscoveryForSurrogate</td>
<td></td>
<td>18</td>
<td>DeliveryOption.DigitizedDiscoveryForSurrogate@3d45bd</td></tr>
<tr>
<td title='DeliveryOption.DigitizedLia.digitizedLia()'><b>digitizedLia</b><br>Test class: DeliveryOption.DigitizedLia</td>
<td></td>
<td>8</td>
<td>DeliveryOption.DigitizedLia@7c7811</td></tr>
<tr>
<td title='DeliveryOption.DigitizedOther.digitizedOther()'><b>digitizedOther</b><br>Test class: DeliveryOption.DigitizedOther</td>
<td></td>
<td>8</td>
<td>DeliveryOption.DigitizedOther@1ec78b9</td></tr>
<tr>
<td title='DeliveryOption.DisplayAtMuseum.displayAtMuseum()'><b>displayAtMuseum</b><br>Test class: DeliveryOption.DisplayAtMuseum</td>
<td></td>
<td>11</td>
<td>DeliveryOption.DisplayAtMuseum@38d7a3</td></tr>
<tr>
<td title='DeliveryOption.FileAuthority.fileAuthority()'><b>fileAuthority</b><br>Test class: DeliveryOption.FileAuthority</td>
<td></td>
<td>13</td>
<td>DeliveryOption.FileAuthority@1f99a05</td></tr>
<tr>
<td title='DeliveryOption.GovtWebArchive.govtWebArchive()'><b>govtWebArchive</b><br>Test class: DeliveryOption.GovtWebArchive</td>
<td></td>
<td>7</td>
<td>DeliveryOption.GovtWebArchive@1440df3</td></tr>
<tr>
<td title='DeliveryOption.InUse.inUse()'><b>inUse</b><br>Test class: DeliveryOption.InUse</td>
<td></td>
<td>14</td>
<td>DeliveryOption.InUse@eaafa6</td></tr>
<tr>
<td title='DeliveryOption.LocalArchive.localArchive()'><b>localArchive</b><br>Test class: DeliveryOption.LocalArchive</td>
<td></td>
<td>8</td>
<td>DeliveryOption.LocalArchive@13167f4</td></tr>
<tr>
<td title='DeliveryOption.MissingLost.missingLost()'><b>missingLost</b><br>Test class: DeliveryOption.MissingLost</td>
<td></td>
<td>8</td>
<td>DeliveryOption.MissingLost@d9d034</td></tr>
<tr>
<td title='DeliveryOption.MouldTreatment.mouldTreatment()'><b>mouldTreatment</b><br>Test class: DeliveryOption.MouldTreatment</td>
<td></td>
<td>11</td>
<td>DeliveryOption.MouldTreatment@121c9d6</td></tr>
<tr>
<td title='DeliveryOption.Offsite.offsite()'><b>offsite</b><br>Test class: DeliveryOption.Offsite</td>
<td></td>
<td>8</td>
<td>DeliveryOption.Offsite@7f383f</td></tr>
<tr>
<td title='DeliveryOption.Onloan.onloan()'><b>onloan</b><br>Test class: DeliveryOption.Onloan</td>
<td></td>
<td>7</td>
<td>DeliveryOption.Onloan@b7f003</td></tr>
<tr>
<td title='DeliveryOption.PaidSearch.paidSearch()'><b>paidSearch</b><br>Test class: DeliveryOption.PaidSearch</td>
<td></td>
<td>10</td>
<td>DeliveryOption.PaidSearch@12fc6eb</td></tr>
<tr>
<td title='DeliveryOption.Surrogate.surrogate()'><b>surrogate</b><br>Test class: DeliveryOption.Surrogate</td>
<td></td>
<td>11</td>
<td>DeliveryOption.Surrogate@60b431</td></tr>
<tr>
<td title='DeliveryOption.TooLargeToCopyOriginal.tooLargeToCopyOriginal()'><b>tooLargeToCopyOriginal</b><br>Test class: DeliveryOption.TooLargeToCopyOriginal</td>
<td></td>
<td>8</td>
<td>DeliveryOption.TooLargeToCopyOriginal@12679d6</td></tr>
<tr>
<td title='DeliveryOption.TooLargeToCopySurrogate.tooLargeToCopySurrogate()'><b>tooLargeToCopySurrogate</b><br>Test class: DeliveryOption.TooLargeToCopySurrogate</td>
<td></td>
<td>14</td>
<td>DeliveryOption.TooLargeToCopySurrogate@1758f2a</td></tr>
<tr>
<td title='DeliveryOption.UnAvailable.unAvailable()'><b>unAvailable</b><br>Test class: DeliveryOption.UnAvailable</td>
<td></td>
<td>7</td>
<td>DeliveryOption.UnAvailable@720b71</td></tr>
<tr>
<td title='DeliveryOption.Unfit.unfit()'><b>unfit</b><br>Test class: DeliveryOption.Unfit</td>
<td></td>
<td>11</td>
<td>DeliveryOption.Unfit@126f7b2</td></tr>
</table><p>
</body>
</html>