<?xml version="1.0" encoding="UTF-8"?>
<!-- Generated by org.testng.reporters.JUnitXMLReporter -->
<testsuite hostname="EC2AMAZ-UMIME9S" ignored="0" name="DeliveryOption" tests="31" failures="2" timestamp="29 Jul 2019 15:10:15 GMT" time="338.811" errors="0">
  <testcase name="academicSubscription" time="13.35" classname="DeliveryOption.AcademicSubscription"/>
  <testcase name="accessUnderReview" time="8.448" classname="DeliveryOption.AccessUnderReview"/>
  <testcase name="AV_Media" time="11.733" classname="DeliveryOption.AV_Media"/>
  <testcase name="closedFoiReview" time="9.794" classname="DeliveryOption.ClosedFOIReview"/>
  <testcase name="closedRetainedDeptKnown" time="7.99" classname="DeliveryOption.ClosedRetainedDeptKnown"/>
  <testcase name="closedRetainedDeptUnKnown" time="7.949" classname="DeliveryOption.ClosedRetainedDeptUnKnown"/>
  <testcase name="collectionCare" time="11.103" classname="DeliveryOption.Collectioncare"/>
  <testcase name="digitizedAvailableButNotDownlodableAtItemLevel" time="8.274" classname="DeliveryOption.DigitizedAvailableButNotDownloadableAtItemLevel"/>
  <testcase name="digitizedAvailableButNotDownlodableAtPieceLevel" time="8.375" classname="DeliveryOption.DigitizedAvailableButNotDownloadableAtPieceLevel"/>
  <testcase name="digitizedDiscovery" time="15.958" classname="DeliveryOption.DigitizedDiscovery"/>
  <testcase name="digitizedDiscoveryForSurrogate" time="18.143" classname="DeliveryOption.DigitizedDiscoveryForSurrogate"/>
  <testcase name="digitizedLia" time="8.138" classname="DeliveryOption.DigitizedLia"/>
  <testcase name="digitizedOther" time="8.158" classname="DeliveryOption.DigitizedOther"/>
  <testcase name="digitizedPartiallyOpened" time="4.866" classname="DeliveryOption.DigitizedPartiallyOpened">
    <failure type="java.lang.AssertionError" message="expected [Download this record
Download size approximately 3 MB. Download format PDF
Download now] but found [Download this record
Some images within this record are not available because they contain medically sensitive information.
Download size approximately 3 MB. Download format PDF
Download now

More information]">
      <![CDATA[java.lang.AssertionError: expected [Download this record
Download size approximately 3 MB. Download format PDF
Download now] but found [Download this record
Some images within this record are not available because they contain medically sensitive information.
Download size approximately 3 MB. Download format PDF
Download now

More information]
at DeliveryOption.DigitizedPartiallyOpened.digitizedPartiallyOpened(DigitizedPartiallyOpened.java:39)
... Removed 31 stack frames]]>
    </failure>
  </testcase> <!-- digitizedPartiallyOpened -->
  <testcase name="displayAtMuseum" time="11.1" classname="DeliveryOption.DisplayAtMuseum"/>
  <testcase name="fileAuthority" time="13.398" classname="DeliveryOption.FileAuthority"/>
  <testcase name="govtWebArchive" time="7.979" classname="DeliveryOption.GovtWebArchive"/>
  <testcase name="inUse" time="14.605" classname="DeliveryOption.InUse"/>
  <testcase name="invigilationSafeRoom" time="34.342" classname="DeliveryOption.InvigilationSafeRoom">
    <failure type="org.openqa.selenium.NoSuchElementException" message="no such element: Unable to locate element: {&amp;quot;method&amp;quot;:&amp;quot;xpath&amp;quot;,&amp;quot;selector&amp;quot;:&amp;quot;(//a[@class=&amp;apos;discoveryPrimaryCallToActionLink&amp;apos;])[5]&amp;quot;}
  (Session info: chrome=75.0.3770.142)
  (Driver info: chromedriver=2.36.540470 (e522d04694c7ebea4ba8821272dbef4f9b818c91),platform=Windows NT 10.0.14393 x86_64) (WARNING: The server did not provide any stacktrace information)
Command duration or timeout: 0 milliseconds
For documentation on this error, please visit: http://seleniumhq.org/exceptions/no_such_element.html
Build info: version: &amp;apos;3.14.0&amp;apos;, revision: &amp;apos;aacccce0&amp;apos;, time: &amp;apos;2018-08-02T20:05:20.749Z&amp;apos;
System info: host: &amp;apos;EC2AMAZ-UMIME9S&amp;apos;, ip: &amp;apos;10.128.2.115&amp;apos;, os.name: &amp;apos;Windows Server 2016&amp;apos;, os.arch: &amp;apos;x86&amp;apos;, os.version: &amp;apos;10.0&amp;apos;, java.version: &amp;apos;1.8.0_201&amp;apos;
Driver info: org.openqa.selenium.chrome.ChromeDriver
Capabilities {acceptInsecureCerts: false, acceptSslCerts: false, applicationCacheEnabled: false, browserConnectionEnabled: false, browserName: chrome, chrome: {chromedriverVersion: 2.36.540470 (e522d04694c7eb..., userDataDir: C:\Users\ADMINI~1\AppData\L...}, cssSelectorsEnabled: true, databaseEnabled: false, handlesAlerts: true, hasTouchScreen: false, javascriptEnabled: true, locationContextEnabled: true, mobileEmulationEnabled: false, nativeEvents: true, networkConnectionEnabled: false, pageLoadStrategy: normal, platform: XP, platformName: XP, rotatable: false, setWindowRect: true, takesHeapSnapshot: true, takesScreenshot: true, unexpectedAlertBehaviour: , unhandledPromptBehavior: , version: 75.0.3770.142, webStorageEnabled: true}
Session ID: 5d056232848a854c965d567909e9d208
*** Element info: {Using=xpath, value=(//a[@class=&amp;apos;discoveryPrimaryCallToActionLink&amp;apos;])[5]}">
      <![CDATA[org.openqa.selenium.NoSuchElementException: no such element: Unable to locate element: {"method":"xpath","selector":"(//a[@class='discoveryPrimaryCallToActionLink'])[5]"}
  (Session info: chrome=75.0.3770.142)
  (Driver info: chromedriver=2.36.540470 (e522d04694c7ebea4ba8821272dbef4f9b818c91),platform=Windows NT 10.0.14393 x86_64) (WARNING: The server did not provide any stacktrace information)
Command duration or timeout: 0 milliseconds
For documentation on this error, please visit: http://seleniumhq.org/exceptions/no_such_element.html
Build info: version: '3.14.0', revision: 'aacccce0', time: '2018-08-02T20:05:20.749Z'
System info: host: 'EC2AMAZ-UMIME9S', ip: '10.128.2.115', os.name: 'Windows Server 2016', os.arch: 'x86', os.version: '10.0', java.version: '1.8.0_201'
Driver info: org.openqa.selenium.chrome.ChromeDriver
Capabilities {acceptInsecureCerts: false, acceptSslCerts: false, applicationCacheEnabled: false, browserConnectionEnabled: false, browserName: chrome, chrome: {chromedriverVersion: 2.36.540470 (e522d04694c7eb..., userDataDir: C:\Users\ADMINI~1\AppData\L...}, cssSelectorsEnabled: true, databaseEnabled: false, handlesAlerts: true, hasTouchScreen: false, javascriptEnabled: true, locationContextEnabled: true, mobileEmulationEnabled: false, nativeEvents: true, networkConnectionEnabled: false, pageLoadStrategy: normal, platform: XP, platformName: XP, rotatable: false, setWindowRect: true, takesHeapSnapshot: true, takesScreenshot: true, unexpectedAlertBehaviour: , unhandledPromptBehavior: , version: 75.0.3770.142, webStorageEnabled: true}
Session ID: 5d056232848a854c965d567909e9d208
*** Element info: {Using=xpath, value=(//a[@class='discoveryPrimaryCallToActionLink'])[5]}
at org.openqa.selenium.remote.ErrorHandler.createThrowable(ErrorHandler.java:214)
at org.openqa.selenium.remote.ErrorHandler.throwIfResponseFailed(ErrorHandler.java:166)
at org.openqa.selenium.remote.http.JsonHttpResponseCodec.reconstructValue(JsonHttpResponseCodec.java:40)
at org.openqa.selenium.remote.http.AbstractHttpResponseCodec.decode(AbstractHttpResponseCodec.java:80)
at org.openqa.selenium.remote.http.AbstractHttpResponseCodec.decode(AbstractHttpResponseCodec.java:44)
at org.openqa.selenium.remote.HttpCommandExecutor.execute(HttpCommandExecutor.java:158)
at org.openqa.selenium.remote.service.DriverCommandExecutor.execute(DriverCommandExecutor.java:83)
at org.openqa.selenium.remote.RemoteWebDriver.execute(RemoteWebDriver.java:548)
at org.openqa.selenium.remote.RemoteWebDriver.findElement(RemoteWebDriver.java:322)
at org.openqa.selenium.remote.RemoteWebDriver.findElementByXPath(RemoteWebDriver.java:424)
at DeliveryOption.InvigilationSafeRoom.invigilationSafeRoom(InvigilationSafeRoom.java:30)
... Removed 29 stack frames]]>
    </failure>
  </testcase> <!-- invigilationSafeRoom -->
  <testcase name="localArchive" time="8.198" classname="DeliveryOption.LocalArchive"/>
  <testcase name="missingLost" time="8.009" classname="DeliveryOption.MissingLost"/>
  <testcase name="mouldTreatment" time="11.368" classname="DeliveryOption.MouldTreatment"/>
  <testcase name="offsite" time="8.128" classname="DeliveryOption.Offsite"/>
  <testcase name="onloan" time="7.96" classname="DeliveryOption.Onloan"/>
  <testcase name="OrderOriginal" time="8.355" classname="DeliveryOption.OrderOriginal"/>
  <testcase name="paidSearch" time="10.317" classname="DeliveryOption.PaidSearch"/>
  <testcase name="surrogate" time="11.355" classname="DeliveryOption.Surrogate"/>
  <testcase name="tooLargeToCopyOriginal" time="8.156" classname="DeliveryOption.TooLargeToCopyOriginal"/>
  <testcase name="tooLargeToCopySurrogate" time="14.682" classname="DeliveryOption.TooLargeToCopySurrogate"/>
  <testcase name="unAvailable" time="7.138" classname="DeliveryOption.UnAvailable"/>
  <testcase name="unfit" time="11.356" classname="DeliveryOption.Unfit"/>
</testsuite> <!-- DeliveryOption -->
